<?xml version="1.0" encoding="UTF-8"?>
<!-- Generated by org.testng.reporters.JUnitXMLReporter -->
<testsuite ignored="0" hostname="Mridul" failures="1" tests="1" name="Default test" time="14.398" errors="0" timestamp="2024-08-07T13:46:11 IST">
  <testcase classname="agi.qa.airdoctor.tests.AirDoctorOrderFlowTest" name="placeOrder" time="2.443">
    <failure type="org.testng.internal.reflect.MethodMatcherException" message="
[public void agi.qa.airdoctor.tests.AirDoctorOrderFlowTest.placeOrder(org.testng.ITestContext,java.lang.String,java.lang.String,java.lang.String,java.lang.String,java.lang.String,java.lang.String,java.lang.String,java.lang.String,java.lang.String,java.lang.String,java.lang.String,java.lang.String,java.lang.String,java.lang.String,java.lang.String,java.lang.String,java.lang.String,java.lang.String) throws java.lang.InterruptedException,java.lang.Exception] has no parameters defined but was found to be using a data provider (either explicitly specified or inherited from class level annotation).
Data provider mismatch
Method: placeOrder([Parameter{index=0, type=org.testng.ITestContext, declaredAnnotations=[]}, Parameter{index=1, type=java.lang.String, declaredAnnotations=[]}, Parameter{index=2, type=java.lang.String, declaredAnnotations=[]}, Parameter{index=3, type=java.lang.String, declaredAnnotations=[]}, Parameter{index=4, type=java.lang.String, declaredAnnotations=[]}, Parameter{index=5, type=java.lang.String, declaredAnnotations=[]}, Parameter{index=6, type=java.lang.String, declaredAnnotations=[]}, Parameter{index=7, type=java.lang.String, declaredAnnotations=[]}, Parameter{index=8, type=java.lang.String, declaredAnnotations=[]}, Parameter{index=9, type=java.lang.String, declaredAnnotations=[]}, Parameter{index=10, type=java.lang.String, declaredAnnotations=[]}, Parameter{index=11, type=java.lang.String, declaredAnnotations=[]}, Parameter{index=12, type=java.lang.String, declaredAnnotations=[]}, Parameter{index=13, type=java.lang.String, declaredAnnotations=[]}, Parameter{index=14, type=java.lang.String, declaredAnnotations=[]}, Parameter{index=15, type=java.lang.String, declaredAnnotations=[]}, Parameter{index=16, type=java.lang.String, declaredAnnotations=[]}, Parameter{index=17, type=java.lang.String, declaredAnnotations=[]}, Parameter{index=18, type=java.lang.String, declaredAnnotations=[]}])
Arguments: [(java.lang.String) AD5500,(java.lang.String) 1.0,(java.lang.String) AD5500i,(java.lang.String) 2.0,(java.lang.String) ,(java.lang.String) gasftesting2@gmail.com,(java.lang.String) Mridul,(java.lang.String) Vashistha,(java.lang.String) 2100 Killebrew Dr,(java.lang.String) ,(java.lang.String) Bloomington,(java.lang.String) Minnesota,(java.lang.String) 55425,(java.lang.String) 8.3455666377E10,(java.lang.String) ,(java.lang.String) $629.00,(java.lang.String) Free Shipping,(java.lang.String) $65.79,(java.lang.String) $794.74]">
      <![CDATA[org.testng.internal.reflect.MethodMatcherException: 
[public void agi.qa.airdoctor.tests.AirDoctorOrderFlowTest.placeOrder(org.testng.ITestContext,java.lang.String,java.lang.String,java.lang.String,java.lang.String,java.lang.String,java.lang.String,java.lang.String,java.lang.String,java.lang.String,java.lang.String,java.lang.String,java.lang.String,java.lang.String,java.lang.String,java.lang.String,java.lang.String,java.lang.String,java.lang.String) throws java.lang.InterruptedException,java.lang.Exception] has no parameters defined but was found to be using a data provider (either explicitly specified or inherited from class level annotation).
Data provider mismatch
Method: placeOrder([Parameter{index=0, type=org.testng.ITestContext, declaredAnnotations=[]}, Parameter{index=1, type=java.lang.String, declaredAnnotations=[]}, Parameter{index=2, type=java.lang.String, declaredAnnotations=[]}, Parameter{index=3, type=java.lang.String, declaredAnnotations=[]}, Parameter{index=4, type=java.lang.String, declaredAnnotations=[]}, Parameter{index=5, type=java.lang.String, declaredAnnotations=[]}, Parameter{index=6, type=java.lang.String, declaredAnnotations=[]}, Parameter{index=7, type=java.lang.String, declaredAnnotations=[]}, Parameter{index=8, type=java.lang.String, declaredAnnotations=[]}, Parameter{index=9, type=java.lang.String, declaredAnnotations=[]}, Parameter{index=10, type=java.lang.String, declaredAnnotations=[]}, Parameter{index=11, type=java.lang.String, declaredAnnotations=[]}, Parameter{index=12, type=java.lang.String, declaredAnnotations=[]}, Parameter{index=13, type=java.lang.String, declaredAnnotations=[]}, Parameter{index=14, type=java.lang.String, declaredAnnotations=[]}, Parameter{index=15, type=java.lang.String, declaredAnnotations=[]}, Parameter{index=16, type=java.lang.String, declaredAnnotations=[]}, Parameter{index=17, type=java.lang.String, declaredAnnotations=[]}, Parameter{index=18, type=java.lang.String, declaredAnnotations=[]}])
Arguments: [(java.lang.String) AD5500,(java.lang.String) 1.0,(java.lang.String) AD5500i,(java.lang.String) 2.0,(java.lang.String) ,(java.lang.String) gasftesting2@gmail.com,(java.lang.String) Mridul,(java.lang.String) Vashistha,(java.lang.String) 2100 Killebrew Dr,(java.lang.String) ,(java.lang.String) Bloomington,(java.lang.String) Minnesota,(java.lang.String) 55425,(java.lang.String) 8.3455666377E10,(java.lang.String) ,(java.lang.String) $629.00,(java.lang.String) Free Shipping,(java.lang.String) $65.79,(java.lang.String) $794.74]
at org.testng.internal.reflect.DataProviderMethodMatcher.getConformingArguments(DataProviderMethodMatcher.java:43)
at org.testng.internal.Parameters.injectParameters(Parameters.java:925)
at org.testng.internal.MethodRunner.runInSequence(MethodRunner.java:34)
at org.testng.internal.TestInvoker$MethodInvocationAgent.invoke(TestInvoker.java:804)
at org.testng.internal.TestInvoker.invokeTestMethods(TestInvoker.java:145)
at org.testng.internal.TestMethodWorker.invokeTestMethods(TestMethodWorker.java:146)
at org.testng.internal.TestMethodWorker.run(TestMethodWorker.java:128)
at java.base/java.util.ArrayList.forEach(ArrayList.java:1511)
at org.testng.TestRunner.privateRun(TestRunner.java:770)
at org.testng.TestRunner.run(TestRunner.java:591)
at org.testng.SuiteRunner.runTest(SuiteRunner.java:402)
at org.testng.SuiteRunner.runSequentially(SuiteRunner.java:396)
at org.testng.SuiteRunner.privateRun(SuiteRunner.java:355)
at org.testng.SuiteRunner.run(SuiteRunner.java:304)
at org.testng.SuiteRunnerWorker.runSuite(SuiteRunnerWorker.java:53)
at org.testng.SuiteRunnerWorker.run(SuiteRunnerWorker.java:96)
at org.testng.TestNG.runSuitesSequentially(TestNG.java:1180)
at org.testng.TestNG.runSuitesLocally(TestNG.java:1102)
at org.testng.TestNG.runSuites(TestNG.java:1032)
at org.testng.TestNG.run(TestNG.java:1000)
at org.testng.remote.AbstractRemoteTestNG.run(AbstractRemoteTestNG.java:115)
at org.testng.remote.RemoteTestNG.initAndRun(RemoteTestNG.java:251)
at org.testng.remote.RemoteTestNG.main(RemoteTestNG.java:77)
]]>
    </failure>
  </testcase> <!-- placeOrder -->
</testsuite> <!-- Default test -->
