<!DOCTYPE html>

<html>
  <head>
  <meta charset='utf-8'>
  <title>TestNG reports</title>

    <link type="text/css" href="testng-reports.css" rel="stylesheet" />
    <script type="text/javascript" src="jquery-1.7.1.min.js"></script>
    <script type="text/javascript" src="testng-reports.js"></script>
    <script type="text/javascript" src="https://www.google.com/jsapi"></script>
    <script type='text/javascript'>
      google.load('visualization', '1', {packages:['table']});
      google.setOnLoadCallback(drawTable);
      var suiteTableInitFunctions = new Array();
      var suiteTableData = new Array();
    </script>
    <!--
      <script type="text/javascript" src="jquery-ui/js/jquery-ui-1.8.16.custom.min.js"></script>
     -->
  </head>

  <body>
    <div class="top-banner-root">
      <span class="top-banner-title-font">Test results</span>
      <br/>
      <span class="top-banner-font-1">1 suite, 38 failed tests</span>
    </div> <!-- top-banner-root -->
    <div class="navigator-root">
      <div class="navigator-suite-header">
        <span>All suites</span>
        <a href="#" title="Collapse/expand all the suites" class="collapse-all-link">
          <img src="collapseall.gif" class="collapse-all-icon">
          </img> <!-- collapse-all-icon -->
        </a> <!-- collapse-all-link -->
      </div> <!-- navigator-suite-header -->
      <div class="suite">
        <div class="rounded-window">
          <div class="suite-header light-rounded-window-top">
            <a href="#" panel-name="suite-Default_suite" class="navigator-link">
              <span class="suite-name border-failed">Default suite</span>
            </a> <!-- navigator-link -->
          </div> <!-- suite-header light-rounded-window-top -->
          <div class="navigator-suite-content">
            <div class="suite-section-title">
              <span>Info</span>
            </div> <!-- suite-section-title -->
            <div class="suite-section-content">
              <ul>
                <li>
                  <a href="#" panel-name="test-xml-Default_suite" class="navigator-link ">
                    <span>C:\Users\MridulVashistha\AppData\Local\Temp\testng-eclipse--1350537159\testng-customsuite.xml</span>
                  </a> <!-- navigator-link  -->
                </li>
                <li>
                  <a href="#" panel-name="testlist-Default_suite" class="navigator-link ">
                    <span class="test-stats">1 test</span>
                  </a> <!-- navigator-link  -->
                </li>
                <li>
                  <a href="#" panel-name="group-Default_suite" class="navigator-link ">
                    <span>0 groups</span>
                  </a> <!-- navigator-link  -->
                </li>
                <li>
                  <a href="#" panel-name="times-Default_suite" class="navigator-link ">
                    <span>Times</span>
                  </a> <!-- navigator-link  -->
                </li>
                <li>
                  <a href="#" panel-name="reporter-Default_suite" class="navigator-link ">
                    <span>Reporter output</span>
                  </a> <!-- navigator-link  -->
                </li>
                <li>
                  <a href="#" panel-name="ignored-methods-Default_suite" class="navigator-link ">
                    <span>Ignored methods</span>
                  </a> <!-- navigator-link  -->
                </li>
                <li>
                  <a href="#" panel-name="chronological-Default_suite" class="navigator-link ">
                    <span>Chronological view</span>
                  </a> <!-- navigator-link  -->
                </li>
              </ul>
            </div> <!-- suite-section-content -->
            <div class="result-section">
              <div class="suite-section-title">
                <span>Results</span>
              </div> <!-- suite-section-title -->
              <div class="suite-section-content">
                <ul>
                  <li>
                    <span class="method-stats">38 methods, 38 failed,   </span>
                  </li>
                  <li>
                    <span class="method-list-title failed">Failed methods</span>
                    <span class="show-or-hide-methods failed">
                      <a href="#" panel-name="suite-Default_suite" class="hide-methods failed suite-Default_suite"> (hide)</a> <!-- hide-methods failed suite-Default_suite -->
                      <a href="#" panel-name="suite-Default_suite" class="show-methods failed suite-Default_suite"> (show)</a> <!-- show-methods failed suite-Default_suite -->
                    </span>
                    <div class="method-list-content failed suite-Default_suite">
                      <span>
                        <img src="failed.png" width="3%"/>
                        <a href="#" panel-name="suite-Default_suite" title="agi.qa.airdoctor.tests.ADFiltersOrderFlowTest" class="method navigator-link" hash-for-method="placeOrder(org.testng.TestRunner@493489dd, AD5500filtercombo, 2, gasftesting2@gmail.com, Mridul, Vashistha, 102...)">placeOrder(org.testng.TestRunner@493489dd, AD5500filtercombo, 2, gasftesting2@gmail.com, Mridul, Vashistha, 102...)</a> <!-- method navigator-link -->
                      </span>
                      <br/>
                      <span>
                        <img src="failed.png" width="3%"/>
                        <a href="#" panel-name="suite-Default_suite" title="agi.qa.airdoctor.tests.ADFiltersOrderFlowTest" class="method navigator-link" hash-for-method="placeOrder(org.testng.TestRunner@493489dd, AD3500carbonreplacementfilter, 2, gasftesting2@gmail.com, Mridul, Va...)">placeOrder(org.testng.TestRunner@493489dd, AD3500carbonreplacementfilter, 2, gasftesting2@gmail.com, Mridul, Va...)</a> <!-- method navigator-link -->
                      </span>
                      <br/>
                      <span>
                        <img src="failed.png" width="3%"/>
                        <a href="#" panel-name="suite-Default_suite" title="agi.qa.airdoctor.tests.ADFiltersOrderFlowTest" class="method navigator-link" hash-for-method="placeOrder(org.testng.TestRunner@493489dd, AD1000filter, 1, gasftesting2@gmail.com, Mridul, Vashistha, 175 Hutc...)">placeOrder(org.testng.TestRunner@493489dd, AD1000filter, 1, gasftesting2@gmail.com, Mridul, Vashistha, 175 Hutc...)</a> <!-- method navigator-link -->
                      </span>
                      <br/>
                      <span>
                        <img src="failed.png" width="3%"/>
                        <a href="#" panel-name="suite-Default_suite" title="agi.qa.airdoctor.tests.ADFiltersOrderFlowTest" class="method navigator-link" hash-for-method="placeOrder(org.testng.TestRunner@493489dd, AD3500filtercombo, 1, gasftesting2@gmail.com, Mridul, Vashistha, 100...)">placeOrder(org.testng.TestRunner@493489dd, AD3500filtercombo, 1, gasftesting2@gmail.com, Mridul, Vashistha, 100...)</a> <!-- method navigator-link -->
                      </span>
                      <br/>
                      <span>
                        <img src="failed.png" width="3%"/>
                        <a href="#" panel-name="suite-Default_suite" title="agi.qa.airdoctor.tests.ADFiltersOrderFlowTest" class="method navigator-link" hash-for-method="placeOrder(org.testng.TestRunner@493489dd, AD2000prereplacementfilter, 3, gasftesting2@gmail.com, Mridul, Vashi...)">placeOrder(org.testng.TestRunner@493489dd, AD2000prereplacementfilter, 3, gasftesting2@gmail.com, Mridul, Vashi...)</a> <!-- method navigator-link -->
                      </span>
                      <br/>
                      <span>
                        <img src="failed.png" width="3%"/>
                        <a href="#" panel-name="suite-Default_suite" title="agi.qa.airdoctor.tests.ADFiltersOrderFlowTest" class="method navigator-link" hash-for-method="placeOrder(org.testng.TestRunner@493489dd, AD1000filter, 1, gasftesting2@gmail.com, Mridul, Vashistha, 3423 Per...)">placeOrder(org.testng.TestRunner@493489dd, AD1000filter, 1, gasftesting2@gmail.com, Mridul, Vashistha, 3423 Per...)</a> <!-- method navigator-link -->
                      </span>
                      <br/>
                      <span>
                        <img src="failed.png" width="3%"/>
                        <a href="#" panel-name="suite-Default_suite" title="agi.qa.airdoctor.tests.ADFiltersOrderFlowTest" class="method navigator-link" hash-for-method="placeOrder(org.testng.TestRunner@493489dd, AD3500prereplacementfilter, 1, gasftesting2@gmail.com, Mridul, Vashi...)">placeOrder(org.testng.TestRunner@493489dd, AD3500prereplacementfilter, 1, gasftesting2@gmail.com, Mridul, Vashi...)</a> <!-- method navigator-link -->
                      </span>
                      <br/>
                      <span>
                        <img src="failed.png" width="3%"/>
                        <a href="#" panel-name="suite-Default_suite" title="agi.qa.airdoctor.tests.ADFiltersOrderFlowTest" class="method navigator-link" hash-for-method="placeOrder(org.testng.TestRunner@493489dd, AD3500prereplacementfilter, 1, gasftesting2@gmail.com, Mridul, Vashi...)">placeOrder(org.testng.TestRunner@493489dd, AD3500prereplacementfilter, 1, gasftesting2@gmail.com, Mridul, Vashi...)</a> <!-- method navigator-link -->
                      </span>
                      <br/>
                      <span>
                        <img src="failed.png" width="3%"/>
                        <a href="#" panel-name="suite-Default_suite" title="agi.qa.airdoctor.tests.ADFiltersOrderFlowTest" class="method navigator-link" hash-for-method="placeOrder(org.testng.TestRunner@493489dd, AD3500hepafilter, 2, gasftesting2@gmail.com, Mridul, Vashistha, 1416...)">placeOrder(org.testng.TestRunner@493489dd, AD3500hepafilter, 2, gasftesting2@gmail.com, Mridul, Vashistha, 1416...)</a> <!-- method navigator-link -->
                      </span>
                      <br/>
                      <span>
                        <img src="failed.png" width="3%"/>
                        <a href="#" panel-name="suite-Default_suite" title="agi.qa.airdoctor.tests.ADFiltersOrderFlowTest" class="method navigator-link" hash-for-method="placeOrder(org.testng.TestRunner@493489dd, AD5500prereplacementfilter, 2, gasftesting2@gmail.com, Mridul, Vashi...)">placeOrder(org.testng.TestRunner@493489dd, AD5500prereplacementfilter, 2, gasftesting2@gmail.com, Mridul, Vashi...)</a> <!-- method navigator-link -->
                      </span>
                      <br/>
                      <span>
                        <img src="failed.png" width="3%"/>
                        <a href="#" panel-name="suite-Default_suite" title="agi.qa.airdoctor.tests.ADFiltersOrderFlowTest" class="method navigator-link" hash-for-method="placeOrder(org.testng.TestRunner@493489dd, AD3500hepafilter, 1, gasftesting2@gmail.com, Mridul, Vashistha, 8787...)">placeOrder(org.testng.TestRunner@493489dd, AD3500hepafilter, 1, gasftesting2@gmail.com, Mridul, Vashistha, 8787...)</a> <!-- method navigator-link -->
                      </span>
                      <br/>
                      <span>
                        <img src="failed.png" width="3%"/>
                        <a href="#" panel-name="suite-Default_suite" title="agi.qa.airdoctor.tests.ADFiltersOrderFlowTest" class="method navigator-link" hash-for-method="placeOrder(org.testng.TestRunner@493489dd, AD2000hepafilter, 1, gasftesting2@gmail.com, Mridul, Vashistha, 300 ...)">placeOrder(org.testng.TestRunner@493489dd, AD2000hepafilter, 1, gasftesting2@gmail.com, Mridul, Vashistha, 300 ...)</a> <!-- method navigator-link -->
                      </span>
                      <br/>
                      <span>
                        <img src="failed.png" width="3%"/>
                        <a href="#" panel-name="suite-Default_suite" title="agi.qa.airdoctor.tests.ADFiltersOrderFlowTest" class="method navigator-link" hash-for-method="placeOrder(org.testng.TestRunner@493489dd, AD1000filter, 1, gasftesting2@gmail.com, Mridul, Vashistha, 3333 13t...)">placeOrder(org.testng.TestRunner@493489dd, AD1000filter, 1, gasftesting2@gmail.com, Mridul, Vashistha, 3333 13t...)</a> <!-- method navigator-link -->
                      </span>
                      <br/>
                      <span>
                        <img src="failed.png" width="3%"/>
                        <a href="#" panel-name="suite-Default_suite" title="agi.qa.airdoctor.tests.ADFiltersOrderFlowTest" class="method navigator-link" hash-for-method="placeOrder(org.testng.TestRunner@493489dd, AD2000filtercombo, 1, gasftesting2@gmail.com, Mridul, Vashistha, 870...)">placeOrder(org.testng.TestRunner@493489dd, AD2000filtercombo, 1, gasftesting2@gmail.com, Mridul, Vashistha, 870...)</a> <!-- method navigator-link -->
                      </span>
                      <br/>
                      <span>
                        <img src="failed.png" width="3%"/>
                        <a href="#" panel-name="suite-Default_suite" title="agi.qa.airdoctor.tests.ADFiltersOrderFlowTest" class="method navigator-link" hash-for-method="placeOrder(org.testng.TestRunner@493489dd, AD1000filter, 1, gasftesting2@gmail.com, Mridul, Vashistha, 1416 N E...)">placeOrder(org.testng.TestRunner@493489dd, AD1000filter, 1, gasftesting2@gmail.com, Mridul, Vashistha, 1416 N E...)</a> <!-- method navigator-link -->
                      </span>
                      <br/>
                      <span>
                        <img src="failed.png" width="3%"/>
                        <a href="#" panel-name="suite-Default_suite" title="agi.qa.airdoctor.tests.ADFiltersOrderFlowTest" class="method navigator-link" hash-for-method="placeOrder(org.testng.TestRunner@493489dd, AD1000filter, 1, gasftesting2@gmail.com, Mridul, Vashistha, 4 Tower ...)">placeOrder(org.testng.TestRunner@493489dd, AD1000filter, 1, gasftesting2@gmail.com, Mridul, Vashistha, 4 Tower ...)</a> <!-- method navigator-link -->
                      </span>
                      <br/>
                      <span>
                        <img src="failed.png" width="3%"/>
                        <a href="#" panel-name="suite-Default_suite" title="agi.qa.airdoctor.tests.ADFiltersOrderFlowTest" class="method navigator-link" hash-for-method="placeOrder(org.testng.TestRunner@493489dd, AD5500hepafilter, 1, gasftesting2@gmail.com, Mridul, Vashistha, 424 ...)">placeOrder(org.testng.TestRunner@493489dd, AD5500hepafilter, 1, gasftesting2@gmail.com, Mridul, Vashistha, 424 ...)</a> <!-- method navigator-link -->
                      </span>
                      <br/>
                      <span>
                        <img src="failed.png" width="3%"/>
                        <a href="#" panel-name="suite-Default_suite" title="agi.qa.airdoctor.tests.ADFiltersOrderFlowTest" class="method navigator-link" hash-for-method="placeOrder(org.testng.TestRunner@493489dd, AD5500carbonreplacementfilter, 3, gasftesting2@gmail.com, Mridul, Va...)">placeOrder(org.testng.TestRunner@493489dd, AD5500carbonreplacementfilter, 3, gasftesting2@gmail.com, Mridul, Va...)</a> <!-- method navigator-link -->
                      </span>
                      <br/>
                      <span>
                        <img src="failed.png" width="3%"/>
                        <a href="#" panel-name="suite-Default_suite" title="agi.qa.airdoctor.tests.ADFiltersOrderFlowTest" class="method navigator-link" hash-for-method="placeOrder(org.testng.TestRunner@493489dd, AD5500prereplacementfilter, 1, gasftesting2@gmail.com, Mridul, Vashi...)">placeOrder(org.testng.TestRunner@493489dd, AD5500prereplacementfilter, 1, gasftesting2@gmail.com, Mridul, Vashi...)</a> <!-- method navigator-link -->
                      </span>
                      <br/>
                      <span>
                        <img src="failed.png" width="3%"/>
                        <a href="#" panel-name="suite-Default_suite" title="agi.qa.airdoctor.tests.ADFiltersOrderFlowTest" class="method navigator-link" hash-for-method="placeOrder(org.testng.TestRunner@493489dd, AD2000carbonreplacementfilter, 1, gasftesting2@gmail.com, Mridul, Va...)">placeOrder(org.testng.TestRunner@493489dd, AD2000carbonreplacementfilter, 1, gasftesting2@gmail.com, Mridul, Va...)</a> <!-- method navigator-link -->
                      </span>
                      <br/>
                      <span>
                        <img src="failed.png" width="3%"/>
                        <a href="#" panel-name="suite-Default_suite" title="agi.qa.airdoctor.tests.ADFiltersOrderFlowTest" class="method navigator-link" hash-for-method="placeOrder(org.testng.TestRunner@493489dd, AD3500carbonreplacementfilter, 1, gasftesting2@gmail.com, Mridul, Va...)">placeOrder(org.testng.TestRunner@493489dd, AD3500carbonreplacementfilter, 1, gasftesting2@gmail.com, Mridul, Va...)</a> <!-- method navigator-link -->
                      </span>
                      <br/>
                      <span>
                        <img src="failed.png" width="3%"/>
                        <a href="#" panel-name="suite-Default_suite" title="agi.qa.airdoctor.tests.ADFiltersOrderFlowTest" class="method navigator-link" hash-for-method="placeOrder(org.testng.TestRunner@493489dd, AD1000filter, 2, gasftesting2@gmail.com, Mridul, Vashistha, 8000 Jon...)">placeOrder(org.testng.TestRunner@493489dd, AD1000filter, 2, gasftesting2@gmail.com, Mridul, Vashistha, 8000 Jon...)</a> <!-- method navigator-link -->
                      </span>
                      <br/>
                      <span>
                        <img src="failed.png" width="3%"/>
                        <a href="#" panel-name="suite-Default_suite" title="agi.qa.airdoctor.tests.ADFiltersOrderFlowTest" class="method navigator-link" hash-for-method="placeOrder(org.testng.TestRunner@493489dd, AD5500carbonreplacementfilter, 1, gasftesting2@gmail.com, Mridul, Va...)">placeOrder(org.testng.TestRunner@493489dd, AD5500carbonreplacementfilter, 1, gasftesting2@gmail.com, Mridul, Va...)</a> <!-- method navigator-link -->
                      </span>
                      <br/>
                      <span>
                        <img src="failed.png" width="3%"/>
                        <a href="#" panel-name="suite-Default_suite" title="agi.qa.airdoctor.tests.ADFiltersOrderFlowTest" class="method navigator-link" hash-for-method="placeOrder(org.testng.TestRunner@493489dd, AD1000filter, 3, gasftesting2@gmail.com, Mridul, Vashistha, 175 Hutc...)">placeOrder(org.testng.TestRunner@493489dd, AD1000filter, 3, gasftesting2@gmail.com, Mridul, Vashistha, 175 Hutc...)</a> <!-- method navigator-link -->
                      </span>
                      <br/>
                      <span>
                        <img src="failed.png" width="3%"/>
                        <a href="#" panel-name="suite-Default_suite" title="agi.qa.airdoctor.tests.ADFiltersOrderFlowTest" class="method navigator-link" hash-for-method="placeOrder(org.testng.TestRunner@493489dd, AD1000filter, 1, gasftesting2@gmail.com, Mridul, Vashistha, 8000 Jon...)">placeOrder(org.testng.TestRunner@493489dd, AD1000filter, 1, gasftesting2@gmail.com, Mridul, Vashistha, 8000 Jon...)</a> <!-- method navigator-link -->
                      </span>
                      <br/>
                      <span>
                        <img src="failed.png" width="3%"/>
                        <a href="#" panel-name="suite-Default_suite" title="agi.qa.airdoctor.tests.ADFiltersOrderFlowTest" class="method navigator-link" hash-for-method="placeOrder(org.testng.TestRunner@493489dd, AD3500carbonreplacementfilter, 1, gasftesting2@gmail.com, Mridul, Va...)">placeOrder(org.testng.TestRunner@493489dd, AD3500carbonreplacementfilter, 1, gasftesting2@gmail.com, Mridul, Va...)</a> <!-- method navigator-link -->
                      </span>
                      <br/>
                      <span>
                        <img src="failed.png" width="3%"/>
                        <a href="#" panel-name="suite-Default_suite" title="agi.qa.airdoctor.tests.ADFiltersOrderFlowTest" class="method navigator-link" hash-for-method="placeOrder(org.testng.TestRunner@493489dd, AD2000filtercombo, 1, gasftesting2@gmail.com, Mridul, Vashistha, 150...)">placeOrder(org.testng.TestRunner@493489dd, AD2000filtercombo, 1, gasftesting2@gmail.com, Mridul, Vashistha, 150...)</a> <!-- method navigator-link -->
                      </span>
                      <br/>
                      <span>
                        <img src="failed.png" width="3%"/>
                        <a href="#" panel-name="suite-Default_suite" title="agi.qa.airdoctor.tests.ADFiltersOrderFlowTest" class="method navigator-link" hash-for-method="placeOrder(org.testng.TestRunner@493489dd, AD3500prereplacementfilter, 1, gasftesting2@gmail.com, Mridul, Vashi...)">placeOrder(org.testng.TestRunner@493489dd, AD3500prereplacementfilter, 1, gasftesting2@gmail.com, Mridul, Vashi...)</a> <!-- method navigator-link -->
                      </span>
                      <br/>
                      <span>
                        <img src="failed.png" width="3%"/>
                        <a href="#" panel-name="suite-Default_suite" title="agi.qa.airdoctor.tests.ADFiltersOrderFlowTest" class="method navigator-link" hash-for-method="placeOrder(org.testng.TestRunner@493489dd, AD5500prereplacementfilter, 1, gasftesting2@gmail.com, Mridul, Vashi...)">placeOrder(org.testng.TestRunner@493489dd, AD5500prereplacementfilter, 1, gasftesting2@gmail.com, Mridul, Vashi...)</a> <!-- method navigator-link -->
                      </span>
                      <br/>
                      <span>
                        <img src="failed.png" width="3%"/>
                        <a href="#" panel-name="suite-Default_suite" title="agi.qa.airdoctor.tests.ADFiltersOrderFlowTest" class="method navigator-link" hash-for-method="placeOrder(org.testng.TestRunner@493489dd, AD5500prereplacementfilter, 1, gasftesting2@gmail.com, Mridul, Vashi...)">placeOrder(org.testng.TestRunner@493489dd, AD5500prereplacementfilter, 1, gasftesting2@gmail.com, Mridul, Vashi...)</a> <!-- method navigator-link -->
                      </span>
                      <br/>
                      <span>
                        <img src="failed.png" width="3%"/>
                        <a href="#" panel-name="suite-Default_suite" title="agi.qa.airdoctor.tests.ADFiltersOrderFlowTest" class="method navigator-link" hash-for-method="placeOrder(org.testng.TestRunner@493489dd, AD1000filter, 1, gasftesting2@gmail.com, Mridul, Vashistha, 5353 N 2...)">placeOrder(org.testng.TestRunner@493489dd, AD1000filter, 1, gasftesting2@gmail.com, Mridul, Vashistha, 5353 N 2...)</a> <!-- method navigator-link -->
                      </span>
                      <br/>
                      <span>
                        <img src="failed.png" width="3%"/>
                        <a href="#" panel-name="suite-Default_suite" title="agi.qa.airdoctor.tests.ADFiltersOrderFlowTest" class="method navigator-link" hash-for-method="placeOrder(org.testng.TestRunner@493489dd, AD2000filtercombo, 2, gasftesting2@gmail.com, Mridul, Vashistha, 800...)">placeOrder(org.testng.TestRunner@493489dd, AD2000filtercombo, 2, gasftesting2@gmail.com, Mridul, Vashistha, 800...)</a> <!-- method navigator-link -->
                      </span>
                      <br/>
                      <span>
                        <img src="failed.png" width="3%"/>
                        <a href="#" panel-name="suite-Default_suite" title="agi.qa.airdoctor.tests.ADFiltersOrderFlowTest" class="method navigator-link" hash-for-method="placeOrder(org.testng.TestRunner@493489dd, AD3500filtercombo, 1, gasftesting2@gmail.com, Mridul, Vashistha, 200...)">placeOrder(org.testng.TestRunner@493489dd, AD3500filtercombo, 1, gasftesting2@gmail.com, Mridul, Vashistha, 200...)</a> <!-- method navigator-link -->
                      </span>
                      <br/>
                      <span>
                        <img src="failed.png" width="3%"/>
                        <a href="#" panel-name="suite-Default_suite" title="agi.qa.airdoctor.tests.ADFiltersOrderFlowTest" class="method navigator-link" hash-for-method="placeOrder(org.testng.TestRunner@493489dd, AD1000filter, 3, gasftesting2@gmail.com, Mridul, Vashistha, 11 Dorra...)">placeOrder(org.testng.TestRunner@493489dd, AD1000filter, 3, gasftesting2@gmail.com, Mridul, Vashistha, 11 Dorra...)</a> <!-- method navigator-link -->
                      </span>
                      <br/>
                      <span>
                        <img src="failed.png" width="3%"/>
                        <a href="#" panel-name="suite-Default_suite" title="agi.qa.airdoctor.tests.ADFiltersOrderFlowTest" class="method navigator-link" hash-for-method="placeOrder(org.testng.TestRunner@493489dd, AD3500hepafilter, 1, gasftesting2@gmail.com, Mridul, Vashistha, 3333...)">placeOrder(org.testng.TestRunner@493489dd, AD3500hepafilter, 1, gasftesting2@gmail.com, Mridul, Vashistha, 3333...)</a> <!-- method navigator-link -->
                      </span>
                      <br/>
                      <span>
                        <img src="failed.png" width="3%"/>
                        <a href="#" panel-name="suite-Default_suite" title="agi.qa.airdoctor.tests.ADFiltersOrderFlowTest" class="method navigator-link" hash-for-method="placeOrder(org.testng.TestRunner@493489dd, AD2000filtercombo, 1, gasftesting2@gmail.com, Mridul, Vashistha, 11 ...)">placeOrder(org.testng.TestRunner@493489dd, AD2000filtercombo, 1, gasftesting2@gmail.com, Mridul, Vashistha, 11 ...)</a> <!-- method navigator-link -->
                      </span>
                      <br/>
                      <span>
                        <img src="failed.png" width="3%"/>
                        <a href="#" panel-name="suite-Default_suite" title="agi.qa.airdoctor.tests.ADFiltersOrderFlowTest" class="method navigator-link" hash-for-method="placeOrder(org.testng.TestRunner@493489dd, AD1000filter, 1, gasftesting2@gmail.com, Mridul, Vashistha, 11 Dorra...)">placeOrder(org.testng.TestRunner@493489dd, AD1000filter, 1, gasftesting2@gmail.com, Mridul, Vashistha, 11 Dorra...)</a> <!-- method navigator-link -->
                      </span>
                      <br/>
                      <span>
                        <img src="failed.png" width="3%"/>
                        <a href="#" panel-name="suite-Default_suite" title="agi.qa.airdoctor.tests.ADFiltersOrderFlowTest" class="method navigator-link" hash-for-method="placeOrder(org.testng.TestRunner@493489dd, AD2000filtercombo, 1, gasftesting2@gmail.com, Mridul, Vashistha, 800...)">placeOrder(org.testng.TestRunner@493489dd, AD2000filtercombo, 1, gasftesting2@gmail.com, Mridul, Vashistha, 800...)</a> <!-- method navigator-link -->
                      </span>
                      <br/>
                    </div> <!-- method-list-content failed suite-Default_suite -->
                  </li>
                </ul>
              </div> <!-- suite-section-content -->
            </div> <!-- result-section -->
          </div> <!-- navigator-suite-content -->
        </div> <!-- rounded-window -->
      </div> <!-- suite -->
    </div> <!-- navigator-root -->
    <div class="wrapper">
      <div class="main-panel-root">
        <div panel-name="suite-Default_suite" class="panel Default_suite">
          <div class="suite-Default_suite-class-failed">
            <div class="main-panel-header rounded-window-top">
              <img src="failed.png"/>
              <span class="class-name">agi.qa.airdoctor.tests.ADFiltersOrderFlowTest</span>
            </div> <!-- main-panel-header rounded-window-top -->
            <div class="main-panel-content rounded-window-bottom">
              <div class="method">
                <div class="method-content">
                  <a name="placeOrder(org.testng.TestRunner@493489dd, AD5500filtercombo, 2, gasftesting2@gmail.com, Mridul, Vashistha, 102...)">
                  </a> <!-- placeOrder(org.testng.TestRunner@493489dd, AD5500filtercombo, 2, gasftesting2@gmail.com, Mridul, Vashistha, 102...) -->
                  <span class="method-name">placeOrder</span>
                  <span class="parameters">(org.testng.TestRunner@493489dd, AD5500filtercombo, 2, gasftesting2@gmail.com, Mridul, Vashistha, 102 Lake St, , Shreveport, Louisiana, 71101, 83455666377, , $377.40, $29.95, $54.53, $833.48, $377.40, $29.95, $54.53, $833.48)</span>
                  <div class="stack-trace">java.lang.NullPointerException: Cannot invoke &quot;org.openqa.selenium.WebElement.clear()&quot; because the return value of &quot;agi.qa.airdoctor.utils.ElementUtil.getElement(org.openqa.selenium.By)&quot; is null
	at agi.qa.airdoctor.utils.ElementUtil.doSendKeys(ElementUtil.java:113)
	at agi.qa.airdoctor.pages.ADFiltersOrderFlowPage.checkout(ADFiltersOrderFlowPage.java:779)
	at agi.qa.airdoctor.tests.ADFiltersOrderFlowTest.placeOrder(ADFiltersOrderFlowTest.java:49)
	at jdk.internal.reflect.GeneratedMethodAccessor34.invoke(Unknown Source)
	at java.base/jdk.internal.reflect.DelegatingMethodAccessorImpl.invoke(DelegatingMethodAccessorImpl.java:43)
	at java.base/java.lang.reflect.Method.invoke(Method.java:568)
	at org.testng.internal.MethodInvocationHelper.invokeMethod(MethodInvocationHelper.java:133)
	at org.testng.internal.TestInvoker.invokeMethod(TestInvoker.java:584)
	at org.testng.internal.TestInvoker.invokeTestMethod(TestInvoker.java:172)
	at org.testng.internal.MethodRunner.runInSequence(MethodRunner.java:46)
	at org.testng.internal.TestInvoker$MethodInvocationAgent.invoke(TestInvoker.java:804)
	at org.testng.internal.TestInvoker.invokeTestMethods(TestInvoker.java:145)
	at org.testng.internal.TestMethodWorker.invokeTestMethods(TestMethodWorker.java:146)
	at org.testng.internal.TestMethodWorker.run(TestMethodWorker.java:128)
	at java.base/java.util.ArrayList.forEach(ArrayList.java:1511)
	at org.testng.TestRunner.privateRun(TestRunner.java:770)
	at org.testng.TestRunner.run(TestRunner.java:591)
	at org.testng.SuiteRunner.runTest(SuiteRunner.java:402)
	at org.testng.SuiteRunner.runSequentially(SuiteRunner.java:396)
	at org.testng.SuiteRunner.privateRun(SuiteRunner.java:355)
	at org.testng.SuiteRunner.run(SuiteRunner.java:304)
	at org.testng.SuiteRunnerWorker.runSuite(SuiteRunnerWorker.java:53)
	at org.testng.SuiteRunnerWorker.run(SuiteRunnerWorker.java:96)
	at org.testng.TestNG.runSuitesSequentially(TestNG.java:1180)
	at org.testng.TestNG.runSuitesLocally(TestNG.java:1102)
	at org.testng.TestNG.runSuites(TestNG.java:1032)
	at org.testng.TestNG.run(TestNG.java:1000)
	at org.testng.remote.AbstractRemoteTestNG.run(AbstractRemoteTestNG.java:115)
	at org.testng.remote.RemoteTestNG.initAndRun(RemoteTestNG.java:251)
	at org.testng.remote.RemoteTestNG.main(RemoteTestNG.java:77)

</div> <!-- stack-trace -->
                </div> <!-- method-content -->
              </div> <!-- method -->
              <div class="method">
                <div class="method-content">
                  <a name="placeOrder(org.testng.TestRunner@493489dd, AD3500carbonreplacementfilter, 2, gasftesting2@gmail.com, Mridul, Va...)">
                  </a> <!-- placeOrder(org.testng.TestRunner@493489dd, AD3500carbonreplacementfilter, 2, gasftesting2@gmail.com, Mridul, Va...) -->
                  <span class="method-name">placeOrder</span>
                  <span class="parameters">(org.testng.TestRunner@493489dd, AD3500carbonreplacementfilter, 2, gasftesting2@gmail.com, Mridul, Vashistha, 3423 Percy Priest Dr, , Nashville, Tennessee, 37214, 83455666377, , $377.40, $29.95, $54.53, $833.48, $377.40, $29.95, $54.53, $833.48)</span>
                  <div class="stack-trace">java.lang.AssertionError: The following asserts failed:
	expected [$377.40] but found [$107.92],
	expected [$29.95] but found [$19.90],
	expected [$54.53] but found [$11.82],
	expected [$833.48] but found [$139.64],
	expected [$377.40] but found [$107.92],
	expected [$29.95] but found [$19.90],
	expected [$54.53] but found [$11.82],
	expected [$833.48] but found [$139.64]
	at org.testng.asserts.SoftAssert.assertAll(SoftAssert.java:47)
	at org.testng.asserts.SoftAssert.assertAll(SoftAssert.java:31)
	at agi.qa.airdoctor.tests.ADFiltersOrderFlowTest.placeOrder(ADFiltersOrderFlowTest.java:77)
	at java.base/jdk.internal.reflect.NativeMethodAccessorImpl.invoke0(Native Method)
	at java.base/jdk.internal.reflect.NativeMethodAccessorImpl.invoke(NativeMethodAccessorImpl.java:77)
	at java.base/jdk.internal.reflect.DelegatingMethodAccessorImpl.invoke(DelegatingMethodAccessorImpl.java:43)
	at java.base/java.lang.reflect.Method.invoke(Method.java:568)
	at org.testng.internal.MethodInvocationHelper.invokeMethod(MethodInvocationHelper.java:133)
	at org.testng.internal.TestInvoker.invokeMethod(TestInvoker.java:584)
	at org.testng.internal.TestInvoker.invokeTestMethod(TestInvoker.java:172)
	at org.testng.internal.MethodRunner.runInSequence(MethodRunner.java:46)
	at org.testng.internal.TestInvoker$MethodInvocationAgent.invoke(TestInvoker.java:804)
	at org.testng.internal.TestInvoker.invokeTestMethods(TestInvoker.java:145)
	at org.testng.internal.TestMethodWorker.invokeTestMethods(TestMethodWorker.java:146)
	at org.testng.internal.TestMethodWorker.run(TestMethodWorker.java:128)
	at java.base/java.util.ArrayList.forEach(ArrayList.java:1511)
	at org.testng.TestRunner.privateRun(TestRunner.java:770)
	at org.testng.TestRunner.run(TestRunner.java:591)
	at org.testng.SuiteRunner.runTest(SuiteRunner.java:402)
	at org.testng.SuiteRunner.runSequentially(SuiteRunner.java:396)
	at org.testng.SuiteRunner.privateRun(SuiteRunner.java:355)
	at org.testng.SuiteRunner.run(SuiteRunner.java:304)
	at org.testng.SuiteRunnerWorker.runSuite(SuiteRunnerWorker.java:53)
	at org.testng.SuiteRunnerWorker.run(SuiteRunnerWorker.java:96)
	at org.testng.TestNG.runSuitesSequentially(TestNG.java:1180)
	at org.testng.TestNG.runSuitesLocally(TestNG.java:1102)
	at org.testng.TestNG.runSuites(TestNG.java:1032)
	at org.testng.TestNG.run(TestNG.java:1000)
	at org.testng.remote.AbstractRemoteTestNG.run(AbstractRemoteTestNG.java:115)
	at org.testng.remote.RemoteTestNG.initAndRun(RemoteTestNG.java:251)
	at org.testng.remote.RemoteTestNG.main(RemoteTestNG.java:77)

</div> <!-- stack-trace -->
                </div> <!-- method-content -->
              </div> <!-- method -->
              <div class="method">
                <div class="method-content">
                  <a name="placeOrder(org.testng.TestRunner@493489dd, AD1000filter, 1, gasftesting2@gmail.com, Mridul, Vashistha, 175 Hutc...)">
                  </a> <!-- placeOrder(org.testng.TestRunner@493489dd, AD1000filter, 1, gasftesting2@gmail.com, Mridul, Vashistha, 175 Hutc...) -->
                  <span class="method-name">placeOrder</span>
                  <span class="parameters">(org.testng.TestRunner@493489dd, AD1000filter, 1, gasftesting2@gmail.com, Mridul, Vashistha, 175 Hutchinson Ave, , Columbus, Ohio, 43235, 83455666377, , $152.99, $9.95, $13.16, $176.39, $152.99, $9.95, $13.16, $176.39)</span>
                  <div class="stack-trace">java.lang.AssertionError: The following asserts failed:
	expected [$152.99] but found [$71.99],
	expected [$13.16] but found [$0.74],
	expected [$176.39] but found [$82.68],
	expected [$152.99] but found [$71.99],
	expected [$13.16] but found [$0.74],
	expected [$176.39] but found [$82.68]
	at org.testng.asserts.SoftAssert.assertAll(SoftAssert.java:47)
	at org.testng.asserts.SoftAssert.assertAll(SoftAssert.java:31)
	at agi.qa.airdoctor.tests.ADFiltersOrderFlowTest.placeOrder(ADFiltersOrderFlowTest.java:77)
	at java.base/jdk.internal.reflect.NativeMethodAccessorImpl.invoke0(Native Method)
	at java.base/jdk.internal.reflect.NativeMethodAccessorImpl.invoke(NativeMethodAccessorImpl.java:77)
	at java.base/jdk.internal.reflect.DelegatingMethodAccessorImpl.invoke(DelegatingMethodAccessorImpl.java:43)
	at java.base/java.lang.reflect.Method.invoke(Method.java:568)
	at org.testng.internal.MethodInvocationHelper.invokeMethod(MethodInvocationHelper.java:133)
	at org.testng.internal.TestInvoker.invokeMethod(TestInvoker.java:584)
	at org.testng.internal.TestInvoker.invokeTestMethod(TestInvoker.java:172)
	at org.testng.internal.MethodRunner.runInSequence(MethodRunner.java:46)
	at org.testng.internal.TestInvoker$MethodInvocationAgent.invoke(TestInvoker.java:804)
	at org.testng.internal.TestInvoker.invokeTestMethods(TestInvoker.java:145)
	at org.testng.internal.TestMethodWorker.invokeTestMethods(TestMethodWorker.java:146)
	at org.testng.internal.TestMethodWorker.run(TestMethodWorker.java:128)
	at java.base/java.util.ArrayList.forEach(ArrayList.java:1511)
	at org.testng.TestRunner.privateRun(TestRunner.java:770)
	at org.testng.TestRunner.run(TestRunner.java:591)
	at org.testng.SuiteRunner.runTest(SuiteRunner.java:402)
	at org.testng.SuiteRunner.runSequentially(SuiteRunner.java:396)
	at org.testng.SuiteRunner.privateRun(SuiteRunner.java:355)
	at org.testng.SuiteRunner.run(SuiteRunner.java:304)
	at org.testng.SuiteRunnerWorker.runSuite(SuiteRunnerWorker.java:53)
	at org.testng.SuiteRunnerWorker.run(SuiteRunnerWorker.java:96)
	at org.testng.TestNG.runSuitesSequentially(TestNG.java:1180)
	at org.testng.TestNG.runSuitesLocally(TestNG.java:1102)
	at org.testng.TestNG.runSuites(TestNG.java:1032)
	at org.testng.TestNG.run(TestNG.java:1000)
	at org.testng.remote.AbstractRemoteTestNG.run(AbstractRemoteTestNG.java:115)
	at org.testng.remote.RemoteTestNG.initAndRun(RemoteTestNG.java:251)
	at org.testng.remote.RemoteTestNG.main(RemoteTestNG.java:77)

</div> <!-- stack-trace -->
                </div> <!-- method-content -->
              </div> <!-- method -->
              <div class="method">
                <div class="method-content">
                  <a name="placeOrder(org.testng.TestRunner@493489dd, AD3500filtercombo, 1, gasftesting2@gmail.com, Mridul, Vashistha, 100...)">
                  </a> <!-- placeOrder(org.testng.TestRunner@493489dd, AD3500filtercombo, 1, gasftesting2@gmail.com, Mridul, Vashistha, 100...) -->
                  <span class="method-name">placeOrder</span>
                  <span class="parameters">(org.testng.TestRunner@493489dd, AD3500filtercombo, 1, gasftesting2@gmail.com, Mridul, Vashistha, 10000 Beach Club Dr, , Myrtle Beach, South Carolina, 29572, 83455666377, , $152.99, $9.95, $13.16, $176.39, $152.99, $9.95, $13.16, $176.39)</span>
                  <div class="stack-trace">java.lang.AssertionError: The following asserts failed:
	expected [$152.99] but found [$137.69],
	expected [$13.16] but found [$11.82],
	expected [$176.39] but found [$159.46],
	expected [$152.99] but found [$137.69],
	expected [$13.16] but found [$11.82],
	expected [$176.39] but found [$159.46]
	at org.testng.asserts.SoftAssert.assertAll(SoftAssert.java:47)
	at org.testng.asserts.SoftAssert.assertAll(SoftAssert.java:31)
	at agi.qa.airdoctor.tests.ADFiltersOrderFlowTest.placeOrder(ADFiltersOrderFlowTest.java:77)
	at java.base/jdk.internal.reflect.NativeMethodAccessorImpl.invoke0(Native Method)
	at java.base/jdk.internal.reflect.NativeMethodAccessorImpl.invoke(NativeMethodAccessorImpl.java:77)
	at java.base/jdk.internal.reflect.DelegatingMethodAccessorImpl.invoke(DelegatingMethodAccessorImpl.java:43)
	at java.base/java.lang.reflect.Method.invoke(Method.java:568)
	at org.testng.internal.MethodInvocationHelper.invokeMethod(MethodInvocationHelper.java:133)
	at org.testng.internal.TestInvoker.invokeMethod(TestInvoker.java:584)
	at org.testng.internal.TestInvoker.invokeTestMethod(TestInvoker.java:172)
	at org.testng.internal.MethodRunner.runInSequence(MethodRunner.java:46)
	at org.testng.internal.TestInvoker$MethodInvocationAgent.invoke(TestInvoker.java:804)
	at org.testng.internal.TestInvoker.invokeTestMethods(TestInvoker.java:145)
	at org.testng.internal.TestMethodWorker.invokeTestMethods(TestMethodWorker.java:146)
	at org.testng.internal.TestMethodWorker.run(TestMethodWorker.java:128)
	at java.base/java.util.ArrayList.forEach(ArrayList.java:1511)
	at org.testng.TestRunner.privateRun(TestRunner.java:770)
	at org.testng.TestRunner.run(TestRunner.java:591)
	at org.testng.SuiteRunner.runTest(SuiteRunner.java:402)
	at org.testng.SuiteRunner.runSequentially(SuiteRunner.java:396)
	at org.testng.SuiteRunner.privateRun(SuiteRunner.java:355)
	at org.testng.SuiteRunner.run(SuiteRunner.java:304)
	at org.testng.SuiteRunnerWorker.runSuite(SuiteRunnerWorker.java:53)
	at org.testng.SuiteRunnerWorker.run(SuiteRunnerWorker.java:96)
	at org.testng.TestNG.runSuitesSequentially(TestNG.java:1180)
	at org.testng.TestNG.runSuitesLocally(TestNG.java:1102)
	at org.testng.TestNG.runSuites(TestNG.java:1032)
	at org.testng.TestNG.run(TestNG.java:1000)
	at org.testng.remote.AbstractRemoteTestNG.run(AbstractRemoteTestNG.java:115)
	at org.testng.remote.RemoteTestNG.initAndRun(RemoteTestNG.java:251)
	at org.testng.remote.RemoteTestNG.main(RemoteTestNG.java:77)

</div> <!-- stack-trace -->
                </div> <!-- method-content -->
              </div> <!-- method -->
              <div class="method">
                <div class="method-content">
                  <a name="placeOrder(org.testng.TestRunner@493489dd, AD2000prereplacementfilter, 3, gasftesting2@gmail.com, Mridul, Vashi...)">
                  </a> <!-- placeOrder(org.testng.TestRunner@493489dd, AD2000prereplacementfilter, 3, gasftesting2@gmail.com, Mridul, Vashi...) -->
                  <span class="method-name">placeOrder</span>
                  <span class="parameters">(org.testng.TestRunner@493489dd, AD2000prereplacementfilter, 3, gasftesting2@gmail.com, Mridul, Vashistha, 350 Conference Center Way, , Bridgeport, West Virginia, 26330, 83455666377, , $377.40, Free Shipping, $0.00, $679.00, $377.40, Free Shipping, $0.00, $679.00)</span>
                  <div class="stack-trace">java.lang.AssertionError: The following asserts failed:
	expected [$377.40] but found [$13.49],
	expected [Free Shipping] but found [$9.95],
	expected [$0.00] but found [$1.64],
	expected [$679.00] but found [$25.08],
	expected [$377.40] but found [$13.49],
	expected [Free Shipping] but found [$9.95],
	expected [$0.00] but found [$1.64],
	expected [$679.00] but found [$25.08]
	at org.testng.asserts.SoftAssert.assertAll(SoftAssert.java:47)
	at org.testng.asserts.SoftAssert.assertAll(SoftAssert.java:31)
	at agi.qa.airdoctor.tests.ADFiltersOrderFlowTest.placeOrder(ADFiltersOrderFlowTest.java:77)
	at java.base/jdk.internal.reflect.NativeMethodAccessorImpl.invoke0(Native Method)
	at java.base/jdk.internal.reflect.NativeMethodAccessorImpl.invoke(NativeMethodAccessorImpl.java:77)
	at java.base/jdk.internal.reflect.DelegatingMethodAccessorImpl.invoke(DelegatingMethodAccessorImpl.java:43)
	at java.base/java.lang.reflect.Method.invoke(Method.java:568)
	at org.testng.internal.MethodInvocationHelper.invokeMethod(MethodInvocationHelper.java:133)
	at org.testng.internal.TestInvoker.invokeMethod(TestInvoker.java:584)
	at org.testng.internal.TestInvoker.invokeTestMethod(TestInvoker.java:172)
	at org.testng.internal.MethodRunner.runInSequence(MethodRunner.java:46)
	at org.testng.internal.TestInvoker$MethodInvocationAgent.invoke(TestInvoker.java:804)
	at org.testng.internal.TestInvoker.invokeTestMethods(TestInvoker.java:145)
	at org.testng.internal.TestMethodWorker.invokeTestMethods(TestMethodWorker.java:146)
	at org.testng.internal.TestMethodWorker.run(TestMethodWorker.java:128)
	at java.base/java.util.ArrayList.forEach(ArrayList.java:1511)
	at org.testng.TestRunner.privateRun(TestRunner.java:770)
	at org.testng.TestRunner.run(TestRunner.java:591)
	at org.testng.SuiteRunner.runTest(SuiteRunner.java:402)
	at org.testng.SuiteRunner.runSequentially(SuiteRunner.java:396)
	at org.testng.SuiteRunner.privateRun(SuiteRunner.java:355)
	at org.testng.SuiteRunner.run(SuiteRunner.java:304)
	at org.testng.SuiteRunnerWorker.runSuite(SuiteRunnerWorker.java:53)
	at org.testng.SuiteRunnerWorker.run(SuiteRunnerWorker.java:96)
	at org.testng.TestNG.runSuitesSequentially(TestNG.java:1180)
	at org.testng.TestNG.runSuitesLocally(TestNG.java:1102)
	at org.testng.TestNG.runSuites(TestNG.java:1032)
	at org.testng.TestNG.run(TestNG.java:1000)
	at org.testng.remote.AbstractRemoteTestNG.run(AbstractRemoteTestNG.java:115)
	at org.testng.remote.RemoteTestNG.initAndRun(RemoteTestNG.java:251)
	at org.testng.remote.RemoteTestNG.main(RemoteTestNG.java:77)

</div> <!-- stack-trace -->
                </div> <!-- method-content -->
              </div> <!-- method -->
              <div class="method">
                <div class="method-content">
                  <a name="placeOrder(org.testng.TestRunner@493489dd, AD1000filter, 1, gasftesting2@gmail.com, Mridul, Vashistha, 3423 Per...)">
                  </a> <!-- placeOrder(org.testng.TestRunner@493489dd, AD1000filter, 1, gasftesting2@gmail.com, Mridul, Vashistha, 3423 Per...) -->
                  <span class="method-name">placeOrder</span>
                  <span class="parameters">(org.testng.TestRunner@493489dd, AD1000filter, 1, gasftesting2@gmail.com, Mridul, Vashistha, 3423 Percy Priest Dr, , Nashville, Tennessee, 37214, 83455666377, , $377.40, $29.95, $54.53, $833.48, $377.40, $29.95, $54.53, $833.48)</span>
                  <div class="stack-trace">java.lang.AssertionError: The following asserts failed:
	expected [$377.40] but found [$71.99],
	expected [$29.95] but found [$9.95],
	expected [$54.53] but found [$7.58],
	expected [$833.48] but found [$89.52],
	expected [$377.40] but found [$71.99],
	expected [$29.95] but found [$9.95],
	expected [$54.53] but found [$7.58],
	expected [$833.48] but found [$89.52]
	at org.testng.asserts.SoftAssert.assertAll(SoftAssert.java:47)
	at org.testng.asserts.SoftAssert.assertAll(SoftAssert.java:31)
	at agi.qa.airdoctor.tests.ADFiltersOrderFlowTest.placeOrder(ADFiltersOrderFlowTest.java:77)
	at jdk.internal.reflect.GeneratedMethodAccessor34.invoke(Unknown Source)
	at java.base/jdk.internal.reflect.DelegatingMethodAccessorImpl.invoke(DelegatingMethodAccessorImpl.java:43)
	at java.base/java.lang.reflect.Method.invoke(Method.java:568)
	at org.testng.internal.MethodInvocationHelper.invokeMethod(MethodInvocationHelper.java:133)
	at org.testng.internal.TestInvoker.invokeMethod(TestInvoker.java:584)
	at org.testng.internal.TestInvoker.invokeTestMethod(TestInvoker.java:172)
	at org.testng.internal.MethodRunner.runInSequence(MethodRunner.java:46)
	at org.testng.internal.TestInvoker$MethodInvocationAgent.invoke(TestInvoker.java:804)
	at org.testng.internal.TestInvoker.invokeTestMethods(TestInvoker.java:145)
	at org.testng.internal.TestMethodWorker.invokeTestMethods(TestMethodWorker.java:146)
	at org.testng.internal.TestMethodWorker.run(TestMethodWorker.java:128)
	at java.base/java.util.ArrayList.forEach(ArrayList.java:1511)
	at org.testng.TestRunner.privateRun(TestRunner.java:770)
	at org.testng.TestRunner.run(TestRunner.java:591)
	at org.testng.SuiteRunner.runTest(SuiteRunner.java:402)
	at org.testng.SuiteRunner.runSequentially(SuiteRunner.java:396)
	at org.testng.SuiteRunner.privateRun(SuiteRunner.java:355)
	at org.testng.SuiteRunner.run(SuiteRunner.java:304)
	at org.testng.SuiteRunnerWorker.runSuite(SuiteRunnerWorker.java:53)
	at org.testng.SuiteRunnerWorker.run(SuiteRunnerWorker.java:96)
	at org.testng.TestNG.runSuitesSequentially(TestNG.java:1180)
	at org.testng.TestNG.runSuitesLocally(TestNG.java:1102)
	at org.testng.TestNG.runSuites(TestNG.java:1032)
	at org.testng.TestNG.run(TestNG.java:1000)
	at org.testng.remote.AbstractRemoteTestNG.run(AbstractRemoteTestNG.java:115)
	at org.testng.remote.RemoteTestNG.initAndRun(RemoteTestNG.java:251)
	at org.testng.remote.RemoteTestNG.main(RemoteTestNG.java:77)

</div> <!-- stack-trace -->
                </div> <!-- method-content -->
              </div> <!-- method -->
              <div class="method">
                <div class="method-content">
                  <a name="placeOrder(org.testng.TestRunner@493489dd, AD3500prereplacementfilter, 1, gasftesting2@gmail.com, Mridul, Vashi...)">
                  </a> <!-- placeOrder(org.testng.TestRunner@493489dd, AD3500prereplacementfilter, 1, gasftesting2@gmail.com, Mridul, Vashi...) -->
                  <span class="method-name">placeOrder</span>
                  <span class="parameters">(org.testng.TestRunner@493489dd, AD3500prereplacementfilter, 1, gasftesting2@gmail.com, Mridul, Vashistha, 2222 W Loop S, , Houston, Texas, 77027, 83455666377, , $152.99, $9.95, $13.16, $176.39, $152.99, $9.95, $13.16, $176.39)</span>
                  <div class="stack-trace">java.lang.AssertionError: The following asserts failed:
	expected [$152.99] but found [$17.96],
	expected [$13.16] but found [$2.30],
	expected [$176.39] but found [$30.21],
	expected [$152.99] but found [$17.96],
	expected [$13.16] but found [$2.30],
	expected [$176.39] but found [$30.21]
	at org.testng.asserts.SoftAssert.assertAll(SoftAssert.java:47)
	at org.testng.asserts.SoftAssert.assertAll(SoftAssert.java:31)
	at agi.qa.airdoctor.tests.ADFiltersOrderFlowTest.placeOrder(ADFiltersOrderFlowTest.java:77)
	at java.base/jdk.internal.reflect.NativeMethodAccessorImpl.invoke0(Native Method)
	at java.base/jdk.internal.reflect.NativeMethodAccessorImpl.invoke(NativeMethodAccessorImpl.java:77)
	at java.base/jdk.internal.reflect.DelegatingMethodAccessorImpl.invoke(DelegatingMethodAccessorImpl.java:43)
	at java.base/java.lang.reflect.Method.invoke(Method.java:568)
	at org.testng.internal.MethodInvocationHelper.invokeMethod(MethodInvocationHelper.java:133)
	at org.testng.internal.TestInvoker.invokeMethod(TestInvoker.java:584)
	at org.testng.internal.TestInvoker.invokeTestMethod(TestInvoker.java:172)
	at org.testng.internal.MethodRunner.runInSequence(MethodRunner.java:46)
	at org.testng.internal.TestInvoker$MethodInvocationAgent.invoke(TestInvoker.java:804)
	at org.testng.internal.TestInvoker.invokeTestMethods(TestInvoker.java:145)
	at org.testng.internal.TestMethodWorker.invokeTestMethods(TestMethodWorker.java:146)
	at org.testng.internal.TestMethodWorker.run(TestMethodWorker.java:128)
	at java.base/java.util.ArrayList.forEach(ArrayList.java:1511)
	at org.testng.TestRunner.privateRun(TestRunner.java:770)
	at org.testng.TestRunner.run(TestRunner.java:591)
	at org.testng.SuiteRunner.runTest(SuiteRunner.java:402)
	at org.testng.SuiteRunner.runSequentially(SuiteRunner.java:396)
	at org.testng.SuiteRunner.privateRun(SuiteRunner.java:355)
	at org.testng.SuiteRunner.run(SuiteRunner.java:304)
	at org.testng.SuiteRunnerWorker.runSuite(SuiteRunnerWorker.java:53)
	at org.testng.SuiteRunnerWorker.run(SuiteRunnerWorker.java:96)
	at org.testng.TestNG.runSuitesSequentially(TestNG.java:1180)
	at org.testng.TestNG.runSuitesLocally(TestNG.java:1102)
	at org.testng.TestNG.runSuites(TestNG.java:1032)
	at org.testng.TestNG.run(TestNG.java:1000)
	at org.testng.remote.AbstractRemoteTestNG.run(AbstractRemoteTestNG.java:115)
	at org.testng.remote.RemoteTestNG.initAndRun(RemoteTestNG.java:251)
	at org.testng.remote.RemoteTestNG.main(RemoteTestNG.java:77)

</div> <!-- stack-trace -->
                </div> <!-- method-content -->
              </div> <!-- method -->
              <div class="method">
                <div class="method-content">
                  <a name="placeOrder(org.testng.TestRunner@493489dd, AD3500prereplacementfilter, 1, gasftesting2@gmail.com, Mridul, Vashi...)">
                  </a> <!-- placeOrder(org.testng.TestRunner@493489dd, AD3500prereplacementfilter, 1, gasftesting2@gmail.com, Mridul, Vashi...) -->
                  <span class="method-name">placeOrder</span>
                  <span class="parameters">(org.testng.TestRunner@493489dd, AD3500prereplacementfilter, 1, gasftesting2@gmail.com, Mridul, Vashistha, 286 Grand Ave, , Mackinac Island, Michigan, 49757, 83455666377, , $152.99, $9.95, $13.16, $176.39, $152.99, $9.95, $13.16, $176.39)</span>
                  <div class="stack-trace">java.lang.AssertionError: The following asserts failed:
	expected [$152.99] but found [$17.96],
	expected [$13.16] but found [$1.68],
	expected [$176.39] but found [$29.59],
	expected [$152.99] but found [$17.96],
	expected [$13.16] but found [$1.68],
	expected [$176.39] but found [$29.59]
	at org.testng.asserts.SoftAssert.assertAll(SoftAssert.java:47)
	at org.testng.asserts.SoftAssert.assertAll(SoftAssert.java:31)
	at agi.qa.airdoctor.tests.ADFiltersOrderFlowTest.placeOrder(ADFiltersOrderFlowTest.java:77)
	at jdk.internal.reflect.GeneratedMethodAccessor34.invoke(Unknown Source)
	at java.base/jdk.internal.reflect.DelegatingMethodAccessorImpl.invoke(DelegatingMethodAccessorImpl.java:43)
	at java.base/java.lang.reflect.Method.invoke(Method.java:568)
	at org.testng.internal.MethodInvocationHelper.invokeMethod(MethodInvocationHelper.java:133)
	at org.testng.internal.TestInvoker.invokeMethod(TestInvoker.java:584)
	at org.testng.internal.TestInvoker.invokeTestMethod(TestInvoker.java:172)
	at org.testng.internal.MethodRunner.runInSequence(MethodRunner.java:46)
	at org.testng.internal.TestInvoker$MethodInvocationAgent.invoke(TestInvoker.java:804)
	at org.testng.internal.TestInvoker.invokeTestMethods(TestInvoker.java:145)
	at org.testng.internal.TestMethodWorker.invokeTestMethods(TestMethodWorker.java:146)
	at org.testng.internal.TestMethodWorker.run(TestMethodWorker.java:128)
	at java.base/java.util.ArrayList.forEach(ArrayList.java:1511)
	at org.testng.TestRunner.privateRun(TestRunner.java:770)
	at org.testng.TestRunner.run(TestRunner.java:591)
	at org.testng.SuiteRunner.runTest(SuiteRunner.java:402)
	at org.testng.SuiteRunner.runSequentially(SuiteRunner.java:396)
	at org.testng.SuiteRunner.privateRun(SuiteRunner.java:355)
	at org.testng.SuiteRunner.run(SuiteRunner.java:304)
	at org.testng.SuiteRunnerWorker.runSuite(SuiteRunnerWorker.java:53)
	at org.testng.SuiteRunnerWorker.run(SuiteRunnerWorker.java:96)
	at org.testng.TestNG.runSuitesSequentially(TestNG.java:1180)
	at org.testng.TestNG.runSuitesLocally(TestNG.java:1102)
	at org.testng.TestNG.runSuites(TestNG.java:1032)
	at org.testng.TestNG.run(TestNG.java:1000)
	at org.testng.remote.AbstractRemoteTestNG.run(AbstractRemoteTestNG.java:115)
	at org.testng.remote.RemoteTestNG.initAndRun(RemoteTestNG.java:251)
	at org.testng.remote.RemoteTestNG.main(RemoteTestNG.java:77)

</div> <!-- stack-trace -->
                </div> <!-- method-content -->
              </div> <!-- method -->
              <div class="method">
                <div class="method-content">
                  <a name="placeOrder(org.testng.TestRunner@493489dd, AD3500hepafilter, 2, gasftesting2@gmail.com, Mridul, Vashistha, 1416...)">
                  </a> <!-- placeOrder(org.testng.TestRunner@493489dd, AD3500hepafilter, 2, gasftesting2@gmail.com, Mridul, Vashistha, 1416...) -->
                  <span class="method-name">placeOrder</span>
                  <span class="parameters">(org.testng.TestRunner@493489dd, AD3500hepafilter, 2, gasftesting2@gmail.com, Mridul, Vashistha, 1416 N Elk Vale Rd, , Box Elder, South Dakota, 57703, 83455666377, , $377.40, Free Shipping, $0.00, $679.00, $377.40, Free Shipping, $0.00, $679.00)</span>
                  <div class="stack-trace">java.lang.AssertionError: The following asserts failed:
	expected [$377.40] but found [$107.92],
	expected [Free Shipping] but found [$19.90],
	expected [$0.00] but found [$7.93],
	expected [$679.00] but found [$135.75],
	expected [$377.40] but found [$107.92],
	expected [Free Shipping] but found [$19.90],
	expected [$0.00] but found [$7.93],
	expected [$679.00] but found [$135.75]
	at org.testng.asserts.SoftAssert.assertAll(SoftAssert.java:47)
	at org.testng.asserts.SoftAssert.assertAll(SoftAssert.java:31)
	at agi.qa.airdoctor.tests.ADFiltersOrderFlowTest.placeOrder(ADFiltersOrderFlowTest.java:77)
	at java.base/jdk.internal.reflect.NativeMethodAccessorImpl.invoke0(Native Method)
	at java.base/jdk.internal.reflect.NativeMethodAccessorImpl.invoke(NativeMethodAccessorImpl.java:77)
	at java.base/jdk.internal.reflect.DelegatingMethodAccessorImpl.invoke(DelegatingMethodAccessorImpl.java:43)
	at java.base/java.lang.reflect.Method.invoke(Method.java:568)
	at org.testng.internal.MethodInvocationHelper.invokeMethod(MethodInvocationHelper.java:133)
	at org.testng.internal.TestInvoker.invokeMethod(TestInvoker.java:584)
	at org.testng.internal.TestInvoker.invokeTestMethod(TestInvoker.java:172)
	at org.testng.internal.MethodRunner.runInSequence(MethodRunner.java:46)
	at org.testng.internal.TestInvoker$MethodInvocationAgent.invoke(TestInvoker.java:804)
	at org.testng.internal.TestInvoker.invokeTestMethods(TestInvoker.java:145)
	at org.testng.internal.TestMethodWorker.invokeTestMethods(TestMethodWorker.java:146)
	at org.testng.internal.TestMethodWorker.run(TestMethodWorker.java:128)
	at java.base/java.util.ArrayList.forEach(ArrayList.java:1511)
	at org.testng.TestRunner.privateRun(TestRunner.java:770)
	at org.testng.TestRunner.run(TestRunner.java:591)
	at org.testng.SuiteRunner.runTest(SuiteRunner.java:402)
	at org.testng.SuiteRunner.runSequentially(SuiteRunner.java:396)
	at org.testng.SuiteRunner.privateRun(SuiteRunner.java:355)
	at org.testng.SuiteRunner.run(SuiteRunner.java:304)
	at org.testng.SuiteRunnerWorker.runSuite(SuiteRunnerWorker.java:53)
	at org.testng.SuiteRunnerWorker.run(SuiteRunnerWorker.java:96)
	at org.testng.TestNG.runSuitesSequentially(TestNG.java:1180)
	at org.testng.TestNG.runSuitesLocally(TestNG.java:1102)
	at org.testng.TestNG.runSuites(TestNG.java:1032)
	at org.testng.TestNG.run(TestNG.java:1000)
	at org.testng.remote.AbstractRemoteTestNG.run(AbstractRemoteTestNG.java:115)
	at org.testng.remote.RemoteTestNG.initAndRun(RemoteTestNG.java:251)
	at org.testng.remote.RemoteTestNG.main(RemoteTestNG.java:77)

</div> <!-- stack-trace -->
                </div> <!-- method-content -->
              </div> <!-- method -->
              <div class="method">
                <div class="method-content">
                  <a name="placeOrder(org.testng.TestRunner@493489dd, AD5500prereplacementfilter, 2, gasftesting2@gmail.com, Mridul, Vashi...)">
                  </a> <!-- placeOrder(org.testng.TestRunner@493489dd, AD5500prereplacementfilter, 2, gasftesting2@gmail.com, Mridul, Vashi...) -->
                  <span class="method-name">placeOrder</span>
                  <span class="parameters">(org.testng.TestRunner@493489dd, AD5500prereplacementfilter, 2, gasftesting2@gmail.com, Mridul, Vashistha, 10000 Beach Club Dr, , Myrtle Beach, South Carolina, 29572, 83455666377, , $152.99, $9.95, $13.16, $176.39, $152.99, $9.95, $13.16, $176.39)</span>
                  <div class="stack-trace">java.lang.NullPointerException: Cannot invoke &quot;org.openqa.selenium.WebElement.getText()&quot; because the return value of &quot;agi.qa.airdoctor.utils.ElementUtil.getElement(org.openqa.selenium.By)&quot; is null
	at agi.qa.airdoctor.pages.ADFiltersOrderFlowPage.getpreorderdetails(ADFiltersOrderFlowPage.java:695)
	at agi.qa.airdoctor.tests.ADFiltersOrderFlowTest.placeOrder(ADFiltersOrderFlowTest.java:50)
	at jdk.internal.reflect.GeneratedMethodAccessor34.invoke(Unknown Source)
	at java.base/jdk.internal.reflect.DelegatingMethodAccessorImpl.invoke(DelegatingMethodAccessorImpl.java:43)
	at java.base/java.lang.reflect.Method.invoke(Method.java:568)
	at org.testng.internal.MethodInvocationHelper.invokeMethod(MethodInvocationHelper.java:133)
	at org.testng.internal.TestInvoker.invokeMethod(TestInvoker.java:584)
	at org.testng.internal.TestInvoker.invokeTestMethod(TestInvoker.java:172)
	at org.testng.internal.MethodRunner.runInSequence(MethodRunner.java:46)
	at org.testng.internal.TestInvoker$MethodInvocationAgent.invoke(TestInvoker.java:804)
	at org.testng.internal.TestInvoker.invokeTestMethods(TestInvoker.java:145)
	at org.testng.internal.TestMethodWorker.invokeTestMethods(TestMethodWorker.java:146)
	at org.testng.internal.TestMethodWorker.run(TestMethodWorker.java:128)
	at java.base/java.util.ArrayList.forEach(ArrayList.java:1511)
	at org.testng.TestRunner.privateRun(TestRunner.java:770)
	at org.testng.TestRunner.run(TestRunner.java:591)
	at org.testng.SuiteRunner.runTest(SuiteRunner.java:402)
	at org.testng.SuiteRunner.runSequentially(SuiteRunner.java:396)
	at org.testng.SuiteRunner.privateRun(SuiteRunner.java:355)
	at org.testng.SuiteRunner.run(SuiteRunner.java:304)
	at org.testng.SuiteRunnerWorker.runSuite(SuiteRunnerWorker.java:53)
	at org.testng.SuiteRunnerWorker.run(SuiteRunnerWorker.java:96)
	at org.testng.TestNG.runSuitesSequentially(TestNG.java:1180)
	at org.testng.TestNG.runSuitesLocally(TestNG.java:1102)
	at org.testng.TestNG.runSuites(TestNG.java:1032)
	at org.testng.TestNG.run(TestNG.java:1000)
	at org.testng.remote.AbstractRemoteTestNG.run(AbstractRemoteTestNG.java:115)
	at org.testng.remote.RemoteTestNG.initAndRun(RemoteTestNG.java:251)
	at org.testng.remote.RemoteTestNG.main(RemoteTestNG.java:77)

</div> <!-- stack-trace -->
                </div> <!-- method-content -->
              </div> <!-- method -->
              <div class="method">
                <div class="method-content">
                  <a name="placeOrder(org.testng.TestRunner@493489dd, AD3500hepafilter, 1, gasftesting2@gmail.com, Mridul, Vashistha, 8787...)">
                  </a> <!-- placeOrder(org.testng.TestRunner@493489dd, AD3500hepafilter, 1, gasftesting2@gmail.com, Mridul, Vashistha, 8787...) -->
                  <span class="method-name">placeOrder</span>
                  <span class="parameters">(org.testng.TestRunner@493489dd, AD3500hepafilter, 1, gasftesting2@gmail.com, Mridul, Vashistha, 8787 Keystone Crossing, , Indianapolis, Indiana, 46240, 83455666377, , $377.40, Free Shipping, $0.00, $679.00, $377.40, Free Shipping, $0.00, $679.00)</span>
                  <div class="stack-trace">java.lang.AssertionError: The following asserts failed:
	expected [$377.40] but found [$53.96],
	expected [Free Shipping] but found [$9.95],
	expected [$0.00] but found [$4.48],
	expected [$679.00] but found [$68.39],
	expected [$377.40] but found [$53.96],
	expected [Free Shipping] but found [$9.95],
	expected [$0.00] but found [$4.48],
	expected [$679.00] but found [$68.39]
	at org.testng.asserts.SoftAssert.assertAll(SoftAssert.java:47)
	at org.testng.asserts.SoftAssert.assertAll(SoftAssert.java:31)
	at agi.qa.airdoctor.tests.ADFiltersOrderFlowTest.placeOrder(ADFiltersOrderFlowTest.java:77)
	at jdk.internal.reflect.GeneratedMethodAccessor34.invoke(Unknown Source)
	at java.base/jdk.internal.reflect.DelegatingMethodAccessorImpl.invoke(DelegatingMethodAccessorImpl.java:43)
	at java.base/java.lang.reflect.Method.invoke(Method.java:568)
	at org.testng.internal.MethodInvocationHelper.invokeMethod(MethodInvocationHelper.java:133)
	at org.testng.internal.TestInvoker.invokeMethod(TestInvoker.java:584)
	at org.testng.internal.TestInvoker.invokeTestMethod(TestInvoker.java:172)
	at org.testng.internal.MethodRunner.runInSequence(MethodRunner.java:46)
	at org.testng.internal.TestInvoker$MethodInvocationAgent.invoke(TestInvoker.java:804)
	at org.testng.internal.TestInvoker.invokeTestMethods(TestInvoker.java:145)
	at org.testng.internal.TestMethodWorker.invokeTestMethods(TestMethodWorker.java:146)
	at org.testng.internal.TestMethodWorker.run(TestMethodWorker.java:128)
	at java.base/java.util.ArrayList.forEach(ArrayList.java:1511)
	at org.testng.TestRunner.privateRun(TestRunner.java:770)
	at org.testng.TestRunner.run(TestRunner.java:591)
	at org.testng.SuiteRunner.runTest(SuiteRunner.java:402)
	at org.testng.SuiteRunner.runSequentially(SuiteRunner.java:396)
	at org.testng.SuiteRunner.privateRun(SuiteRunner.java:355)
	at org.testng.SuiteRunner.run(SuiteRunner.java:304)
	at org.testng.SuiteRunnerWorker.runSuite(SuiteRunnerWorker.java:53)
	at org.testng.SuiteRunnerWorker.run(SuiteRunnerWorker.java:96)
	at org.testng.TestNG.runSuitesSequentially(TestNG.java:1180)
	at org.testng.TestNG.runSuitesLocally(TestNG.java:1102)
	at org.testng.TestNG.runSuites(TestNG.java:1032)
	at org.testng.TestNG.run(TestNG.java:1000)
	at org.testng.remote.AbstractRemoteTestNG.run(AbstractRemoteTestNG.java:115)
	at org.testng.remote.RemoteTestNG.initAndRun(RemoteTestNG.java:251)
	at org.testng.remote.RemoteTestNG.main(RemoteTestNG.java:77)

</div> <!-- stack-trace -->
                </div> <!-- method-content -->
              </div> <!-- method -->
              <div class="method">
                <div class="method-content">
                  <a name="placeOrder(org.testng.TestRunner@493489dd, AD2000hepafilter, 1, gasftesting2@gmail.com, Mridul, Vashistha, 300 ...)">
                  </a> <!-- placeOrder(org.testng.TestRunner@493489dd, AD2000hepafilter, 1, gasftesting2@gmail.com, Mridul, Vashistha, 300 ...) -->
                  <span class="method-name">placeOrder</span>
                  <span class="parameters">(org.testng.TestRunner@493489dd, AD2000hepafilter, 1, gasftesting2@gmail.com, Mridul, Vashistha, 300 112th Ave SE, , Bellevue, Washington, 98004, 83455666377, , $377.40, $29.95, $54.53, $833.48, $377.40, $29.95, $54.53, $833.48)</span>
                  <div class="stack-trace">java.lang.AssertionError: The following asserts failed:
	expected [$377.40] but found [$40.46],
	expected [$29.95] but found [$9.95],
	expected [$54.53] but found [$5.15],
	expected [$833.48] but found [$55.56],
	expected [$377.40] but found [$40.46],
	expected [$29.95] but found [$9.95],
	expected [$54.53] but found [$5.15],
	expected [$833.48] but found [$55.56]
	at org.testng.asserts.SoftAssert.assertAll(SoftAssert.java:47)
	at org.testng.asserts.SoftAssert.assertAll(SoftAssert.java:31)
	at agi.qa.airdoctor.tests.ADFiltersOrderFlowTest.placeOrder(ADFiltersOrderFlowTest.java:77)
	at java.base/jdk.internal.reflect.NativeMethodAccessorImpl.invoke0(Native Method)
	at java.base/jdk.internal.reflect.NativeMethodAccessorImpl.invoke(NativeMethodAccessorImpl.java:77)
	at java.base/jdk.internal.reflect.DelegatingMethodAccessorImpl.invoke(DelegatingMethodAccessorImpl.java:43)
	at java.base/java.lang.reflect.Method.invoke(Method.java:568)
	at org.testng.internal.MethodInvocationHelper.invokeMethod(MethodInvocationHelper.java:133)
	at org.testng.internal.TestInvoker.invokeMethod(TestInvoker.java:584)
	at org.testng.internal.TestInvoker.invokeTestMethod(TestInvoker.java:172)
	at org.testng.internal.MethodRunner.runInSequence(MethodRunner.java:46)
	at org.testng.internal.TestInvoker$MethodInvocationAgent.invoke(TestInvoker.java:804)
	at org.testng.internal.TestInvoker.invokeTestMethods(TestInvoker.java:145)
	at org.testng.internal.TestMethodWorker.invokeTestMethods(TestMethodWorker.java:146)
	at org.testng.internal.TestMethodWorker.run(TestMethodWorker.java:128)
	at java.base/java.util.ArrayList.forEach(ArrayList.java:1511)
	at org.testng.TestRunner.privateRun(TestRunner.java:770)
	at org.testng.TestRunner.run(TestRunner.java:591)
	at org.testng.SuiteRunner.runTest(SuiteRunner.java:402)
	at org.testng.SuiteRunner.runSequentially(SuiteRunner.java:396)
	at org.testng.SuiteRunner.privateRun(SuiteRunner.java:355)
	at org.testng.SuiteRunner.run(SuiteRunner.java:304)
	at org.testng.SuiteRunnerWorker.runSuite(SuiteRunnerWorker.java:53)
	at org.testng.SuiteRunnerWorker.run(SuiteRunnerWorker.java:96)
	at org.testng.TestNG.runSuitesSequentially(TestNG.java:1180)
	at org.testng.TestNG.runSuitesLocally(TestNG.java:1102)
	at org.testng.TestNG.runSuites(TestNG.java:1032)
	at org.testng.TestNG.run(TestNG.java:1000)
	at org.testng.remote.AbstractRemoteTestNG.run(AbstractRemoteTestNG.java:115)
	at org.testng.remote.RemoteTestNG.initAndRun(RemoteTestNG.java:251)
	at org.testng.remote.RemoteTestNG.main(RemoteTestNG.java:77)

</div> <!-- stack-trace -->
                </div> <!-- method-content -->
              </div> <!-- method -->
              <div class="method">
                <div class="method-content">
                  <a name="placeOrder(org.testng.TestRunner@493489dd, AD1000filter, 1, gasftesting2@gmail.com, Mridul, Vashistha, 3333 13t...)">
                  </a> <!-- placeOrder(org.testng.TestRunner@493489dd, AD1000filter, 1, gasftesting2@gmail.com, Mridul, Vashistha, 3333 13t...) -->
                  <span class="method-name">placeOrder</span>
                  <span class="parameters">(org.testng.TestRunner@493489dd, AD1000filter, 1, gasftesting2@gmail.com, Mridul, Vashistha, 3333 13th Ave S, , Fargo, North Dakota, 58103, 83455666377, , $152.99, $9.95, $13.16, $176.39, $152.99, $9.95, $13.16, $176.39)</span>
                  <div class="stack-trace">java.lang.AssertionError: The following asserts failed:
	expected [$152.99] but found [$71.99],
	expected [$13.16] but found [$6.15],
	expected [$176.39] but found [$88.09],
	expected [$152.99] but found [$71.99],
	expected [$13.16] but found [$6.15],
	expected [$176.39] but found [$88.09]
	at org.testng.asserts.SoftAssert.assertAll(SoftAssert.java:47)
	at org.testng.asserts.SoftAssert.assertAll(SoftAssert.java:31)
	at agi.qa.airdoctor.tests.ADFiltersOrderFlowTest.placeOrder(ADFiltersOrderFlowTest.java:77)
	at jdk.internal.reflect.GeneratedMethodAccessor34.invoke(Unknown Source)
	at java.base/jdk.internal.reflect.DelegatingMethodAccessorImpl.invoke(DelegatingMethodAccessorImpl.java:43)
	at java.base/java.lang.reflect.Method.invoke(Method.java:568)
	at org.testng.internal.MethodInvocationHelper.invokeMethod(MethodInvocationHelper.java:133)
	at org.testng.internal.TestInvoker.invokeMethod(TestInvoker.java:584)
	at org.testng.internal.TestInvoker.invokeTestMethod(TestInvoker.java:172)
	at org.testng.internal.MethodRunner.runInSequence(MethodRunner.java:46)
	at org.testng.internal.TestInvoker$MethodInvocationAgent.invoke(TestInvoker.java:804)
	at org.testng.internal.TestInvoker.invokeTestMethods(TestInvoker.java:145)
	at org.testng.internal.TestMethodWorker.invokeTestMethods(TestMethodWorker.java:146)
	at org.testng.internal.TestMethodWorker.run(TestMethodWorker.java:128)
	at java.base/java.util.ArrayList.forEach(ArrayList.java:1511)
	at org.testng.TestRunner.privateRun(TestRunner.java:770)
	at org.testng.TestRunner.run(TestRunner.java:591)
	at org.testng.SuiteRunner.runTest(SuiteRunner.java:402)
	at org.testng.SuiteRunner.runSequentially(SuiteRunner.java:396)
	at org.testng.SuiteRunner.privateRun(SuiteRunner.java:355)
	at org.testng.SuiteRunner.run(SuiteRunner.java:304)
	at org.testng.SuiteRunnerWorker.runSuite(SuiteRunnerWorker.java:53)
	at org.testng.SuiteRunnerWorker.run(SuiteRunnerWorker.java:96)
	at org.testng.TestNG.runSuitesSequentially(TestNG.java:1180)
	at org.testng.TestNG.runSuitesLocally(TestNG.java:1102)
	at org.testng.TestNG.runSuites(TestNG.java:1032)
	at org.testng.TestNG.run(TestNG.java:1000)
	at org.testng.remote.AbstractRemoteTestNG.run(AbstractRemoteTestNG.java:115)
	at org.testng.remote.RemoteTestNG.initAndRun(RemoteTestNG.java:251)
	at org.testng.remote.RemoteTestNG.main(RemoteTestNG.java:77)

</div> <!-- stack-trace -->
                </div> <!-- method-content -->
              </div> <!-- method -->
              <div class="method">
                <div class="method-content">
                  <a name="placeOrder(org.testng.TestRunner@493489dd, AD2000filtercombo, 1, gasftesting2@gmail.com, Mridul, Vashistha, 870...)">
                  </a> <!-- placeOrder(org.testng.TestRunner@493489dd, AD2000filtercombo, 1, gasftesting2@gmail.com, Mridul, Vashistha, 870...) -->
                  <span class="method-name">placeOrder</span>
                  <span class="parameters">(org.testng.TestRunner@493489dd, AD2000filtercombo, 1, gasftesting2@gmail.com, Mridul, Vashistha, 870 Williston Rd, , South Burlington, Vermont, 05403, 83455666377, , $377.40, Free Shipping, $0.00, $679.00, $377.40, Free Shipping, $0.00, $679.00)</span>
                  <div class="stack-trace">java.lang.AssertionError: The following asserts failed:
	expected [$377.40] but found [$103.49],
	expected [Free Shipping] but found [$9.95],
	expected [$0.00] but found [$7.94],
	expected [$679.00] but found [$121.38],
	expected [$377.40] but found [$103.49],
	expected [Free Shipping] but found [$9.95],
	expected [$0.00] but found [$7.94],
	expected [$679.00] but found [$121.38]
	at org.testng.asserts.SoftAssert.assertAll(SoftAssert.java:47)
	at org.testng.asserts.SoftAssert.assertAll(SoftAssert.java:31)
	at agi.qa.airdoctor.tests.ADFiltersOrderFlowTest.placeOrder(ADFiltersOrderFlowTest.java:77)
	at java.base/jdk.internal.reflect.NativeMethodAccessorImpl.invoke0(Native Method)
	at java.base/jdk.internal.reflect.NativeMethodAccessorImpl.invoke(NativeMethodAccessorImpl.java:77)
	at java.base/jdk.internal.reflect.DelegatingMethodAccessorImpl.invoke(DelegatingMethodAccessorImpl.java:43)
	at java.base/java.lang.reflect.Method.invoke(Method.java:568)
	at org.testng.internal.MethodInvocationHelper.invokeMethod(MethodInvocationHelper.java:133)
	at org.testng.internal.TestInvoker.invokeMethod(TestInvoker.java:584)
	at org.testng.internal.TestInvoker.invokeTestMethod(TestInvoker.java:172)
	at org.testng.internal.MethodRunner.runInSequence(MethodRunner.java:46)
	at org.testng.internal.TestInvoker$MethodInvocationAgent.invoke(TestInvoker.java:804)
	at org.testng.internal.TestInvoker.invokeTestMethods(TestInvoker.java:145)
	at org.testng.internal.TestMethodWorker.invokeTestMethods(TestMethodWorker.java:146)
	at org.testng.internal.TestMethodWorker.run(TestMethodWorker.java:128)
	at java.base/java.util.ArrayList.forEach(ArrayList.java:1511)
	at org.testng.TestRunner.privateRun(TestRunner.java:770)
	at org.testng.TestRunner.run(TestRunner.java:591)
	at org.testng.SuiteRunner.runTest(SuiteRunner.java:402)
	at org.testng.SuiteRunner.runSequentially(SuiteRunner.java:396)
	at org.testng.SuiteRunner.privateRun(SuiteRunner.java:355)
	at org.testng.SuiteRunner.run(SuiteRunner.java:304)
	at org.testng.SuiteRunnerWorker.runSuite(SuiteRunnerWorker.java:53)
	at org.testng.SuiteRunnerWorker.run(SuiteRunnerWorker.java:96)
	at org.testng.TestNG.runSuitesSequentially(TestNG.java:1180)
	at org.testng.TestNG.runSuitesLocally(TestNG.java:1102)
	at org.testng.TestNG.runSuites(TestNG.java:1032)
	at org.testng.TestNG.run(TestNG.java:1000)
	at org.testng.remote.AbstractRemoteTestNG.run(AbstractRemoteTestNG.java:115)
	at org.testng.remote.RemoteTestNG.initAndRun(RemoteTestNG.java:251)
	at org.testng.remote.RemoteTestNG.main(RemoteTestNG.java:77)

</div> <!-- stack-trace -->
                </div> <!-- method-content -->
              </div> <!-- method -->
              <div class="method">
                <div class="method-content">
                  <a name="placeOrder(org.testng.TestRunner@493489dd, AD1000filter, 1, gasftesting2@gmail.com, Mridul, Vashistha, 1416 N E...)">
                  </a> <!-- placeOrder(org.testng.TestRunner@493489dd, AD1000filter, 1, gasftesting2@gmail.com, Mridul, Vashistha, 1416 N E...) -->
                  <span class="method-name">placeOrder</span>
                  <span class="parameters">(org.testng.TestRunner@493489dd, AD1000filter, 1, gasftesting2@gmail.com, Mridul, Vashistha, 1416 N Elk Vale Rd, , Box Elder, South Dakota, 57703, 83455666377, , $377.40, Free Shipping, $0.00, $679.00, $377.40, Free Shipping, $0.00, $679.00)</span>
                  <div class="stack-trace">java.lang.AssertionError: The following asserts failed:
	expected [$377.40] but found [$71.99],
	expected [Free Shipping] but found [$9.95],
	expected [$0.00] but found [$5.08],
	expected [$679.00] but found [$87.02],
	expected [$377.40] but found [$71.99],
	expected [Free Shipping] but found [$9.95],
	expected [$0.00] but found [$5.08],
	expected [$679.00] but found [$87.02]
	at org.testng.asserts.SoftAssert.assertAll(SoftAssert.java:47)
	at org.testng.asserts.SoftAssert.assertAll(SoftAssert.java:31)
	at agi.qa.airdoctor.tests.ADFiltersOrderFlowTest.placeOrder(ADFiltersOrderFlowTest.java:77)
	at jdk.internal.reflect.GeneratedMethodAccessor34.invoke(Unknown Source)
	at java.base/jdk.internal.reflect.DelegatingMethodAccessorImpl.invoke(DelegatingMethodAccessorImpl.java:43)
	at java.base/java.lang.reflect.Method.invoke(Method.java:568)
	at org.testng.internal.MethodInvocationHelper.invokeMethod(MethodInvocationHelper.java:133)
	at org.testng.internal.TestInvoker.invokeMethod(TestInvoker.java:584)
	at org.testng.internal.TestInvoker.invokeTestMethod(TestInvoker.java:172)
	at org.testng.internal.MethodRunner.runInSequence(MethodRunner.java:46)
	at org.testng.internal.TestInvoker$MethodInvocationAgent.invoke(TestInvoker.java:804)
	at org.testng.internal.TestInvoker.invokeTestMethods(TestInvoker.java:145)
	at org.testng.internal.TestMethodWorker.invokeTestMethods(TestMethodWorker.java:146)
	at org.testng.internal.TestMethodWorker.run(TestMethodWorker.java:128)
	at java.base/java.util.ArrayList.forEach(ArrayList.java:1511)
	at org.testng.TestRunner.privateRun(TestRunner.java:770)
	at org.testng.TestRunner.run(TestRunner.java:591)
	at org.testng.SuiteRunner.runTest(SuiteRunner.java:402)
	at org.testng.SuiteRunner.runSequentially(SuiteRunner.java:396)
	at org.testng.SuiteRunner.privateRun(SuiteRunner.java:355)
	at org.testng.SuiteRunner.run(SuiteRunner.java:304)
	at org.testng.SuiteRunnerWorker.runSuite(SuiteRunnerWorker.java:53)
	at org.testng.SuiteRunnerWorker.run(SuiteRunnerWorker.java:96)
	at org.testng.TestNG.runSuitesSequentially(TestNG.java:1180)
	at org.testng.TestNG.runSuitesLocally(TestNG.java:1102)
	at org.testng.TestNG.runSuites(TestNG.java:1032)
	at org.testng.TestNG.run(TestNG.java:1000)
	at org.testng.remote.AbstractRemoteTestNG.run(AbstractRemoteTestNG.java:115)
	at org.testng.remote.RemoteTestNG.initAndRun(RemoteTestNG.java:251)
	at org.testng.remote.RemoteTestNG.main(RemoteTestNG.java:77)

</div> <!-- stack-trace -->
                </div> <!-- method-content -->
              </div> <!-- method -->
              <div class="method">
                <div class="method-content">
                  <a name="placeOrder(org.testng.TestRunner@493489dd, AD1000filter, 1, gasftesting2@gmail.com, Mridul, Vashistha, 4 Tower ...)">
                  </a> <!-- placeOrder(org.testng.TestRunner@493489dd, AD1000filter, 1, gasftesting2@gmail.com, Mridul, Vashistha, 4 Tower ...) -->
                  <span class="method-name">placeOrder</span>
                  <span class="parameters">(org.testng.TestRunner@493489dd, AD1000filter, 1, gasftesting2@gmail.com, Mridul, Vashistha, 4 Tower Center Blvd, , East Brunswick, New Jersey, 08816, 83455666377, , $377.40, $29.95, $54.53, $833.48, $377.40, $29.95, $54.53, $833.48)</span>
                  <div class="stack-trace">java.lang.AssertionError: The following asserts failed:
	expected [$377.40] but found [$71.99],
	expected [$29.95] but found [$9.95],
	expected [$54.53] but found [$5.43],
	expected [$833.48] but found [$87.37],
	expected [$377.40] but found [$71.99],
	expected [$29.95] but found [$9.95],
	expected [$54.53] but found [$5.43],
	expected [$833.48] but found [$87.37]
	at org.testng.asserts.SoftAssert.assertAll(SoftAssert.java:47)
	at org.testng.asserts.SoftAssert.assertAll(SoftAssert.java:31)
	at agi.qa.airdoctor.tests.ADFiltersOrderFlowTest.placeOrder(ADFiltersOrderFlowTest.java:77)
	at jdk.internal.reflect.GeneratedMethodAccessor34.invoke(Unknown Source)
	at java.base/jdk.internal.reflect.DelegatingMethodAccessorImpl.invoke(DelegatingMethodAccessorImpl.java:43)
	at java.base/java.lang.reflect.Method.invoke(Method.java:568)
	at org.testng.internal.MethodInvocationHelper.invokeMethod(MethodInvocationHelper.java:133)
	at org.testng.internal.TestInvoker.invokeMethod(TestInvoker.java:584)
	at org.testng.internal.TestInvoker.invokeTestMethod(TestInvoker.java:172)
	at org.testng.internal.MethodRunner.runInSequence(MethodRunner.java:46)
	at org.testng.internal.TestInvoker$MethodInvocationAgent.invoke(TestInvoker.java:804)
	at org.testng.internal.TestInvoker.invokeTestMethods(TestInvoker.java:145)
	at org.testng.internal.TestMethodWorker.invokeTestMethods(TestMethodWorker.java:146)
	at org.testng.internal.TestMethodWorker.run(TestMethodWorker.java:128)
	at java.base/java.util.ArrayList.forEach(ArrayList.java:1511)
	at org.testng.TestRunner.privateRun(TestRunner.java:770)
	at org.testng.TestRunner.run(TestRunner.java:591)
	at org.testng.SuiteRunner.runTest(SuiteRunner.java:402)
	at org.testng.SuiteRunner.runSequentially(SuiteRunner.java:396)
	at org.testng.SuiteRunner.privateRun(SuiteRunner.java:355)
	at org.testng.SuiteRunner.run(SuiteRunner.java:304)
	at org.testng.SuiteRunnerWorker.runSuite(SuiteRunnerWorker.java:53)
	at org.testng.SuiteRunnerWorker.run(SuiteRunnerWorker.java:96)
	at org.testng.TestNG.runSuitesSequentially(TestNG.java:1180)
	at org.testng.TestNG.runSuitesLocally(TestNG.java:1102)
	at org.testng.TestNG.runSuites(TestNG.java:1032)
	at org.testng.TestNG.run(TestNG.java:1000)
	at org.testng.remote.AbstractRemoteTestNG.run(AbstractRemoteTestNG.java:115)
	at org.testng.remote.RemoteTestNG.initAndRun(RemoteTestNG.java:251)
	at org.testng.remote.RemoteTestNG.main(RemoteTestNG.java:77)

</div> <!-- stack-trace -->
                </div> <!-- method-content -->
              </div> <!-- method -->
              <div class="method">
                <div class="method-content">
                  <a name="placeOrder(org.testng.TestRunner@493489dd, AD5500hepafilter, 1, gasftesting2@gmail.com, Mridul, Vashistha, 424 ...)">
                  </a> <!-- placeOrder(org.testng.TestRunner@493489dd, AD5500hepafilter, 1, gasftesting2@gmail.com, Mridul, Vashistha, 424 ...) -->
                  <span class="method-name">placeOrder</span>
                  <span class="parameters">(org.testng.TestRunner@493489dd, AD5500hepafilter, 1, gasftesting2@gmail.com, Mridul, Vashistha, 424 W Markham St, , Little Rock, Arkansas, 72201, 83455666377, , $152.99, $9.95, $13.16, $176.39, $152.99, $9.95, $13.16, $176.39)</span>
                  <div class="stack-trace">java.lang.AssertionError: The following asserts failed:
	expected [$152.99] but found [$112.50],
	expected [$13.16] but found [$10.57],
	expected [$176.39] but found [$133.02],
	expected [$152.99] but found [$112.50],
	expected [$13.16] but found [$10.57],
	expected [$176.39] but found [$133.02]
	at org.testng.asserts.SoftAssert.assertAll(SoftAssert.java:47)
	at org.testng.asserts.SoftAssert.assertAll(SoftAssert.java:31)
	at agi.qa.airdoctor.tests.ADFiltersOrderFlowTest.placeOrder(ADFiltersOrderFlowTest.java:77)
	at jdk.internal.reflect.GeneratedMethodAccessor34.invoke(Unknown Source)
	at java.base/jdk.internal.reflect.DelegatingMethodAccessorImpl.invoke(DelegatingMethodAccessorImpl.java:43)
	at java.base/java.lang.reflect.Method.invoke(Method.java:568)
	at org.testng.internal.MethodInvocationHelper.invokeMethod(MethodInvocationHelper.java:133)
	at org.testng.internal.TestInvoker.invokeMethod(TestInvoker.java:584)
	at org.testng.internal.TestInvoker.invokeTestMethod(TestInvoker.java:172)
	at org.testng.internal.MethodRunner.runInSequence(MethodRunner.java:46)
	at org.testng.internal.TestInvoker$MethodInvocationAgent.invoke(TestInvoker.java:804)
	at org.testng.internal.TestInvoker.invokeTestMethods(TestInvoker.java:145)
	at org.testng.internal.TestMethodWorker.invokeTestMethods(TestMethodWorker.java:146)
	at org.testng.internal.TestMethodWorker.run(TestMethodWorker.java:128)
	at java.base/java.util.ArrayList.forEach(ArrayList.java:1511)
	at org.testng.TestRunner.privateRun(TestRunner.java:770)
	at org.testng.TestRunner.run(TestRunner.java:591)
	at org.testng.SuiteRunner.runTest(SuiteRunner.java:402)
	at org.testng.SuiteRunner.runSequentially(SuiteRunner.java:396)
	at org.testng.SuiteRunner.privateRun(SuiteRunner.java:355)
	at org.testng.SuiteRunner.run(SuiteRunner.java:304)
	at org.testng.SuiteRunnerWorker.runSuite(SuiteRunnerWorker.java:53)
	at org.testng.SuiteRunnerWorker.run(SuiteRunnerWorker.java:96)
	at org.testng.TestNG.runSuitesSequentially(TestNG.java:1180)
	at org.testng.TestNG.runSuitesLocally(TestNG.java:1102)
	at org.testng.TestNG.runSuites(TestNG.java:1032)
	at org.testng.TestNG.run(TestNG.java:1000)
	at org.testng.remote.AbstractRemoteTestNG.run(AbstractRemoteTestNG.java:115)
	at org.testng.remote.RemoteTestNG.initAndRun(RemoteTestNG.java:251)
	at org.testng.remote.RemoteTestNG.main(RemoteTestNG.java:77)

</div> <!-- stack-trace -->
                </div> <!-- method-content -->
              </div> <!-- method -->
              <div class="method">
                <div class="method-content">
                  <a name="placeOrder(org.testng.TestRunner@493489dd, AD5500carbonreplacementfilter, 3, gasftesting2@gmail.com, Mridul, Va...)">
                  </a> <!-- placeOrder(org.testng.TestRunner@493489dd, AD5500carbonreplacementfilter, 3, gasftesting2@gmail.com, Mridul, Va...) -->
                  <span class="method-name">placeOrder</span>
                  <span class="parameters">(org.testng.TestRunner@493489dd, AD5500carbonreplacementfilter, 3, gasftesting2@gmail.com, Mridul, Vashistha, 4025 Windward Plaza, , Alpharetta, Georgia, 30005, 83455666377, , $377.40, $29.95, $54.53, $833.48, $377.40, $29.95, $54.53, $833.48)</span>
                  <div class="stack-trace">org.openqa.selenium.InvalidSelectorException: invalid selector
from javascript error: {&quot;status&quot;:32,&quot;value&quot;:&quot;Unable to locate an element with the xpath expression //div[@class=&apos;product-price-wrapper&apos;]//a[contains(@class, &apos;single_add_to_cart_button_sales&apos;) and contains(@onclick, &apos;74353&apos;&apos;)] because of the following error:\nSyntaxError: Failed to execute &apos;evaluate&apos; on &apos;Document&apos;: The string &apos;//div[@class=&apos;product-price-wrapper&apos;]//a[contains(@class, &apos;single_add_to_cart_button_sales&apos;) and contains(@onclick, &apos;74353&apos;&apos;)]&apos; is not a valid XPath expression.&quot;}
  (Session info: chrome=126.0.6478.185)
For documentation on this error, please visit: https://www.selenium.dev/documentation/webdriver/troubleshooting/errors#invalid-selector-exception
Build info: version: &apos;4.19.0&apos;, revision: &apos;5f9cec8963&apos;
System info: os.name: &apos;Windows 11&apos;, os.arch: &apos;amd64&apos;, os.version: &apos;10.0&apos;, java.version: &apos;17.0.10&apos;
Driver info: org.openqa.selenium.chrome.ChromeDriver
Command: [f795d522c75ed0ac233ff7d39d171e35, findElement {value=//div[@class=&apos;product-price-wrapper&apos;]//a[contains(@class, &apos;single_add_to_cart_button_sales&apos;) and contains(@onclick, &apos;74353&apos;&apos;)], using=xpath}]
Capabilities {acceptInsecureCerts: false, browserName: chrome, browserVersion: 126.0.6478.185, chrome: {chromedriverVersion: 126.0.6478.182 (5b5d8292ddf..., userDataDir: C:\Users\MRIDUL~1\AppData\L...}, fedcm:accounts: true, goog:chromeOptions: {debuggerAddress: localhost:59893}, networkConnectionEnabled: false, pageLoadStrategy: normal, platformName: windows, proxy: Proxy(), se:cdp: ws://localhost:59893/devtoo..., se:cdpVersion: 126.0.6478.185, setWindowRect: true, strictFileInteractability: false, timeouts: {implicit: 0, pageLoad: 300000, script: 30000}, unhandledPromptBehavior: dismiss and notify, webauthn:extension:credBlob: true, webauthn:extension:largeBlob: true, webauthn:extension:minPinLength: true, webauthn:extension:prf: true, webauthn:virtualAuthenticators: true}
Session ID: f795d522c75ed0ac233ff7d39d171e35
	at java.base/jdk.internal.reflect.NativeConstructorAccessorImpl.newInstance0(Native Method)
	at java.base/jdk.internal.reflect.NativeConstructorAccessorImpl.newInstance(NativeConstructorAccessorImpl.java:77)
	at java.base/jdk.internal.reflect.DelegatingConstructorAccessorImpl.newInstance(DelegatingConstructorAccessorImpl.java:45)
	at java.base/java.lang.reflect.Constructor.newInstanceWithCaller(Constructor.java:499)
	at java.base/java.lang.reflect.Constructor.newInstance(Constructor.java:480)
	at org.openqa.selenium.remote.ErrorCodec.decode(ErrorCodec.java:167)
	at org.openqa.selenium.remote.codec.w3c.W3CHttpResponseCodec.decode(W3CHttpResponseCodec.java:138)
	at org.openqa.selenium.remote.codec.w3c.W3CHttpResponseCodec.decode(W3CHttpResponseCodec.java:50)
	at org.openqa.selenium.remote.HttpCommandExecutor.execute(HttpCommandExecutor.java:190)
	at org.openqa.selenium.remote.service.DriverCommandExecutor.invokeExecute(DriverCommandExecutor.java:216)
	at org.openqa.selenium.remote.service.DriverCommandExecutor.execute(DriverCommandExecutor.java:174)
	at org.openqa.selenium.remote.RemoteWebDriver.execute(RemoteWebDriver.java:518)
	at org.openqa.selenium.remote.ElementLocation$ElementFinder$2.findElement(ElementLocation.java:165)
	at org.openqa.selenium.remote.ElementLocation.findElement(ElementLocation.java:59)
	at org.openqa.selenium.remote.RemoteWebDriver.findElement(RemoteWebDriver.java:355)
	at org.openqa.selenium.remote.RemoteWebDriver.findElement(RemoteWebDriver.java:349)
	at agi.qa.airdoctor.utils.ElementUtil.getElement(ElementUtil.java:100)
	at agi.qa.airdoctor.utils.ElementUtil.scrollTiView(ElementUtil.java:401)
	at agi.qa.airdoctor.pages.ADFiltersOrderFlowPage.selectModel(ADFiltersOrderFlowPage.java:1347)
	at agi.qa.airdoctor.tests.ADFiltersOrderFlowTest.placeOrder(ADFiltersOrderFlowTest.java:47)
	at jdk.internal.reflect.GeneratedMethodAccessor34.invoke(Unknown Source)
	at java.base/jdk.internal.reflect.DelegatingMethodAccessorImpl.invoke(DelegatingMethodAccessorImpl.java:43)
	at java.base/java.lang.reflect.Method.invoke(Method.java:568)
	at org.testng.internal.MethodInvocationHelper.invokeMethod(MethodInvocationHelper.java:133)
	at org.testng.internal.TestInvoker.invokeMethod(TestInvoker.java:584)
	at org.testng.internal.TestInvoker.invokeTestMethod(TestInvoker.java:172)
	at org.testng.internal.MethodRunner.runInSequence(MethodRunner.java:46)
	at org.testng.internal.TestInvoker$MethodInvocationAgent.invoke(TestInvoker.java:804)
	at org.testng.internal.TestInvoker.invokeTestMethods(TestInvoker.java:145)
	at org.testng.internal.TestMethodWorker.invokeTestMethods(TestMethodWorker.java:146)
	at org.testng.internal.TestMethodWorker.run(TestMethodWorker.java:128)
	at java.base/java.util.ArrayList.forEach(ArrayList.java:1511)
	at org.testng.TestRunner.privateRun(TestRunner.java:770)
	at org.testng.TestRunner.run(TestRunner.java:591)
	at org.testng.SuiteRunner.runTest(SuiteRunner.java:402)
	at org.testng.SuiteRunner.runSequentially(SuiteRunner.java:396)
	at org.testng.SuiteRunner.privateRun(SuiteRunner.java:355)
	at org.testng.SuiteRunner.run(SuiteRunner.java:304)
	at org.testng.SuiteRunnerWorker.runSuite(SuiteRunnerWorker.java:53)
	at org.testng.SuiteRunnerWorker.run(SuiteRunnerWorker.java:96)
	at org.testng.TestNG.runSuitesSequentially(TestNG.java:1180)
	at org.testng.TestNG.runSuitesLocally(TestNG.java:1102)
	at org.testng.TestNG.runSuites(TestNG.java:1032)
	at org.testng.TestNG.run(TestNG.java:1000)
	at org.testng.remote.AbstractRemoteTestNG.run(AbstractRemoteTestNG.java:115)
	at org.testng.remote.RemoteTestNG.initAndRun(RemoteTestNG.java:251)
	at org.testng.remote.RemoteTestNG.main(RemoteTestNG.java:77)

</div> <!-- stack-trace -->
                </div> <!-- method-content -->
              </div> <!-- method -->
              <div class="method">
                <div class="method-content">
                  <a name="placeOrder(org.testng.TestRunner@493489dd, AD5500prereplacementfilter, 1, gasftesting2@gmail.com, Mridul, Vashi...)">
                  </a> <!-- placeOrder(org.testng.TestRunner@493489dd, AD5500prereplacementfilter, 1, gasftesting2@gmail.com, Mridul, Vashi...) -->
                  <span class="method-name">placeOrder</span>
                  <span class="parameters">(org.testng.TestRunner@493489dd, AD5500prereplacementfilter, 1, gasftesting2@gmail.com, Mridul, Vashistha, 790 7th Ave, , New York, New York, 10019, 83455666377, , $377.40, $29.95, $54.53, $833.48, $377.40, $29.95, $54.53, $833.48)</span>
                  <div class="stack-trace">java.lang.AssertionError: The following asserts failed:
	expected [$377.40] but found [$31.50],
	expected [$29.95] but found [$9.95],
	expected [$54.53] but found [$3.69],
	expected [$833.48] but found [$45.14],
	expected [$377.40] but found [$31.50],
	expected [$29.95] but found [$9.95],
	expected [$54.53] but found [$3.69],
	expected [$833.48] but found [$45.14]
	at org.testng.asserts.SoftAssert.assertAll(SoftAssert.java:47)
	at org.testng.asserts.SoftAssert.assertAll(SoftAssert.java:31)
	at agi.qa.airdoctor.tests.ADFiltersOrderFlowTest.placeOrder(ADFiltersOrderFlowTest.java:77)
	at java.base/jdk.internal.reflect.NativeMethodAccessorImpl.invoke0(Native Method)
	at java.base/jdk.internal.reflect.NativeMethodAccessorImpl.invoke(NativeMethodAccessorImpl.java:77)
	at java.base/jdk.internal.reflect.DelegatingMethodAccessorImpl.invoke(DelegatingMethodAccessorImpl.java:43)
	at java.base/java.lang.reflect.Method.invoke(Method.java:568)
	at org.testng.internal.MethodInvocationHelper.invokeMethod(MethodInvocationHelper.java:133)
	at org.testng.internal.TestInvoker.invokeMethod(TestInvoker.java:584)
	at org.testng.internal.TestInvoker.invokeTestMethod(TestInvoker.java:172)
	at org.testng.internal.MethodRunner.runInSequence(MethodRunner.java:46)
	at org.testng.internal.TestInvoker$MethodInvocationAgent.invoke(TestInvoker.java:804)
	at org.testng.internal.TestInvoker.invokeTestMethods(TestInvoker.java:145)
	at org.testng.internal.TestMethodWorker.invokeTestMethods(TestMethodWorker.java:146)
	at org.testng.internal.TestMethodWorker.run(TestMethodWorker.java:128)
	at java.base/java.util.ArrayList.forEach(ArrayList.java:1511)
	at org.testng.TestRunner.privateRun(TestRunner.java:770)
	at org.testng.TestRunner.run(TestRunner.java:591)
	at org.testng.SuiteRunner.runTest(SuiteRunner.java:402)
	at org.testng.SuiteRunner.runSequentially(SuiteRunner.java:396)
	at org.testng.SuiteRunner.privateRun(SuiteRunner.java:355)
	at org.testng.SuiteRunner.run(SuiteRunner.java:304)
	at org.testng.SuiteRunnerWorker.runSuite(SuiteRunnerWorker.java:53)
	at org.testng.SuiteRunnerWorker.run(SuiteRunnerWorker.java:96)
	at org.testng.TestNG.runSuitesSequentially(TestNG.java:1180)
	at org.testng.TestNG.runSuitesLocally(TestNG.java:1102)
	at org.testng.TestNG.runSuites(TestNG.java:1032)
	at org.testng.TestNG.run(TestNG.java:1000)
	at org.testng.remote.AbstractRemoteTestNG.run(AbstractRemoteTestNG.java:115)
	at org.testng.remote.RemoteTestNG.initAndRun(RemoteTestNG.java:251)
	at org.testng.remote.RemoteTestNG.main(RemoteTestNG.java:77)

</div> <!-- stack-trace -->
                </div> <!-- method-content -->
              </div> <!-- method -->
              <div class="method">
                <div class="method-content">
                  <a name="placeOrder(org.testng.TestRunner@493489dd, AD2000carbonreplacementfilter, 1, gasftesting2@gmail.com, Mridul, Va...)">
                  </a> <!-- placeOrder(org.testng.TestRunner@493489dd, AD2000carbonreplacementfilter, 1, gasftesting2@gmail.com, Mridul, Va...) -->
                  <span class="method-name">placeOrder</span>
                  <span class="parameters">(org.testng.TestRunner@493489dd, AD2000carbonreplacementfilter, 1, gasftesting2@gmail.com, Mridul, Vashistha, 2110 Rose St, , La Crosse, Wisconsin, 54603, 83455666377, , $152.99, $9.95, $13.16, $176.39, $152.99, $9.95, $13.16, $176.39)</span>
                  <div class="stack-trace">java.lang.AssertionError: The following asserts failed:
	expected [$152.99] but found [$40.46],
	expected [$13.16] but found [$2.77],
	expected [$176.39] but found [$53.18],
	expected [$152.99] but found [$40.46],
	expected [$13.16] but found [$2.77],
	expected [$176.39] but found [$53.18]
	at org.testng.asserts.SoftAssert.assertAll(SoftAssert.java:47)
	at org.testng.asserts.SoftAssert.assertAll(SoftAssert.java:31)
	at agi.qa.airdoctor.tests.ADFiltersOrderFlowTest.placeOrder(ADFiltersOrderFlowTest.java:77)
	at java.base/jdk.internal.reflect.NativeMethodAccessorImpl.invoke0(Native Method)
	at java.base/jdk.internal.reflect.NativeMethodAccessorImpl.invoke(NativeMethodAccessorImpl.java:77)
	at java.base/jdk.internal.reflect.DelegatingMethodAccessorImpl.invoke(DelegatingMethodAccessorImpl.java:43)
	at java.base/java.lang.reflect.Method.invoke(Method.java:568)
	at org.testng.internal.MethodInvocationHelper.invokeMethod(MethodInvocationHelper.java:133)
	at org.testng.internal.TestInvoker.invokeMethod(TestInvoker.java:584)
	at org.testng.internal.TestInvoker.invokeTestMethod(TestInvoker.java:172)
	at org.testng.internal.MethodRunner.runInSequence(MethodRunner.java:46)
	at org.testng.internal.TestInvoker$MethodInvocationAgent.invoke(TestInvoker.java:804)
	at org.testng.internal.TestInvoker.invokeTestMethods(TestInvoker.java:145)
	at org.testng.internal.TestMethodWorker.invokeTestMethods(TestMethodWorker.java:146)
	at org.testng.internal.TestMethodWorker.run(TestMethodWorker.java:128)
	at java.base/java.util.ArrayList.forEach(ArrayList.java:1511)
	at org.testng.TestRunner.privateRun(TestRunner.java:770)
	at org.testng.TestRunner.run(TestRunner.java:591)
	at org.testng.SuiteRunner.runTest(SuiteRunner.java:402)
	at org.testng.SuiteRunner.runSequentially(SuiteRunner.java:396)
	at org.testng.SuiteRunner.privateRun(SuiteRunner.java:355)
	at org.testng.SuiteRunner.run(SuiteRunner.java:304)
	at org.testng.SuiteRunnerWorker.runSuite(SuiteRunnerWorker.java:53)
	at org.testng.SuiteRunnerWorker.run(SuiteRunnerWorker.java:96)
	at org.testng.TestNG.runSuitesSequentially(TestNG.java:1180)
	at org.testng.TestNG.runSuitesLocally(TestNG.java:1102)
	at org.testng.TestNG.runSuites(TestNG.java:1032)
	at org.testng.TestNG.run(TestNG.java:1000)
	at org.testng.remote.AbstractRemoteTestNG.run(AbstractRemoteTestNG.java:115)
	at org.testng.remote.RemoteTestNG.initAndRun(RemoteTestNG.java:251)
	at org.testng.remote.RemoteTestNG.main(RemoteTestNG.java:77)

</div> <!-- stack-trace -->
                </div> <!-- method-content -->
              </div> <!-- method -->
              <div class="method">
                <div class="method-content">
                  <a name="placeOrder(org.testng.TestRunner@493489dd, AD3500carbonreplacementfilter, 1, gasftesting2@gmail.com, Mridul, Va...)">
                  </a> <!-- placeOrder(org.testng.TestRunner@493489dd, AD3500carbonreplacementfilter, 1, gasftesting2@gmail.com, Mridul, Va...) -->
                  <span class="method-name">placeOrder</span>
                  <span class="parameters">(org.testng.TestRunner@493489dd, AD3500carbonreplacementfilter, 1, gasftesting2@gmail.com, Mridul, Vashistha, 5353 N 27th St, , Lincoln, Nebraska, 68521, 83455666377, , $377.40, $29.95, $54.53, $833.48, $377.40, $29.95, $54.53, $833.48)</span>
                  <div class="stack-trace">java.lang.NullPointerException: Cannot invoke &quot;org.openqa.selenium.WebElement.getText()&quot; because the return value of &quot;agi.qa.airdoctor.utils.ElementUtil.getElement(org.openqa.selenium.By)&quot; is null
	at agi.qa.airdoctor.pages.ADFiltersOrderFlowPage.getpreorderdetails(ADFiltersOrderFlowPage.java:695)
	at agi.qa.airdoctor.tests.ADFiltersOrderFlowTest.placeOrder(ADFiltersOrderFlowTest.java:50)
	at java.base/jdk.internal.reflect.NativeMethodAccessorImpl.invoke0(Native Method)
	at java.base/jdk.internal.reflect.NativeMethodAccessorImpl.invoke(NativeMethodAccessorImpl.java:77)
	at java.base/jdk.internal.reflect.DelegatingMethodAccessorImpl.invoke(DelegatingMethodAccessorImpl.java:43)
	at java.base/java.lang.reflect.Method.invoke(Method.java:568)
	at org.testng.internal.MethodInvocationHelper.invokeMethod(MethodInvocationHelper.java:133)
	at org.testng.internal.TestInvoker.invokeMethod(TestInvoker.java:584)
	at org.testng.internal.TestInvoker.invokeTestMethod(TestInvoker.java:172)
	at org.testng.internal.MethodRunner.runInSequence(MethodRunner.java:46)
	at org.testng.internal.TestInvoker$MethodInvocationAgent.invoke(TestInvoker.java:804)
	at org.testng.internal.TestInvoker.invokeTestMethods(TestInvoker.java:145)
	at org.testng.internal.TestMethodWorker.invokeTestMethods(TestMethodWorker.java:146)
	at org.testng.internal.TestMethodWorker.run(TestMethodWorker.java:128)
	at java.base/java.util.ArrayList.forEach(ArrayList.java:1511)
	at org.testng.TestRunner.privateRun(TestRunner.java:770)
	at org.testng.TestRunner.run(TestRunner.java:591)
	at org.testng.SuiteRunner.runTest(SuiteRunner.java:402)
	at org.testng.SuiteRunner.runSequentially(SuiteRunner.java:396)
	at org.testng.SuiteRunner.privateRun(SuiteRunner.java:355)
	at org.testng.SuiteRunner.run(SuiteRunner.java:304)
	at org.testng.SuiteRunnerWorker.runSuite(SuiteRunnerWorker.java:53)
	at org.testng.SuiteRunnerWorker.run(SuiteRunnerWorker.java:96)
	at org.testng.TestNG.runSuitesSequentially(TestNG.java:1180)
	at org.testng.TestNG.runSuitesLocally(TestNG.java:1102)
	at org.testng.TestNG.runSuites(TestNG.java:1032)
	at org.testng.TestNG.run(TestNG.java:1000)
	at org.testng.remote.AbstractRemoteTestNG.run(AbstractRemoteTestNG.java:115)
	at org.testng.remote.RemoteTestNG.initAndRun(RemoteTestNG.java:251)
	at org.testng.remote.RemoteTestNG.main(RemoteTestNG.java:77)

</div> <!-- stack-trace -->
                </div> <!-- method-content -->
              </div> <!-- method -->
              <div class="method">
                <div class="method-content">
                  <a name="placeOrder(org.testng.TestRunner@493489dd, AD1000filter, 2, gasftesting2@gmail.com, Mridul, Vashistha, 8000 Jon...)">
                  </a> <!-- placeOrder(org.testng.TestRunner@493489dd, AD1000filter, 2, gasftesting2@gmail.com, Mridul, Vashistha, 8000 Jon...) -->
                  <span class="method-name">placeOrder</span>
                  <span class="parameters">(org.testng.TestRunner@493489dd, AD1000filter, 2, gasftesting2@gmail.com, Mridul, Vashistha, 8000 Jonestown Rd, , Harrisburg, Pennsylvania, 17112, 83455666377, , $377.40, Free Shipping, $0.00, $679.00, $377.40, Free Shipping, $0.00, $679.00)</span>
                  <div class="stack-trace">java.lang.AssertionError: The following asserts failed:
	expected [$377.40] but found [$143.98],
	expected [Free Shipping] but found [$19.90],
	expected [$0.00] but found [$9.83],
	expected [$679.00] but found [$173.71],
	expected [$377.40] but found [$143.98],
	expected [Free Shipping] but found [$19.90],
	expected [$0.00] but found [$9.83],
	expected [$679.00] but found [$173.71]
	at org.testng.asserts.SoftAssert.assertAll(SoftAssert.java:47)
	at org.testng.asserts.SoftAssert.assertAll(SoftAssert.java:31)
	at agi.qa.airdoctor.tests.ADFiltersOrderFlowTest.placeOrder(ADFiltersOrderFlowTest.java:77)
	at java.base/jdk.internal.reflect.NativeMethodAccessorImpl.invoke0(Native Method)
	at java.base/jdk.internal.reflect.NativeMethodAccessorImpl.invoke(NativeMethodAccessorImpl.java:77)
	at java.base/jdk.internal.reflect.DelegatingMethodAccessorImpl.invoke(DelegatingMethodAccessorImpl.java:43)
	at java.base/java.lang.reflect.Method.invoke(Method.java:568)
	at org.testng.internal.MethodInvocationHelper.invokeMethod(MethodInvocationHelper.java:133)
	at org.testng.internal.TestInvoker.invokeMethod(TestInvoker.java:584)
	at org.testng.internal.TestInvoker.invokeTestMethod(TestInvoker.java:172)
	at org.testng.internal.MethodRunner.runInSequence(MethodRunner.java:46)
	at org.testng.internal.TestInvoker$MethodInvocationAgent.invoke(TestInvoker.java:804)
	at org.testng.internal.TestInvoker.invokeTestMethods(TestInvoker.java:145)
	at org.testng.internal.TestMethodWorker.invokeTestMethods(TestMethodWorker.java:146)
	at org.testng.internal.TestMethodWorker.run(TestMethodWorker.java:128)
	at java.base/java.util.ArrayList.forEach(ArrayList.java:1511)
	at org.testng.TestRunner.privateRun(TestRunner.java:770)
	at org.testng.TestRunner.run(TestRunner.java:591)
	at org.testng.SuiteRunner.runTest(SuiteRunner.java:402)
	at org.testng.SuiteRunner.runSequentially(SuiteRunner.java:396)
	at org.testng.SuiteRunner.privateRun(SuiteRunner.java:355)
	at org.testng.SuiteRunner.run(SuiteRunner.java:304)
	at org.testng.SuiteRunnerWorker.runSuite(SuiteRunnerWorker.java:53)
	at org.testng.SuiteRunnerWorker.run(SuiteRunnerWorker.java:96)
	at org.testng.TestNG.runSuitesSequentially(TestNG.java:1180)
	at org.testng.TestNG.runSuitesLocally(TestNG.java:1102)
	at org.testng.TestNG.runSuites(TestNG.java:1032)
	at org.testng.TestNG.run(TestNG.java:1000)
	at org.testng.remote.AbstractRemoteTestNG.run(AbstractRemoteTestNG.java:115)
	at org.testng.remote.RemoteTestNG.initAndRun(RemoteTestNG.java:251)
	at org.testng.remote.RemoteTestNG.main(RemoteTestNG.java:77)

</div> <!-- stack-trace -->
                </div> <!-- method-content -->
              </div> <!-- method -->
              <div class="method">
                <div class="method-content">
                  <a name="placeOrder(org.testng.TestRunner@493489dd, AD5500carbonreplacementfilter, 1, gasftesting2@gmail.com, Mridul, Va...)">
                  </a> <!-- placeOrder(org.testng.TestRunner@493489dd, AD5500carbonreplacementfilter, 1, gasftesting2@gmail.com, Mridul, Va...) -->
                  <span class="method-name">placeOrder</span>
                  <span class="parameters">(org.testng.TestRunner@493489dd, AD5500carbonreplacementfilter, 1, gasftesting2@gmail.com, Mridul, Vashistha, 351 Pitkin St, , East Hartford, Connecticut, 06108, 83455666377, , $377.40, Free Shipping, $0.00, $679.00, $377.40, Free Shipping, $0.00, $679.00)</span>
                  <div class="stack-trace">org.openqa.selenium.InvalidSelectorException: invalid selector
from javascript error: {&quot;status&quot;:32,&quot;value&quot;:&quot;Unable to locate an element with the xpath expression //div[@class=&apos;product-price-wrapper&apos;]//a[contains(@class, &apos;single_add_to_cart_button_sales&apos;) and contains(@onclick, &apos;74353&apos;&apos;)] because of the following error:\nSyntaxError: Failed to execute &apos;evaluate&apos; on &apos;Document&apos;: The string &apos;//div[@class=&apos;product-price-wrapper&apos;]//a[contains(@class, &apos;single_add_to_cart_button_sales&apos;) and contains(@onclick, &apos;74353&apos;&apos;)]&apos; is not a valid XPath expression.&quot;}
  (Session info: chrome=126.0.6478.185)
For documentation on this error, please visit: https://www.selenium.dev/documentation/webdriver/troubleshooting/errors#invalid-selector-exception
Build info: version: &apos;4.19.0&apos;, revision: &apos;5f9cec8963&apos;
System info: os.name: &apos;Windows 11&apos;, os.arch: &apos;amd64&apos;, os.version: &apos;10.0&apos;, java.version: &apos;17.0.10&apos;
Driver info: org.openqa.selenium.chrome.ChromeDriver
Command: [0a54517f9d2dd44829e98b3c198dccfb, findElement {value=//div[@class=&apos;product-price-wrapper&apos;]//a[contains(@class, &apos;single_add_to_cart_button_sales&apos;) and contains(@onclick, &apos;74353&apos;&apos;)], using=xpath}]
Capabilities {acceptInsecureCerts: false, browserName: chrome, browserVersion: 126.0.6478.185, chrome: {chromedriverVersion: 126.0.6478.182 (5b5d8292ddf..., userDataDir: C:\Users\MRIDUL~1\AppData\L...}, fedcm:accounts: true, goog:chromeOptions: {debuggerAddress: localhost:59799}, networkConnectionEnabled: false, pageLoadStrategy: normal, platformName: windows, proxy: Proxy(), se:cdp: ws://localhost:59799/devtoo..., se:cdpVersion: 126.0.6478.185, setWindowRect: true, strictFileInteractability: false, timeouts: {implicit: 0, pageLoad: 300000, script: 30000}, unhandledPromptBehavior: dismiss and notify, webauthn:extension:credBlob: true, webauthn:extension:largeBlob: true, webauthn:extension:minPinLength: true, webauthn:extension:prf: true, webauthn:virtualAuthenticators: true}
Session ID: 0a54517f9d2dd44829e98b3c198dccfb
	at java.base/jdk.internal.reflect.NativeConstructorAccessorImpl.newInstance0(Native Method)
	at java.base/jdk.internal.reflect.NativeConstructorAccessorImpl.newInstance(NativeConstructorAccessorImpl.java:77)
	at java.base/jdk.internal.reflect.DelegatingConstructorAccessorImpl.newInstance(DelegatingConstructorAccessorImpl.java:45)
	at java.base/java.lang.reflect.Constructor.newInstanceWithCaller(Constructor.java:499)
	at java.base/java.lang.reflect.Constructor.newInstance(Constructor.java:480)
	at org.openqa.selenium.remote.ErrorCodec.decode(ErrorCodec.java:167)
	at org.openqa.selenium.remote.codec.w3c.W3CHttpResponseCodec.decode(W3CHttpResponseCodec.java:138)
	at org.openqa.selenium.remote.codec.w3c.W3CHttpResponseCodec.decode(W3CHttpResponseCodec.java:50)
	at org.openqa.selenium.remote.HttpCommandExecutor.execute(HttpCommandExecutor.java:190)
	at org.openqa.selenium.remote.service.DriverCommandExecutor.invokeExecute(DriverCommandExecutor.java:216)
	at org.openqa.selenium.remote.service.DriverCommandExecutor.execute(DriverCommandExecutor.java:174)
	at org.openqa.selenium.remote.RemoteWebDriver.execute(RemoteWebDriver.java:518)
	at org.openqa.selenium.remote.ElementLocation$ElementFinder$2.findElement(ElementLocation.java:165)
	at org.openqa.selenium.remote.ElementLocation.findElement(ElementLocation.java:59)
	at org.openqa.selenium.remote.RemoteWebDriver.findElement(RemoteWebDriver.java:355)
	at org.openqa.selenium.remote.RemoteWebDriver.findElement(RemoteWebDriver.java:349)
	at agi.qa.airdoctor.utils.ElementUtil.getElement(ElementUtil.java:100)
	at agi.qa.airdoctor.utils.ElementUtil.scrollTiView(ElementUtil.java:401)
	at agi.qa.airdoctor.pages.ADFiltersOrderFlowPage.selectModel(ADFiltersOrderFlowPage.java:1320)
	at agi.qa.airdoctor.tests.ADFiltersOrderFlowTest.placeOrder(ADFiltersOrderFlowTest.java:47)
	at jdk.internal.reflect.GeneratedMethodAccessor34.invoke(Unknown Source)
	at java.base/jdk.internal.reflect.DelegatingMethodAccessorImpl.invoke(DelegatingMethodAccessorImpl.java:43)
	at java.base/java.lang.reflect.Method.invoke(Method.java:568)
	at org.testng.internal.MethodInvocationHelper.invokeMethod(MethodInvocationHelper.java:133)
	at org.testng.internal.TestInvoker.invokeMethod(TestInvoker.java:584)
	at org.testng.internal.TestInvoker.invokeTestMethod(TestInvoker.java:172)
	at org.testng.internal.MethodRunner.runInSequence(MethodRunner.java:46)
	at org.testng.internal.TestInvoker$MethodInvocationAgent.invoke(TestInvoker.java:804)
	at org.testng.internal.TestInvoker.invokeTestMethods(TestInvoker.java:145)
	at org.testng.internal.TestMethodWorker.invokeTestMethods(TestMethodWorker.java:146)
	at org.testng.internal.TestMethodWorker.run(TestMethodWorker.java:128)
	at java.base/java.util.ArrayList.forEach(ArrayList.java:1511)
	at org.testng.TestRunner.privateRun(TestRunner.java:770)
	at org.testng.TestRunner.run(TestRunner.java:591)
	at org.testng.SuiteRunner.runTest(SuiteRunner.java:402)
	at org.testng.SuiteRunner.runSequentially(SuiteRunner.java:396)
	at org.testng.SuiteRunner.privateRun(SuiteRunner.java:355)
	at org.testng.SuiteRunner.run(SuiteRunner.java:304)
	at org.testng.SuiteRunnerWorker.runSuite(SuiteRunnerWorker.java:53)
	at org.testng.SuiteRunnerWorker.run(SuiteRunnerWorker.java:96)
	at org.testng.TestNG.runSuitesSequentially(TestNG.java:1180)
	at org.testng.TestNG.runSuitesLocally(TestNG.java:1102)
	at org.testng.TestNG.runSuites(TestNG.java:1032)
	at org.testng.TestNG.run(TestNG.java:1000)
	at org.testng.remote.AbstractRemoteTestNG.run(AbstractRemoteTestNG.java:115)
	at org.testng.remote.RemoteTestNG.initAndRun(RemoteTestNG.java:251)
	at org.testng.remote.RemoteTestNG.main(RemoteTestNG.java:77)

</div> <!-- stack-trace -->
                </div> <!-- method-content -->
              </div> <!-- method -->
              <div class="method">
                <div class="method-content">
                  <a name="placeOrder(org.testng.TestRunner@493489dd, AD1000filter, 3, gasftesting2@gmail.com, Mridul, Vashistha, 175 Hutc...)">
                  </a> <!-- placeOrder(org.testng.TestRunner@493489dd, AD1000filter, 3, gasftesting2@gmail.com, Mridul, Vashistha, 175 Hutc...) -->
                  <span class="method-name">placeOrder</span>
                  <span class="parameters">(org.testng.TestRunner@493489dd, AD1000filter, 3, gasftesting2@gmail.com, Mridul, Vashistha, 175 Hutchinson Ave, , Columbus, Ohio, 43235, 83455666377, , $377.40, $29.95, $54.53, $833.48, $377.40, $29.95, $54.53, $833.48)</span>
                  <div class="stack-trace">java.lang.AssertionError: The following asserts failed:
	expected [$377.40] but found [$215.97],
	expected [$29.95] but found [$29.85],
	expected [$54.53] but found [$2.24],
	expected [$833.48] but found [$248.06],
	expected [$377.40] but found [$215.97],
	expected [$29.95] but found [$29.85],
	expected [$54.53] but found [$2.24],
	expected [$833.48] but found [$248.06]
	at org.testng.asserts.SoftAssert.assertAll(SoftAssert.java:47)
	at org.testng.asserts.SoftAssert.assertAll(SoftAssert.java:31)
	at agi.qa.airdoctor.tests.ADFiltersOrderFlowTest.placeOrder(ADFiltersOrderFlowTest.java:77)
	at jdk.internal.reflect.GeneratedMethodAccessor34.invoke(Unknown Source)
	at java.base/jdk.internal.reflect.DelegatingMethodAccessorImpl.invoke(DelegatingMethodAccessorImpl.java:43)
	at java.base/java.lang.reflect.Method.invoke(Method.java:568)
	at org.testng.internal.MethodInvocationHelper.invokeMethod(MethodInvocationHelper.java:133)
	at org.testng.internal.TestInvoker.invokeMethod(TestInvoker.java:584)
	at org.testng.internal.TestInvoker.invokeTestMethod(TestInvoker.java:172)
	at org.testng.internal.MethodRunner.runInSequence(MethodRunner.java:46)
	at org.testng.internal.TestInvoker$MethodInvocationAgent.invoke(TestInvoker.java:804)
	at org.testng.internal.TestInvoker.invokeTestMethods(TestInvoker.java:145)
	at org.testng.internal.TestMethodWorker.invokeTestMethods(TestMethodWorker.java:146)
	at org.testng.internal.TestMethodWorker.run(TestMethodWorker.java:128)
	at java.base/java.util.ArrayList.forEach(ArrayList.java:1511)
	at org.testng.TestRunner.privateRun(TestRunner.java:770)
	at org.testng.TestRunner.run(TestRunner.java:591)
	at org.testng.SuiteRunner.runTest(SuiteRunner.java:402)
	at org.testng.SuiteRunner.runSequentially(SuiteRunner.java:396)
	at org.testng.SuiteRunner.privateRun(SuiteRunner.java:355)
	at org.testng.SuiteRunner.run(SuiteRunner.java:304)
	at org.testng.SuiteRunnerWorker.runSuite(SuiteRunnerWorker.java:53)
	at org.testng.SuiteRunnerWorker.run(SuiteRunnerWorker.java:96)
	at org.testng.TestNG.runSuitesSequentially(TestNG.java:1180)
	at org.testng.TestNG.runSuitesLocally(TestNG.java:1102)
	at org.testng.TestNG.runSuites(TestNG.java:1032)
	at org.testng.TestNG.run(TestNG.java:1000)
	at org.testng.remote.AbstractRemoteTestNG.run(AbstractRemoteTestNG.java:115)
	at org.testng.remote.RemoteTestNG.initAndRun(RemoteTestNG.java:251)
	at org.testng.remote.RemoteTestNG.main(RemoteTestNG.java:77)

</div> <!-- stack-trace -->
                </div> <!-- method-content -->
              </div> <!-- method -->
              <div class="method">
                <div class="method-content">
                  <a name="placeOrder(org.testng.TestRunner@493489dd, AD1000filter, 1, gasftesting2@gmail.com, Mridul, Vashistha, 8000 Jon...)">
                  </a> <!-- placeOrder(org.testng.TestRunner@493489dd, AD1000filter, 1, gasftesting2@gmail.com, Mridul, Vashistha, 8000 Jon...) -->
                  <span class="method-name">placeOrder</span>
                  <span class="parameters">(org.testng.TestRunner@493489dd, AD1000filter, 1, gasftesting2@gmail.com, Mridul, Vashistha, 8000 Jonestown Rd, , Harrisburg, Pennsylvania, 17112, 83455666377, , $152.99, $9.95, $13.16, $176.39, $152.99, $9.95, $13.16, $176.39)</span>
                  <div class="stack-trace">java.lang.AssertionError: The following asserts failed:
	expected [$152.99] but found [$71.99],
	expected [$13.16] but found [$4.92],
	expected [$176.39] but found [$86.86],
	expected [$152.99] but found [$71.99],
	expected [$13.16] but found [$4.92],
	expected [$176.39] but found [$86.86]
	at org.testng.asserts.SoftAssert.assertAll(SoftAssert.java:47)
	at org.testng.asserts.SoftAssert.assertAll(SoftAssert.java:31)
	at agi.qa.airdoctor.tests.ADFiltersOrderFlowTest.placeOrder(ADFiltersOrderFlowTest.java:77)
	at jdk.internal.reflect.GeneratedMethodAccessor34.invoke(Unknown Source)
	at java.base/jdk.internal.reflect.DelegatingMethodAccessorImpl.invoke(DelegatingMethodAccessorImpl.java:43)
	at java.base/java.lang.reflect.Method.invoke(Method.java:568)
	at org.testng.internal.MethodInvocationHelper.invokeMethod(MethodInvocationHelper.java:133)
	at org.testng.internal.TestInvoker.invokeMethod(TestInvoker.java:584)
	at org.testng.internal.TestInvoker.invokeTestMethod(TestInvoker.java:172)
	at org.testng.internal.MethodRunner.runInSequence(MethodRunner.java:46)
	at org.testng.internal.TestInvoker$MethodInvocationAgent.invoke(TestInvoker.java:804)
	at org.testng.internal.TestInvoker.invokeTestMethods(TestInvoker.java:145)
	at org.testng.internal.TestMethodWorker.invokeTestMethods(TestMethodWorker.java:146)
	at org.testng.internal.TestMethodWorker.run(TestMethodWorker.java:128)
	at java.base/java.util.ArrayList.forEach(ArrayList.java:1511)
	at org.testng.TestRunner.privateRun(TestRunner.java:770)
	at org.testng.TestRunner.run(TestRunner.java:591)
	at org.testng.SuiteRunner.runTest(SuiteRunner.java:402)
	at org.testng.SuiteRunner.runSequentially(SuiteRunner.java:396)
	at org.testng.SuiteRunner.privateRun(SuiteRunner.java:355)
	at org.testng.SuiteRunner.run(SuiteRunner.java:304)
	at org.testng.SuiteRunnerWorker.runSuite(SuiteRunnerWorker.java:53)
	at org.testng.SuiteRunnerWorker.run(SuiteRunnerWorker.java:96)
	at org.testng.TestNG.runSuitesSequentially(TestNG.java:1180)
	at org.testng.TestNG.runSuitesLocally(TestNG.java:1102)
	at org.testng.TestNG.runSuites(TestNG.java:1032)
	at org.testng.TestNG.run(TestNG.java:1000)
	at org.testng.remote.AbstractRemoteTestNG.run(AbstractRemoteTestNG.java:115)
	at org.testng.remote.RemoteTestNG.initAndRun(RemoteTestNG.java:251)
	at org.testng.remote.RemoteTestNG.main(RemoteTestNG.java:77)

</div> <!-- stack-trace -->
                </div> <!-- method-content -->
              </div> <!-- method -->
              <div class="method">
                <div class="method-content">
                  <a name="placeOrder(org.testng.TestRunner@493489dd, AD3500carbonreplacementfilter, 1, gasftesting2@gmail.com, Mridul, Va...)">
                  </a> <!-- placeOrder(org.testng.TestRunner@493489dd, AD3500carbonreplacementfilter, 1, gasftesting2@gmail.com, Mridul, Va...) -->
                  <span class="method-name">placeOrder</span>
                  <span class="parameters">(org.testng.TestRunner@493489dd, AD3500carbonreplacementfilter, 1, gasftesting2@gmail.com, Mridul, Vashistha, 1075 E Turtle Court, , Park City, Kansas, 67147, 83455666377, , $377.40, $29.95, $54.53, $833.48, $377.40, $29.95, $54.53, $833.48)</span>
                  <div class="stack-trace">java.lang.NullPointerException: Cannot invoke &quot;org.openqa.selenium.WebElement.getText()&quot; because the return value of &quot;agi.qa.airdoctor.utils.ElementUtil.getElement(org.openqa.selenium.By)&quot; is null
	at agi.qa.airdoctor.pages.ADFiltersOrderFlowPage.getpreorderdetails(ADFiltersOrderFlowPage.java:695)
	at agi.qa.airdoctor.tests.ADFiltersOrderFlowTest.placeOrder(ADFiltersOrderFlowTest.java:50)
	at jdk.internal.reflect.GeneratedMethodAccessor34.invoke(Unknown Source)
	at java.base/jdk.internal.reflect.DelegatingMethodAccessorImpl.invoke(DelegatingMethodAccessorImpl.java:43)
	at java.base/java.lang.reflect.Method.invoke(Method.java:568)
	at org.testng.internal.MethodInvocationHelper.invokeMethod(MethodInvocationHelper.java:133)
	at org.testng.internal.TestInvoker.invokeMethod(TestInvoker.java:584)
	at org.testng.internal.TestInvoker.invokeTestMethod(TestInvoker.java:172)
	at org.testng.internal.MethodRunner.runInSequence(MethodRunner.java:46)
	at org.testng.internal.TestInvoker$MethodInvocationAgent.invoke(TestInvoker.java:804)
	at org.testng.internal.TestInvoker.invokeTestMethods(TestInvoker.java:145)
	at org.testng.internal.TestMethodWorker.invokeTestMethods(TestMethodWorker.java:146)
	at org.testng.internal.TestMethodWorker.run(TestMethodWorker.java:128)
	at java.base/java.util.ArrayList.forEach(ArrayList.java:1511)
	at org.testng.TestRunner.privateRun(TestRunner.java:770)
	at org.testng.TestRunner.run(TestRunner.java:591)
	at org.testng.SuiteRunner.runTest(SuiteRunner.java:402)
	at org.testng.SuiteRunner.runSequentially(SuiteRunner.java:396)
	at org.testng.SuiteRunner.privateRun(SuiteRunner.java:355)
	at org.testng.SuiteRunner.run(SuiteRunner.java:304)
	at org.testng.SuiteRunnerWorker.runSuite(SuiteRunnerWorker.java:53)
	at org.testng.SuiteRunnerWorker.run(SuiteRunnerWorker.java:96)
	at org.testng.TestNG.runSuitesSequentially(TestNG.java:1180)
	at org.testng.TestNG.runSuitesLocally(TestNG.java:1102)
	at org.testng.TestNG.runSuites(TestNG.java:1032)
	at org.testng.TestNG.run(TestNG.java:1000)
	at org.testng.remote.AbstractRemoteTestNG.run(AbstractRemoteTestNG.java:115)
	at org.testng.remote.RemoteTestNG.initAndRun(RemoteTestNG.java:251)
	at org.testng.remote.RemoteTestNG.main(RemoteTestNG.java:77)

</div> <!-- stack-trace -->
                </div> <!-- method-content -->
              </div> <!-- method -->
              <div class="method">
                <div class="method-content">
                  <a name="placeOrder(org.testng.TestRunner@493489dd, AD2000filtercombo, 1, gasftesting2@gmail.com, Mridul, Vashistha, 150...)">
                  </a> <!-- placeOrder(org.testng.TestRunner@493489dd, AD2000filtercombo, 1, gasftesting2@gmail.com, Mridul, Vashistha, 150...) -->
                  <span class="method-name">placeOrder</span>
                  <span class="parameters">(org.testng.TestRunner@493489dd, AD2000filtercombo, 1, gasftesting2@gmail.com, Mridul, Vashistha, 1505 S Adams St, , Fulton, Mississippi, 38843, 83455666377, , $377.40, Free Shipping, $0.00, $679.00, $377.40, Free Shipping, $0.00, $679.00)</span>
                  <div class="stack-trace">java.lang.AssertionError: The following asserts failed:
	expected [$377.40] but found [$103.49],
	expected [Free Shipping] but found [$9.95],
	expected [$0.00] but found [$7.94],
	expected [$679.00] but found [$121.38],
	expected [$377.40] but found [$103.49],
	expected [Free Shipping] but found [$9.95],
	expected [$0.00] but found [$7.94],
	expected [$679.00] but found [$121.38]
	at org.testng.asserts.SoftAssert.assertAll(SoftAssert.java:47)
	at org.testng.asserts.SoftAssert.assertAll(SoftAssert.java:31)
	at agi.qa.airdoctor.tests.ADFiltersOrderFlowTest.placeOrder(ADFiltersOrderFlowTest.java:77)
	at jdk.internal.reflect.GeneratedMethodAccessor34.invoke(Unknown Source)
	at java.base/jdk.internal.reflect.DelegatingMethodAccessorImpl.invoke(DelegatingMethodAccessorImpl.java:43)
	at java.base/java.lang.reflect.Method.invoke(Method.java:568)
	at org.testng.internal.MethodInvocationHelper.invokeMethod(MethodInvocationHelper.java:133)
	at org.testng.internal.TestInvoker.invokeMethod(TestInvoker.java:584)
	at org.testng.internal.TestInvoker.invokeTestMethod(TestInvoker.java:172)
	at org.testng.internal.MethodRunner.runInSequence(MethodRunner.java:46)
	at org.testng.internal.TestInvoker$MethodInvocationAgent.invoke(TestInvoker.java:804)
	at org.testng.internal.TestInvoker.invokeTestMethods(TestInvoker.java:145)
	at org.testng.internal.TestMethodWorker.invokeTestMethods(TestMethodWorker.java:146)
	at org.testng.internal.TestMethodWorker.run(TestMethodWorker.java:128)
	at java.base/java.util.ArrayList.forEach(ArrayList.java:1511)
	at org.testng.TestRunner.privateRun(TestRunner.java:770)
	at org.testng.TestRunner.run(TestRunner.java:591)
	at org.testng.SuiteRunner.runTest(SuiteRunner.java:402)
	at org.testng.SuiteRunner.runSequentially(SuiteRunner.java:396)
	at org.testng.SuiteRunner.privateRun(SuiteRunner.java:355)
	at org.testng.SuiteRunner.run(SuiteRunner.java:304)
	at org.testng.SuiteRunnerWorker.runSuite(SuiteRunnerWorker.java:53)
	at org.testng.SuiteRunnerWorker.run(SuiteRunnerWorker.java:96)
	at org.testng.TestNG.runSuitesSequentially(TestNG.java:1180)
	at org.testng.TestNG.runSuitesLocally(TestNG.java:1102)
	at org.testng.TestNG.runSuites(TestNG.java:1032)
	at org.testng.TestNG.run(TestNG.java:1000)
	at org.testng.remote.AbstractRemoteTestNG.run(AbstractRemoteTestNG.java:115)
	at org.testng.remote.RemoteTestNG.initAndRun(RemoteTestNG.java:251)
	at org.testng.remote.RemoteTestNG.main(RemoteTestNG.java:77)

</div> <!-- stack-trace -->
                </div> <!-- method-content -->
              </div> <!-- method -->
              <div class="method">
                <div class="method-content">
                  <a name="placeOrder(org.testng.TestRunner@493489dd, AD3500prereplacementfilter, 1, gasftesting2@gmail.com, Mridul, Vashi...)">
                  </a> <!-- placeOrder(org.testng.TestRunner@493489dd, AD3500prereplacementfilter, 1, gasftesting2@gmail.com, Mridul, Vashi...) -->
                  <span class="method-name">placeOrder</span>
                  <span class="parameters">(org.testng.TestRunner@493489dd, AD3500prereplacementfilter, 1, gasftesting2@gmail.com, Mridul, Vashistha, 4 Tower Center Blvd, , East Brunswick, New Jersey, 08816, 83455666377, , $152.99, $9.95, $13.16, $176.39, $152.99, $9.95, $13.16, $176.39)</span>
                  <div class="stack-trace">java.lang.AssertionError: The following asserts failed:
	expected [$152.99] but found [$17.96],
	expected [$13.16] but found [$1.85],
	expected [$176.39] but found [$29.76],
	expected [$152.99] but found [$17.96],
	expected [$13.16] but found [$1.85],
	expected [$176.39] but found [$29.76]
	at org.testng.asserts.SoftAssert.assertAll(SoftAssert.java:47)
	at org.testng.asserts.SoftAssert.assertAll(SoftAssert.java:31)
	at agi.qa.airdoctor.tests.ADFiltersOrderFlowTest.placeOrder(ADFiltersOrderFlowTest.java:77)
	at java.base/jdk.internal.reflect.NativeMethodAccessorImpl.invoke0(Native Method)
	at java.base/jdk.internal.reflect.NativeMethodAccessorImpl.invoke(NativeMethodAccessorImpl.java:77)
	at java.base/jdk.internal.reflect.DelegatingMethodAccessorImpl.invoke(DelegatingMethodAccessorImpl.java:43)
	at java.base/java.lang.reflect.Method.invoke(Method.java:568)
	at org.testng.internal.MethodInvocationHelper.invokeMethod(MethodInvocationHelper.java:133)
	at org.testng.internal.TestInvoker.invokeMethod(TestInvoker.java:584)
	at org.testng.internal.TestInvoker.invokeTestMethod(TestInvoker.java:172)
	at org.testng.internal.MethodRunner.runInSequence(MethodRunner.java:46)
	at org.testng.internal.TestInvoker$MethodInvocationAgent.invoke(TestInvoker.java:804)
	at org.testng.internal.TestInvoker.invokeTestMethods(TestInvoker.java:145)
	at org.testng.internal.TestMethodWorker.invokeTestMethods(TestMethodWorker.java:146)
	at org.testng.internal.TestMethodWorker.run(TestMethodWorker.java:128)
	at java.base/java.util.ArrayList.forEach(ArrayList.java:1511)
	at org.testng.TestRunner.privateRun(TestRunner.java:770)
	at org.testng.TestRunner.run(TestRunner.java:591)
	at org.testng.SuiteRunner.runTest(SuiteRunner.java:402)
	at org.testng.SuiteRunner.runSequentially(SuiteRunner.java:396)
	at org.testng.SuiteRunner.privateRun(SuiteRunner.java:355)
	at org.testng.SuiteRunner.run(SuiteRunner.java:304)
	at org.testng.SuiteRunnerWorker.runSuite(SuiteRunnerWorker.java:53)
	at org.testng.SuiteRunnerWorker.run(SuiteRunnerWorker.java:96)
	at org.testng.TestNG.runSuitesSequentially(TestNG.java:1180)
	at org.testng.TestNG.runSuitesLocally(TestNG.java:1102)
	at org.testng.TestNG.runSuites(TestNG.java:1032)
	at org.testng.TestNG.run(TestNG.java:1000)
	at org.testng.remote.AbstractRemoteTestNG.run(AbstractRemoteTestNG.java:115)
	at org.testng.remote.RemoteTestNG.initAndRun(RemoteTestNG.java:251)
	at org.testng.remote.RemoteTestNG.main(RemoteTestNG.java:77)

</div> <!-- stack-trace -->
                </div> <!-- method-content -->
              </div> <!-- method -->
              <div class="method">
                <div class="method-content">
                  <a name="placeOrder(org.testng.TestRunner@493489dd, AD5500prereplacementfilter, 1, gasftesting2@gmail.com, Mridul, Vashi...)">
                  </a> <!-- placeOrder(org.testng.TestRunner@493489dd, AD5500prereplacementfilter, 1, gasftesting2@gmail.com, Mridul, Vashi...) -->
                  <span class="method-name">placeOrder</span>
                  <span class="parameters">(org.testng.TestRunner@493489dd, AD5500prereplacementfilter, 1, gasftesting2@gmail.com, Mridul, Vashistha, 2800 Campus Walk Ave, , Durham, North Carolina, 27705, 83455666377, , $377.40, $29.95, $54.53, $833.48, $377.40, $29.95, $54.53, $833.48)</span>
                  <div class="stack-trace">java.lang.AssertionError: The following asserts failed:
	expected [$377.40] but found [$31.50],
	expected [$29.95] but found [$9.95],
	expected [$54.53] but found [$3.11],
	expected [$833.48] but found [$44.56],
	expected [$377.40] but found [$31.50],
	expected [$29.95] but found [$9.95],
	expected [$54.53] but found [$3.11],
	expected [$833.48] but found [$44.56]
	at org.testng.asserts.SoftAssert.assertAll(SoftAssert.java:47)
	at org.testng.asserts.SoftAssert.assertAll(SoftAssert.java:31)
	at agi.qa.airdoctor.tests.ADFiltersOrderFlowTest.placeOrder(ADFiltersOrderFlowTest.java:77)
	at jdk.internal.reflect.GeneratedMethodAccessor34.invoke(Unknown Source)
	at java.base/jdk.internal.reflect.DelegatingMethodAccessorImpl.invoke(DelegatingMethodAccessorImpl.java:43)
	at java.base/java.lang.reflect.Method.invoke(Method.java:568)
	at org.testng.internal.MethodInvocationHelper.invokeMethod(MethodInvocationHelper.java:133)
	at org.testng.internal.TestInvoker.invokeMethod(TestInvoker.java:584)
	at org.testng.internal.TestInvoker.invokeTestMethod(TestInvoker.java:172)
	at org.testng.internal.MethodRunner.runInSequence(MethodRunner.java:46)
	at org.testng.internal.TestInvoker$MethodInvocationAgent.invoke(TestInvoker.java:804)
	at org.testng.internal.TestInvoker.invokeTestMethods(TestInvoker.java:145)
	at org.testng.internal.TestMethodWorker.invokeTestMethods(TestMethodWorker.java:146)
	at org.testng.internal.TestMethodWorker.run(TestMethodWorker.java:128)
	at java.base/java.util.ArrayList.forEach(ArrayList.java:1511)
	at org.testng.TestRunner.privateRun(TestRunner.java:770)
	at org.testng.TestRunner.run(TestRunner.java:591)
	at org.testng.SuiteRunner.runTest(SuiteRunner.java:402)
	at org.testng.SuiteRunner.runSequentially(SuiteRunner.java:396)
	at org.testng.SuiteRunner.privateRun(SuiteRunner.java:355)
	at org.testng.SuiteRunner.run(SuiteRunner.java:304)
	at org.testng.SuiteRunnerWorker.runSuite(SuiteRunnerWorker.java:53)
	at org.testng.SuiteRunnerWorker.run(SuiteRunnerWorker.java:96)
	at org.testng.TestNG.runSuitesSequentially(TestNG.java:1180)
	at org.testng.TestNG.runSuitesLocally(TestNG.java:1102)
	at org.testng.TestNG.runSuites(TestNG.java:1032)
	at org.testng.TestNG.run(TestNG.java:1000)
	at org.testng.remote.AbstractRemoteTestNG.run(AbstractRemoteTestNG.java:115)
	at org.testng.remote.RemoteTestNG.initAndRun(RemoteTestNG.java:251)
	at org.testng.remote.RemoteTestNG.main(RemoteTestNG.java:77)

</div> <!-- stack-trace -->
                </div> <!-- method-content -->
              </div> <!-- method -->
              <div class="method">
                <div class="method-content">
                  <a name="placeOrder(org.testng.TestRunner@493489dd, AD5500prereplacementfilter, 1, gasftesting2@gmail.com, Mridul, Vashi...)">
                  </a> <!-- placeOrder(org.testng.TestRunner@493489dd, AD5500prereplacementfilter, 1, gasftesting2@gmail.com, Mridul, Vashi...) -->
                  <span class="method-name">placeOrder</span>
                  <span class="parameters">(org.testng.TestRunner@493489dd, AD5500prereplacementfilter, 1, gasftesting2@gmail.com, Mridul, Vashistha, 790 7th Ave, , New York, New York, 10019, 83455666377, , $377.40, Free Shipping, $0.00, $679.00, $377.40, Free Shipping, $0.00, $679.00)</span>
                  <div class="stack-trace">java.lang.AssertionError: The following asserts failed:
	expected [$377.40] but found [$31.50],
	expected [Free Shipping] but found [$9.95],
	expected [$0.00] but found [$3.69],
	expected [$679.00] but found [$45.14],
	expected [$377.40] but found [$31.50],
	expected [Free Shipping] but found [$9.95],
	expected [$0.00] but found [$3.69],
	expected [$679.00] but found [$45.14]
	at org.testng.asserts.SoftAssert.assertAll(SoftAssert.java:47)
	at org.testng.asserts.SoftAssert.assertAll(SoftAssert.java:31)
	at agi.qa.airdoctor.tests.ADFiltersOrderFlowTest.placeOrder(ADFiltersOrderFlowTest.java:77)
	at jdk.internal.reflect.GeneratedMethodAccessor34.invoke(Unknown Source)
	at java.base/jdk.internal.reflect.DelegatingMethodAccessorImpl.invoke(DelegatingMethodAccessorImpl.java:43)
	at java.base/java.lang.reflect.Method.invoke(Method.java:568)
	at org.testng.internal.MethodInvocationHelper.invokeMethod(MethodInvocationHelper.java:133)
	at org.testng.internal.TestInvoker.invokeMethod(TestInvoker.java:584)
	at org.testng.internal.TestInvoker.invokeTestMethod(TestInvoker.java:172)
	at org.testng.internal.MethodRunner.runInSequence(MethodRunner.java:46)
	at org.testng.internal.TestInvoker$MethodInvocationAgent.invoke(TestInvoker.java:804)
	at org.testng.internal.TestInvoker.invokeTestMethods(TestInvoker.java:145)
	at org.testng.internal.TestMethodWorker.invokeTestMethods(TestMethodWorker.java:146)
	at org.testng.internal.TestMethodWorker.run(TestMethodWorker.java:128)
	at java.base/java.util.ArrayList.forEach(ArrayList.java:1511)
	at org.testng.TestRunner.privateRun(TestRunner.java:770)
	at org.testng.TestRunner.run(TestRunner.java:591)
	at org.testng.SuiteRunner.runTest(SuiteRunner.java:402)
	at org.testng.SuiteRunner.runSequentially(SuiteRunner.java:396)
	at org.testng.SuiteRunner.privateRun(SuiteRunner.java:355)
	at org.testng.SuiteRunner.run(SuiteRunner.java:304)
	at org.testng.SuiteRunnerWorker.runSuite(SuiteRunnerWorker.java:53)
	at org.testng.SuiteRunnerWorker.run(SuiteRunnerWorker.java:96)
	at org.testng.TestNG.runSuitesSequentially(TestNG.java:1180)
	at org.testng.TestNG.runSuitesLocally(TestNG.java:1102)
	at org.testng.TestNG.runSuites(TestNG.java:1032)
	at org.testng.TestNG.run(TestNG.java:1000)
	at org.testng.remote.AbstractRemoteTestNG.run(AbstractRemoteTestNG.java:115)
	at org.testng.remote.RemoteTestNG.initAndRun(RemoteTestNG.java:251)
	at org.testng.remote.RemoteTestNG.main(RemoteTestNG.java:77)

</div> <!-- stack-trace -->
                </div> <!-- method-content -->
              </div> <!-- method -->
              <div class="method">
                <div class="method-content">
                  <a name="placeOrder(org.testng.TestRunner@493489dd, AD1000filter, 1, gasftesting2@gmail.com, Mridul, Vashistha, 5353 N 2...)">
                  </a> <!-- placeOrder(org.testng.TestRunner@493489dd, AD1000filter, 1, gasftesting2@gmail.com, Mridul, Vashistha, 5353 N 2...) -->
                  <span class="method-name">placeOrder</span>
                  <span class="parameters">(org.testng.TestRunner@493489dd, AD1000filter, 1, gasftesting2@gmail.com, Mridul, Vashistha, 5353 N 27th St, , Lincoln, Nebraska, 68521, 83455666377, , $377.40, Free Shipping, $0.00, $679.00, $377.40, Free Shipping, $0.00, $679.00)</span>
                  <div class="stack-trace">org.openqa.selenium.TimeoutException: Expected condition failed: waiting for element to be clickable: By.id: wdc_popup (tried for 5 second(s) with 500 milliseconds interval)
Build info: version: &apos;4.19.0&apos;, revision: &apos;5f9cec8963&apos;
System info: os.name: &apos;Windows 11&apos;, os.arch: &apos;amd64&apos;, os.version: &apos;10.0&apos;, java.version: &apos;17.0.10&apos;
Driver info: org.openqa.selenium.chrome.ChromeDriver
Capabilities {acceptInsecureCerts: false, browserName: chrome, browserVersion: 126.0.6478.185, chrome: {chromedriverVersion: 126.0.6478.182 (5b5d8292ddf..., userDataDir: C:\Users\MRIDUL~1\AppData\L...}, fedcm:accounts: true, goog:chromeOptions: {debuggerAddress: localhost:61797}, networkConnectionEnabled: false, pageLoadStrategy: normal, platformName: windows, proxy: Proxy(), se:cdp: ws://localhost:61797/devtoo..., se:cdpVersion: 126.0.6478.185, setWindowRect: true, strictFileInteractability: false, timeouts: {implicit: 0, pageLoad: 300000, script: 30000}, unhandledPromptBehavior: dismiss and notify, webauthn:extension:credBlob: true, webauthn:extension:largeBlob: true, webauthn:extension:minPinLength: true, webauthn:extension:prf: true, webauthn:virtualAuthenticators: true}
Session ID: 6075e1878733eed91763705e7801deca
	at org.openqa.selenium.support.ui.WebDriverWait.timeoutException(WebDriverWait.java:84)
	at org.openqa.selenium.support.ui.FluentWait.until(FluentWait.java:228)
	at agi.qa.airdoctor.utils.ElementUtil.clickWhenReady(ElementUtil.java:422)
	at agi.qa.airdoctor.pages.ADFiltersOrderFlowPage.placeOrder(ADFiltersOrderFlowPage.java:822)
	at agi.qa.airdoctor.tests.ADFiltersOrderFlowTest.placeOrder(ADFiltersOrderFlowTest.java:60)
	at jdk.internal.reflect.GeneratedMethodAccessor34.invoke(Unknown Source)
	at java.base/jdk.internal.reflect.DelegatingMethodAccessorImpl.invoke(DelegatingMethodAccessorImpl.java:43)
	at java.base/java.lang.reflect.Method.invoke(Method.java:568)
	at org.testng.internal.MethodInvocationHelper.invokeMethod(MethodInvocationHelper.java:133)
	at org.testng.internal.TestInvoker.invokeMethod(TestInvoker.java:584)
	at org.testng.internal.TestInvoker.invokeTestMethod(TestInvoker.java:172)
	at org.testng.internal.MethodRunner.runInSequence(MethodRunner.java:46)
	at org.testng.internal.TestInvoker$MethodInvocationAgent.invoke(TestInvoker.java:804)
	at org.testng.internal.TestInvoker.invokeTestMethods(TestInvoker.java:145)
	at org.testng.internal.TestMethodWorker.invokeTestMethods(TestMethodWorker.java:146)
	at org.testng.internal.TestMethodWorker.run(TestMethodWorker.java:128)
	at java.base/java.util.ArrayList.forEach(ArrayList.java:1511)
	at org.testng.TestRunner.privateRun(TestRunner.java:770)
	at org.testng.TestRunner.run(TestRunner.java:591)
	at org.testng.SuiteRunner.runTest(SuiteRunner.java:402)
	at org.testng.SuiteRunner.runSequentially(SuiteRunner.java:396)
	at org.testng.SuiteRunner.privateRun(SuiteRunner.java:355)
	at org.testng.SuiteRunner.run(SuiteRunner.java:304)
	at org.testng.SuiteRunnerWorker.runSuite(SuiteRunnerWorker.java:53)
	at org.testng.SuiteRunnerWorker.run(SuiteRunnerWorker.java:96)
	at org.testng.TestNG.runSuitesSequentially(TestNG.java:1180)
	at org.testng.TestNG.runSuitesLocally(TestNG.java:1102)
	at org.testng.TestNG.runSuites(TestNG.java:1032)
	at org.testng.TestNG.run(TestNG.java:1000)
	at org.testng.remote.AbstractRemoteTestNG.run(AbstractRemoteTestNG.java:115)
	at org.testng.remote.RemoteTestNG.initAndRun(RemoteTestNG.java:251)
	at org.testng.remote.RemoteTestNG.main(RemoteTestNG.java:77)

</div> <!-- stack-trace -->
                </div> <!-- method-content -->
              </div> <!-- method -->
              <div class="method">
                <div class="method-content">
                  <a name="placeOrder(org.testng.TestRunner@493489dd, AD2000filtercombo, 2, gasftesting2@gmail.com, Mridul, Vashistha, 800...)">
                  </a> <!-- placeOrder(org.testng.TestRunner@493489dd, AD2000filtercombo, 2, gasftesting2@gmail.com, Mridul, Vashistha, 800...) -->
                  <span class="method-name">placeOrder</span>
                  <span class="parameters">(org.testng.TestRunner@493489dd, AD2000filtercombo, 2, gasftesting2@gmail.com, Mridul, Vashistha, 800 Rio Grande Blvd NW, , Albuquerque, New Mexico, 87104, 83455666377, , $152.99, $9.95, $13.16, $176.39, $152.99, $9.95, $13.16, $176.39)</span>
                  <div class="stack-trace">java.lang.NullPointerException: Cannot invoke &quot;org.openqa.selenium.WebElement.clear()&quot; because the return value of &quot;agi.qa.airdoctor.utils.ElementUtil.getElement(org.openqa.selenium.By)&quot; is null
	at agi.qa.airdoctor.utils.ElementUtil.doSendKeys(ElementUtil.java:113)
	at agi.qa.airdoctor.pages.ADFiltersOrderFlowPage.checkout(ADFiltersOrderFlowPage.java:779)
	at agi.qa.airdoctor.tests.ADFiltersOrderFlowTest.placeOrder(ADFiltersOrderFlowTest.java:49)
	at jdk.internal.reflect.GeneratedMethodAccessor34.invoke(Unknown Source)
	at java.base/jdk.internal.reflect.DelegatingMethodAccessorImpl.invoke(DelegatingMethodAccessorImpl.java:43)
	at java.base/java.lang.reflect.Method.invoke(Method.java:568)
	at org.testng.internal.MethodInvocationHelper.invokeMethod(MethodInvocationHelper.java:133)
	at org.testng.internal.TestInvoker.invokeMethod(TestInvoker.java:584)
	at org.testng.internal.TestInvoker.invokeTestMethod(TestInvoker.java:172)
	at org.testng.internal.MethodRunner.runInSequence(MethodRunner.java:46)
	at org.testng.internal.TestInvoker$MethodInvocationAgent.invoke(TestInvoker.java:804)
	at org.testng.internal.TestInvoker.invokeTestMethods(TestInvoker.java:145)
	at org.testng.internal.TestMethodWorker.invokeTestMethods(TestMethodWorker.java:146)
	at org.testng.internal.TestMethodWorker.run(TestMethodWorker.java:128)
	at java.base/java.util.ArrayList.forEach(ArrayList.java:1511)
	at org.testng.TestRunner.privateRun(TestRunner.java:770)
	at org.testng.TestRunner.run(TestRunner.java:591)
	at org.testng.SuiteRunner.runTest(SuiteRunner.java:402)
	at org.testng.SuiteRunner.runSequentially(SuiteRunner.java:396)
	at org.testng.SuiteRunner.privateRun(SuiteRunner.java:355)
	at org.testng.SuiteRunner.run(SuiteRunner.java:304)
	at org.testng.SuiteRunnerWorker.runSuite(SuiteRunnerWorker.java:53)
	at org.testng.SuiteRunnerWorker.run(SuiteRunnerWorker.java:96)
	at org.testng.TestNG.runSuitesSequentially(TestNG.java:1180)
	at org.testng.TestNG.runSuitesLocally(TestNG.java:1102)
	at org.testng.TestNG.runSuites(TestNG.java:1032)
	at org.testng.TestNG.run(TestNG.java:1000)
	at org.testng.remote.AbstractRemoteTestNG.run(AbstractRemoteTestNG.java:115)
	at org.testng.remote.RemoteTestNG.initAndRun(RemoteTestNG.java:251)
	at org.testng.remote.RemoteTestNG.main(RemoteTestNG.java:77)

</div> <!-- stack-trace -->
                </div> <!-- method-content -->
              </div> <!-- method -->
              <div class="method">
                <div class="method-content">
                  <a name="placeOrder(org.testng.TestRunner@493489dd, AD3500filtercombo, 1, gasftesting2@gmail.com, Mridul, Vashistha, 200...)">
                  </a> <!-- placeOrder(org.testng.TestRunner@493489dd, AD3500filtercombo, 1, gasftesting2@gmail.com, Mridul, Vashistha, 200...) -->
                  <span class="method-name">placeOrder</span>
                  <span class="parameters">(org.testng.TestRunner@493489dd, AD3500filtercombo, 1, gasftesting2@gmail.com, Mridul, Vashistha, 2005 Klia Rd, , Honolulu, Hawaii, 96815, 83455666377, , $152.99, $9.95, $13.16, $176.39, $152.99, $9.95, $13.16, $176.39)</span>
                  <div class="stack-trace">java.lang.AssertionError: The following asserts failed:
	expected [$152.99] but found [$137.69],
	expected [$9.95] but found [$29.95],
	expected [$13.16] but found [$7.55],
	expected [$176.39] but found [$175.19],
	expected [$152.99] but found [$137.69],
	expected [$9.95] but found [$29.95],
	expected [$13.16] but found [$7.55],
	expected [$176.39] but found [$175.19]
	at org.testng.asserts.SoftAssert.assertAll(SoftAssert.java:47)
	at org.testng.asserts.SoftAssert.assertAll(SoftAssert.java:31)
	at agi.qa.airdoctor.tests.ADFiltersOrderFlowTest.placeOrder(ADFiltersOrderFlowTest.java:77)
	at jdk.internal.reflect.GeneratedMethodAccessor34.invoke(Unknown Source)
	at java.base/jdk.internal.reflect.DelegatingMethodAccessorImpl.invoke(DelegatingMethodAccessorImpl.java:43)
	at java.base/java.lang.reflect.Method.invoke(Method.java:568)
	at org.testng.internal.MethodInvocationHelper.invokeMethod(MethodInvocationHelper.java:133)
	at org.testng.internal.TestInvoker.invokeMethod(TestInvoker.java:584)
	at org.testng.internal.TestInvoker.invokeTestMethod(TestInvoker.java:172)
	at org.testng.internal.MethodRunner.runInSequence(MethodRunner.java:46)
	at org.testng.internal.TestInvoker$MethodInvocationAgent.invoke(TestInvoker.java:804)
	at org.testng.internal.TestInvoker.invokeTestMethods(TestInvoker.java:145)
	at org.testng.internal.TestMethodWorker.invokeTestMethods(TestMethodWorker.java:146)
	at org.testng.internal.TestMethodWorker.run(TestMethodWorker.java:128)
	at java.base/java.util.ArrayList.forEach(ArrayList.java:1511)
	at org.testng.TestRunner.privateRun(TestRunner.java:770)
	at org.testng.TestRunner.run(TestRunner.java:591)
	at org.testng.SuiteRunner.runTest(SuiteRunner.java:402)
	at org.testng.SuiteRunner.runSequentially(SuiteRunner.java:396)
	at org.testng.SuiteRunner.privateRun(SuiteRunner.java:355)
	at org.testng.SuiteRunner.run(SuiteRunner.java:304)
	at org.testng.SuiteRunnerWorker.runSuite(SuiteRunnerWorker.java:53)
	at org.testng.SuiteRunnerWorker.run(SuiteRunnerWorker.java:96)
	at org.testng.TestNG.runSuitesSequentially(TestNG.java:1180)
	at org.testng.TestNG.runSuitesLocally(TestNG.java:1102)
	at org.testng.TestNG.runSuites(TestNG.java:1032)
	at org.testng.TestNG.run(TestNG.java:1000)
	at org.testng.remote.AbstractRemoteTestNG.run(AbstractRemoteTestNG.java:115)
	at org.testng.remote.RemoteTestNG.initAndRun(RemoteTestNG.java:251)
	at org.testng.remote.RemoteTestNG.main(RemoteTestNG.java:77)

</div> <!-- stack-trace -->
                </div> <!-- method-content -->
              </div> <!-- method -->
              <div class="method">
                <div class="method-content">
                  <a name="placeOrder(org.testng.TestRunner@493489dd, AD1000filter, 3, gasftesting2@gmail.com, Mridul, Vashistha, 11 Dorra...)">
                  </a> <!-- placeOrder(org.testng.TestRunner@493489dd, AD1000filter, 3, gasftesting2@gmail.com, Mridul, Vashistha, 11 Dorra...) -->
                  <span class="method-name">placeOrder</span>
                  <span class="parameters">(org.testng.TestRunner@493489dd, AD1000filter, 3, gasftesting2@gmail.com, Mridul, Vashistha, 11 Dorrance St, , Providence, Rhode Island, 02903, 83455666377, , $377.40, $29.95, $54.53, $833.48, $377.40, $29.95, $54.53, $833.48)</span>
                  <div class="stack-trace">java.lang.AssertionError: The following asserts failed:
	expected [$377.40] but found [$215.97],
	expected [$29.95] but found [$29.85],
	expected [$54.53] but found [$17.21],
	expected [$833.48] but found [$263.03],
	expected [$377.40] but found [$215.97],
	expected [$29.95] but found [$29.85],
	expected [$54.53] but found [$17.21],
	expected [$833.48] but found [$263.03]
	at org.testng.asserts.SoftAssert.assertAll(SoftAssert.java:47)
	at org.testng.asserts.SoftAssert.assertAll(SoftAssert.java:31)
	at agi.qa.airdoctor.tests.ADFiltersOrderFlowTest.placeOrder(ADFiltersOrderFlowTest.java:77)
	at java.base/jdk.internal.reflect.NativeMethodAccessorImpl.invoke0(Native Method)
	at java.base/jdk.internal.reflect.NativeMethodAccessorImpl.invoke(NativeMethodAccessorImpl.java:77)
	at java.base/jdk.internal.reflect.DelegatingMethodAccessorImpl.invoke(DelegatingMethodAccessorImpl.java:43)
	at java.base/java.lang.reflect.Method.invoke(Method.java:568)
	at org.testng.internal.MethodInvocationHelper.invokeMethod(MethodInvocationHelper.java:133)
	at org.testng.internal.TestInvoker.invokeMethod(TestInvoker.java:584)
	at org.testng.internal.TestInvoker.invokeTestMethod(TestInvoker.java:172)
	at org.testng.internal.MethodRunner.runInSequence(MethodRunner.java:46)
	at org.testng.internal.TestInvoker$MethodInvocationAgent.invoke(TestInvoker.java:804)
	at org.testng.internal.TestInvoker.invokeTestMethods(TestInvoker.java:145)
	at org.testng.internal.TestMethodWorker.invokeTestMethods(TestMethodWorker.java:146)
	at org.testng.internal.TestMethodWorker.run(TestMethodWorker.java:128)
	at java.base/java.util.ArrayList.forEach(ArrayList.java:1511)
	at org.testng.TestRunner.privateRun(TestRunner.java:770)
	at org.testng.TestRunner.run(TestRunner.java:591)
	at org.testng.SuiteRunner.runTest(SuiteRunner.java:402)
	at org.testng.SuiteRunner.runSequentially(SuiteRunner.java:396)
	at org.testng.SuiteRunner.privateRun(SuiteRunner.java:355)
	at org.testng.SuiteRunner.run(SuiteRunner.java:304)
	at org.testng.SuiteRunnerWorker.runSuite(SuiteRunnerWorker.java:53)
	at org.testng.SuiteRunnerWorker.run(SuiteRunnerWorker.java:96)
	at org.testng.TestNG.runSuitesSequentially(TestNG.java:1180)
	at org.testng.TestNG.runSuitesLocally(TestNG.java:1102)
	at org.testng.TestNG.runSuites(TestNG.java:1032)
	at org.testng.TestNG.run(TestNG.java:1000)
	at org.testng.remote.AbstractRemoteTestNG.run(AbstractRemoteTestNG.java:115)
	at org.testng.remote.RemoteTestNG.initAndRun(RemoteTestNG.java:251)
	at org.testng.remote.RemoteTestNG.main(RemoteTestNG.java:77)

</div> <!-- stack-trace -->
                </div> <!-- method-content -->
              </div> <!-- method -->
              <div class="method">
                <div class="method-content">
                  <a name="placeOrder(org.testng.TestRunner@493489dd, AD3500hepafilter, 1, gasftesting2@gmail.com, Mridul, Vashistha, 3333...)">
                  </a> <!-- placeOrder(org.testng.TestRunner@493489dd, AD3500hepafilter, 1, gasftesting2@gmail.com, Mridul, Vashistha, 3333...) -->
                  <span class="method-name">placeOrder</span>
                  <span class="parameters">(org.testng.TestRunner@493489dd, AD3500hepafilter, 1, gasftesting2@gmail.com, Mridul, Vashistha, 3333 13th Ave S, , Fargo, North Dakota, 58103, 83455666377, , $377.40, Free Shipping, $0.00, $679.00, $377.40, Free Shipping, $0.00, $679.00)</span>
                  <div class="stack-trace">java.lang.AssertionError: The following asserts failed:
	expected [$377.40] but found [$53.96],
	expected [Free Shipping] but found [$9.95],
	expected [$0.00] but found [$4.80],
	expected [$679.00] but found [$68.71],
	expected [$377.40] but found [$53.96],
	expected [Free Shipping] but found [$9.95],
	expected [$0.00] but found [$4.80],
	expected [$679.00] but found [$68.71]
	at org.testng.asserts.SoftAssert.assertAll(SoftAssert.java:47)
	at org.testng.asserts.SoftAssert.assertAll(SoftAssert.java:31)
	at agi.qa.airdoctor.tests.ADFiltersOrderFlowTest.placeOrder(ADFiltersOrderFlowTest.java:77)
	at java.base/jdk.internal.reflect.NativeMethodAccessorImpl.invoke0(Native Method)
	at java.base/jdk.internal.reflect.NativeMethodAccessorImpl.invoke(NativeMethodAccessorImpl.java:77)
	at java.base/jdk.internal.reflect.DelegatingMethodAccessorImpl.invoke(DelegatingMethodAccessorImpl.java:43)
	at java.base/java.lang.reflect.Method.invoke(Method.java:568)
	at org.testng.internal.MethodInvocationHelper.invokeMethod(MethodInvocationHelper.java:133)
	at org.testng.internal.TestInvoker.invokeMethod(TestInvoker.java:584)
	at org.testng.internal.TestInvoker.invokeTestMethod(TestInvoker.java:172)
	at org.testng.internal.MethodRunner.runInSequence(MethodRunner.java:46)
	at org.testng.internal.TestInvoker$MethodInvocationAgent.invoke(TestInvoker.java:804)
	at org.testng.internal.TestInvoker.invokeTestMethods(TestInvoker.java:145)
	at org.testng.internal.TestMethodWorker.invokeTestMethods(TestMethodWorker.java:146)
	at org.testng.internal.TestMethodWorker.run(TestMethodWorker.java:128)
	at java.base/java.util.ArrayList.forEach(ArrayList.java:1511)
	at org.testng.TestRunner.privateRun(TestRunner.java:770)
	at org.testng.TestRunner.run(TestRunner.java:591)
	at org.testng.SuiteRunner.runTest(SuiteRunner.java:402)
	at org.testng.SuiteRunner.runSequentially(SuiteRunner.java:396)
	at org.testng.SuiteRunner.privateRun(SuiteRunner.java:355)
	at org.testng.SuiteRunner.run(SuiteRunner.java:304)
	at org.testng.SuiteRunnerWorker.runSuite(SuiteRunnerWorker.java:53)
	at org.testng.SuiteRunnerWorker.run(SuiteRunnerWorker.java:96)
	at org.testng.TestNG.runSuitesSequentially(TestNG.java:1180)
	at org.testng.TestNG.runSuitesLocally(TestNG.java:1102)
	at org.testng.TestNG.runSuites(TestNG.java:1032)
	at org.testng.TestNG.run(TestNG.java:1000)
	at org.testng.remote.AbstractRemoteTestNG.run(AbstractRemoteTestNG.java:115)
	at org.testng.remote.RemoteTestNG.initAndRun(RemoteTestNG.java:251)
	at org.testng.remote.RemoteTestNG.main(RemoteTestNG.java:77)

</div> <!-- stack-trace -->
                </div> <!-- method-content -->
              </div> <!-- method -->
              <div class="method">
                <div class="method-content">
                  <a name="placeOrder(org.testng.TestRunner@493489dd, AD2000filtercombo, 1, gasftesting2@gmail.com, Mridul, Vashistha, 11 ...)">
                  </a> <!-- placeOrder(org.testng.TestRunner@493489dd, AD2000filtercombo, 1, gasftesting2@gmail.com, Mridul, Vashistha, 11 ...) -->
                  <span class="method-name">placeOrder</span>
                  <span class="parameters">(org.testng.TestRunner@493489dd, AD2000filtercombo, 1, gasftesting2@gmail.com, Mridul, Vashistha, 11 Dorrance St, , Providence, Rhode Island, 02903, 83455666377, , $377.40, $29.95, $54.53, $833.48, $377.40, $29.95, $54.53, $833.48)</span>
                  <div class="stack-trace">java.lang.AssertionError: The following asserts failed:
	expected [$377.40] but found [$103.49],
	expected [$29.95] but found [$9.95],
	expected [$54.53] but found [$7.94],
	expected [$833.48] but found [$121.38],
	expected [$377.40] but found [$103.49],
	expected [$29.95] but found [$9.95],
	expected [$54.53] but found [$7.94],
	expected [$833.48] but found [$121.38]
	at org.testng.asserts.SoftAssert.assertAll(SoftAssert.java:47)
	at org.testng.asserts.SoftAssert.assertAll(SoftAssert.java:31)
	at agi.qa.airdoctor.tests.ADFiltersOrderFlowTest.placeOrder(ADFiltersOrderFlowTest.java:77)
	at jdk.internal.reflect.GeneratedMethodAccessor34.invoke(Unknown Source)
	at java.base/jdk.internal.reflect.DelegatingMethodAccessorImpl.invoke(DelegatingMethodAccessorImpl.java:43)
	at java.base/java.lang.reflect.Method.invoke(Method.java:568)
	at org.testng.internal.MethodInvocationHelper.invokeMethod(MethodInvocationHelper.java:133)
	at org.testng.internal.TestInvoker.invokeMethod(TestInvoker.java:584)
	at org.testng.internal.TestInvoker.invokeTestMethod(TestInvoker.java:172)
	at org.testng.internal.MethodRunner.runInSequence(MethodRunner.java:46)
	at org.testng.internal.TestInvoker$MethodInvocationAgent.invoke(TestInvoker.java:804)
	at org.testng.internal.TestInvoker.invokeTestMethods(TestInvoker.java:145)
	at org.testng.internal.TestMethodWorker.invokeTestMethods(TestMethodWorker.java:146)
	at org.testng.internal.TestMethodWorker.run(TestMethodWorker.java:128)
	at java.base/java.util.ArrayList.forEach(ArrayList.java:1511)
	at org.testng.TestRunner.privateRun(TestRunner.java:770)
	at org.testng.TestRunner.run(TestRunner.java:591)
	at org.testng.SuiteRunner.runTest(SuiteRunner.java:402)
	at org.testng.SuiteRunner.runSequentially(SuiteRunner.java:396)
	at org.testng.SuiteRunner.privateRun(SuiteRunner.java:355)
	at org.testng.SuiteRunner.run(SuiteRunner.java:304)
	at org.testng.SuiteRunnerWorker.runSuite(SuiteRunnerWorker.java:53)
	at org.testng.SuiteRunnerWorker.run(SuiteRunnerWorker.java:96)
	at org.testng.TestNG.runSuitesSequentially(TestNG.java:1180)
	at org.testng.TestNG.runSuitesLocally(TestNG.java:1102)
	at org.testng.TestNG.runSuites(TestNG.java:1032)
	at org.testng.TestNG.run(TestNG.java:1000)
	at org.testng.remote.AbstractRemoteTestNG.run(AbstractRemoteTestNG.java:115)
	at org.testng.remote.RemoteTestNG.initAndRun(RemoteTestNG.java:251)
	at org.testng.remote.RemoteTestNG.main(RemoteTestNG.java:77)

</div> <!-- stack-trace -->
                </div> <!-- method-content -->
              </div> <!-- method -->
              <div class="method">
                <div class="method-content">
                  <a name="placeOrder(org.testng.TestRunner@493489dd, AD1000filter, 1, gasftesting2@gmail.com, Mridul, Vashistha, 11 Dorra...)">
                  </a> <!-- placeOrder(org.testng.TestRunner@493489dd, AD1000filter, 1, gasftesting2@gmail.com, Mridul, Vashistha, 11 Dorra...) -->
                  <span class="method-name">placeOrder</span>
                  <span class="parameters">(org.testng.TestRunner@493489dd, AD1000filter, 1, gasftesting2@gmail.com, Mridul, Vashistha, 11 Dorrance St, , Providence, Rhode Island, 02903, 83455666377, , $377.40, Free Shipping, $0.00, $679.00, $377.40, Free Shipping, $0.00, $679.00)</span>
                  <div class="stack-trace">java.lang.AssertionError: The following asserts failed:
	expected [$377.40] but found [$71.99],
	expected [Free Shipping] but found [$9.95],
	expected [$0.00] but found [$5.74],
	expected [$679.00] but found [$87.68],
	expected [$377.40] but found [$71.99],
	expected [Free Shipping] but found [$9.95],
	expected [$0.00] but found [$5.74],
	expected [$679.00] but found [$87.68]
	at org.testng.asserts.SoftAssert.assertAll(SoftAssert.java:47)
	at org.testng.asserts.SoftAssert.assertAll(SoftAssert.java:31)
	at agi.qa.airdoctor.tests.ADFiltersOrderFlowTest.placeOrder(ADFiltersOrderFlowTest.java:77)
	at jdk.internal.reflect.GeneratedMethodAccessor34.invoke(Unknown Source)
	at java.base/jdk.internal.reflect.DelegatingMethodAccessorImpl.invoke(DelegatingMethodAccessorImpl.java:43)
	at java.base/java.lang.reflect.Method.invoke(Method.java:568)
	at org.testng.internal.MethodInvocationHelper.invokeMethod(MethodInvocationHelper.java:133)
	at org.testng.internal.TestInvoker.invokeMethod(TestInvoker.java:584)
	at org.testng.internal.TestInvoker.invokeTestMethod(TestInvoker.java:172)
	at org.testng.internal.MethodRunner.runInSequence(MethodRunner.java:46)
	at org.testng.internal.TestInvoker$MethodInvocationAgent.invoke(TestInvoker.java:804)
	at org.testng.internal.TestInvoker.invokeTestMethods(TestInvoker.java:145)
	at org.testng.internal.TestMethodWorker.invokeTestMethods(TestMethodWorker.java:146)
	at org.testng.internal.TestMethodWorker.run(TestMethodWorker.java:128)
	at java.base/java.util.ArrayList.forEach(ArrayList.java:1511)
	at org.testng.TestRunner.privateRun(TestRunner.java:770)
	at org.testng.TestRunner.run(TestRunner.java:591)
	at org.testng.SuiteRunner.runTest(SuiteRunner.java:402)
	at org.testng.SuiteRunner.runSequentially(SuiteRunner.java:396)
	at org.testng.SuiteRunner.privateRun(SuiteRunner.java:355)
	at org.testng.SuiteRunner.run(SuiteRunner.java:304)
	at org.testng.SuiteRunnerWorker.runSuite(SuiteRunnerWorker.java:53)
	at org.testng.SuiteRunnerWorker.run(SuiteRunnerWorker.java:96)
	at org.testng.TestNG.runSuitesSequentially(TestNG.java:1180)
	at org.testng.TestNG.runSuitesLocally(TestNG.java:1102)
	at org.testng.TestNG.runSuites(TestNG.java:1032)
	at org.testng.TestNG.run(TestNG.java:1000)
	at org.testng.remote.AbstractRemoteTestNG.run(AbstractRemoteTestNG.java:115)
	at org.testng.remote.RemoteTestNG.initAndRun(RemoteTestNG.java:251)
	at org.testng.remote.RemoteTestNG.main(RemoteTestNG.java:77)

</div> <!-- stack-trace -->
                </div> <!-- method-content -->
              </div> <!-- method -->
              <div class="method">
                <div class="method-content">
                  <a name="placeOrder(org.testng.TestRunner@493489dd, AD2000filtercombo, 1, gasftesting2@gmail.com, Mridul, Vashistha, 800...)">
                  </a> <!-- placeOrder(org.testng.TestRunner@493489dd, AD2000filtercombo, 1, gasftesting2@gmail.com, Mridul, Vashistha, 800...) -->
                  <span class="method-name">placeOrder</span>
                  <span class="parameters">(org.testng.TestRunner@493489dd, AD2000filtercombo, 1, gasftesting2@gmail.com, Mridul, Vashistha, 800 Rio Grande Blvd NW, , Albuquerque, New Mexico, 87104, 83455666377, , $377.40, Free Shipping, $0.00, $679.00, $377.40, Free Shipping, $0.00, $679.00)</span>
                  <div class="stack-trace">java.lang.AssertionError: The following asserts failed:
	expected [$377.40] but found [$103.49],
	expected [Free Shipping] but found [$9.95],
	expected [$0.00] but found [$8.66],
	expected [$679.00] but found [$122.10],
	expected [$377.40] but found [$103.49],
	expected [Free Shipping] but found [$9.95],
	expected [$0.00] but found [$8.66],
	expected [$679.00] but found [$122.10]
	at org.testng.asserts.SoftAssert.assertAll(SoftAssert.java:47)
	at org.testng.asserts.SoftAssert.assertAll(SoftAssert.java:31)
	at agi.qa.airdoctor.tests.ADFiltersOrderFlowTest.placeOrder(ADFiltersOrderFlowTest.java:77)
	at java.base/jdk.internal.reflect.NativeMethodAccessorImpl.invoke0(Native Method)
	at java.base/jdk.internal.reflect.NativeMethodAccessorImpl.invoke(NativeMethodAccessorImpl.java:77)
	at java.base/jdk.internal.reflect.DelegatingMethodAccessorImpl.invoke(DelegatingMethodAccessorImpl.java:43)
	at java.base/java.lang.reflect.Method.invoke(Method.java:568)
	at org.testng.internal.MethodInvocationHelper.invokeMethod(MethodInvocationHelper.java:133)
	at org.testng.internal.TestInvoker.invokeMethod(TestInvoker.java:584)
	at org.testng.internal.TestInvoker.invokeTestMethod(TestInvoker.java:172)
	at org.testng.internal.MethodRunner.runInSequence(MethodRunner.java:46)
	at org.testng.internal.TestInvoker$MethodInvocationAgent.invoke(TestInvoker.java:804)
	at org.testng.internal.TestInvoker.invokeTestMethods(TestInvoker.java:145)
	at org.testng.internal.TestMethodWorker.invokeTestMethods(TestMethodWorker.java:146)
	at org.testng.internal.TestMethodWorker.run(TestMethodWorker.java:128)
	at java.base/java.util.ArrayList.forEach(ArrayList.java:1511)
	at org.testng.TestRunner.privateRun(TestRunner.java:770)
	at org.testng.TestRunner.run(TestRunner.java:591)
	at org.testng.SuiteRunner.runTest(SuiteRunner.java:402)
	at org.testng.SuiteRunner.runSequentially(SuiteRunner.java:396)
	at org.testng.SuiteRunner.privateRun(SuiteRunner.java:355)
	at org.testng.SuiteRunner.run(SuiteRunner.java:304)
	at org.testng.SuiteRunnerWorker.runSuite(SuiteRunnerWorker.java:53)
	at org.testng.SuiteRunnerWorker.run(SuiteRunnerWorker.java:96)
	at org.testng.TestNG.runSuitesSequentially(TestNG.java:1180)
	at org.testng.TestNG.runSuitesLocally(TestNG.java:1102)
	at org.testng.TestNG.runSuites(TestNG.java:1032)
	at org.testng.TestNG.run(TestNG.java:1000)
	at org.testng.remote.AbstractRemoteTestNG.run(AbstractRemoteTestNG.java:115)
	at org.testng.remote.RemoteTestNG.initAndRun(RemoteTestNG.java:251)
	at org.testng.remote.RemoteTestNG.main(RemoteTestNG.java:77)

</div> <!-- stack-trace -->
                </div> <!-- method-content -->
              </div> <!-- method -->
            </div> <!-- main-panel-content rounded-window-bottom -->
          </div> <!-- suite-Default_suite-class-failed -->
        </div> <!-- panel Default_suite -->
        <div panel-name="test-xml-Default_suite" class="panel">
          <div class="main-panel-header rounded-window-top">
            <span class="header-content">C:\Users\MridulVashistha\AppData\Local\Temp\testng-eclipse--1350537159\testng-customsuite.xml</span>
          </div> <!-- main-panel-header rounded-window-top -->
          <div class="main-panel-content rounded-window-bottom">
            <pre>
&lt;?xml version=&quot;1.0&quot; encoding=&quot;UTF-8&quot;?&gt;
&lt;!DOCTYPE suite SYSTEM &quot;https://testng.org/testng-1.0.dtd&quot;&gt;
&lt;suite name=&quot;Default suite&quot; guice-stage=&quot;DEVELOPMENT&quot;&gt;
  &lt;test thread-count=&quot;5&quot; name=&quot;Default test&quot; verbose=&quot;2&quot;&gt;
    &lt;classes&gt;
      &lt;class name=&quot;agi.qa.airdoctor.tests.ADFiltersOrderFlowTest&quot;&gt;
        &lt;methods&gt;
          &lt;include name=&quot;placeOrder&quot;/&gt;
        &lt;/methods&gt;
      &lt;/class&gt; &lt;!-- agi.qa.airdoctor.tests.ADFiltersOrderFlowTest --&gt;
    &lt;/classes&gt;
  &lt;/test&gt; &lt;!-- Default test --&gt;
&lt;/suite&gt; &lt;!-- Default suite --&gt;
            </pre>
          </div> <!-- main-panel-content rounded-window-bottom -->
        </div> <!-- panel -->
        <div panel-name="testlist-Default_suite" class="panel">
          <div class="main-panel-header rounded-window-top">
            <span class="header-content">Tests for Default suite</span>
          </div> <!-- main-panel-header rounded-window-top -->
          <div class="main-panel-content rounded-window-bottom">
            <ul>
              <li>
                <span class="test-name">Default test (1 class)</span>
              </li>
            </ul>
          </div> <!-- main-panel-content rounded-window-bottom -->
        </div> <!-- panel -->
        <div panel-name="group-Default_suite" class="panel">
          <div class="main-panel-header rounded-window-top">
            <span class="header-content">Groups for Default suite</span>
          </div> <!-- main-panel-header rounded-window-top -->
          <div class="main-panel-content rounded-window-bottom">
          </div> <!-- main-panel-content rounded-window-bottom -->
        </div> <!-- panel -->
        <div panel-name="times-Default_suite" class="panel">
          <div class="main-panel-header rounded-window-top">
            <span class="header-content">Times for Default suite</span>
          </div> <!-- main-panel-header rounded-window-top -->
          <div class="main-panel-content rounded-window-bottom">
            <div class="times-div">
              <script type="text/javascript">
suiteTableInitFunctions.push('tableData_Default_suite');
function tableData_Default_suite() {
var data = new google.visualization.DataTable();
data.addColumn('number', 'Number');
data.addColumn('string', 'Method');
data.addColumn('string', 'Class');
data.addColumn('number', 'Time (ms)');
data.addRows(38);
data.setCell(0, 0, 0)
data.setCell(0, 1, 'placeOrder')
data.setCell(0, 2, 'agi.qa.airdoctor.tests.ADFiltersOrderFlowTest')
data.setCell(0, 3, 134966);
data.setCell(1, 0, 1)
data.setCell(1, 1, 'placeOrder')
data.setCell(1, 2, 'agi.qa.airdoctor.tests.ADFiltersOrderFlowTest')
data.setCell(1, 3, 131662);
data.setCell(2, 0, 2)
data.setCell(2, 1, 'placeOrder')
data.setCell(2, 2, 'agi.qa.airdoctor.tests.ADFiltersOrderFlowTest')
data.setCell(2, 3, 131050);
data.setCell(3, 0, 3)
data.setCell(3, 1, 'placeOrder')
data.setCell(3, 2, 'agi.qa.airdoctor.tests.ADFiltersOrderFlowTest')
data.setCell(3, 3, 130167);
data.setCell(4, 0, 4)
data.setCell(4, 1, 'placeOrder')
data.setCell(4, 2, 'agi.qa.airdoctor.tests.ADFiltersOrderFlowTest')
data.setCell(4, 3, 129383);
data.setCell(5, 0, 5)
data.setCell(5, 1, 'placeOrder')
data.setCell(5, 2, 'agi.qa.airdoctor.tests.ADFiltersOrderFlowTest')
data.setCell(5, 3, 127998);
data.setCell(6, 0, 6)
data.setCell(6, 1, 'placeOrder')
data.setCell(6, 2, 'agi.qa.airdoctor.tests.ADFiltersOrderFlowTest')
data.setCell(6, 3, 127617);
data.setCell(7, 0, 7)
data.setCell(7, 1, 'placeOrder')
data.setCell(7, 2, 'agi.qa.airdoctor.tests.ADFiltersOrderFlowTest')
data.setCell(7, 3, 127608);
data.setCell(8, 0, 8)
data.setCell(8, 1, 'placeOrder')
data.setCell(8, 2, 'agi.qa.airdoctor.tests.ADFiltersOrderFlowTest')
data.setCell(8, 3, 125840);
data.setCell(9, 0, 9)
data.setCell(9, 1, 'placeOrder')
data.setCell(9, 2, 'agi.qa.airdoctor.tests.ADFiltersOrderFlowTest')
data.setCell(9, 3, 125791);
data.setCell(10, 0, 10)
data.setCell(10, 1, 'placeOrder')
data.setCell(10, 2, 'agi.qa.airdoctor.tests.ADFiltersOrderFlowTest')
data.setCell(10, 3, 125627);
data.setCell(11, 0, 11)
data.setCell(11, 1, 'placeOrder')
data.setCell(11, 2, 'agi.qa.airdoctor.tests.ADFiltersOrderFlowTest')
data.setCell(11, 3, 125623);
data.setCell(12, 0, 12)
data.setCell(12, 1, 'placeOrder')
data.setCell(12, 2, 'agi.qa.airdoctor.tests.ADFiltersOrderFlowTest')
data.setCell(12, 3, 124834);
data.setCell(13, 0, 13)
data.setCell(13, 1, 'placeOrder')
data.setCell(13, 2, 'agi.qa.airdoctor.tests.ADFiltersOrderFlowTest')
data.setCell(13, 3, 124096);
data.setCell(14, 0, 14)
data.setCell(14, 1, 'placeOrder')
data.setCell(14, 2, 'agi.qa.airdoctor.tests.ADFiltersOrderFlowTest')
data.setCell(14, 3, 123238);
data.setCell(15, 0, 15)
data.setCell(15, 1, 'placeOrder')
data.setCell(15, 2, 'agi.qa.airdoctor.tests.ADFiltersOrderFlowTest')
data.setCell(15, 3, 123238);
data.setCell(16, 0, 16)
data.setCell(16, 1, 'placeOrder')
data.setCell(16, 2, 'agi.qa.airdoctor.tests.ADFiltersOrderFlowTest')
data.setCell(16, 3, 123136);
data.setCell(17, 0, 17)
data.setCell(17, 1, 'placeOrder')
data.setCell(17, 2, 'agi.qa.airdoctor.tests.ADFiltersOrderFlowTest')
data.setCell(17, 3, 122949);
data.setCell(18, 0, 18)
data.setCell(18, 1, 'placeOrder')
data.setCell(18, 2, 'agi.qa.airdoctor.tests.ADFiltersOrderFlowTest')
data.setCell(18, 3, 122644);
data.setCell(19, 0, 19)
data.setCell(19, 1, 'placeOrder')
data.setCell(19, 2, 'agi.qa.airdoctor.tests.ADFiltersOrderFlowTest')
data.setCell(19, 3, 122025);
data.setCell(20, 0, 20)
data.setCell(20, 1, 'placeOrder')
data.setCell(20, 2, 'agi.qa.airdoctor.tests.ADFiltersOrderFlowTest')
data.setCell(20, 3, 121967);
data.setCell(21, 0, 21)
data.setCell(21, 1, 'placeOrder')
data.setCell(21, 2, 'agi.qa.airdoctor.tests.ADFiltersOrderFlowTest')
data.setCell(21, 3, 121907);
data.setCell(22, 0, 22)
data.setCell(22, 1, 'placeOrder')
data.setCell(22, 2, 'agi.qa.airdoctor.tests.ADFiltersOrderFlowTest')
data.setCell(22, 3, 121841);
data.setCell(23, 0, 23)
data.setCell(23, 1, 'placeOrder')
data.setCell(23, 2, 'agi.qa.airdoctor.tests.ADFiltersOrderFlowTest')
data.setCell(23, 3, 121505);
data.setCell(24, 0, 24)
data.setCell(24, 1, 'placeOrder')
data.setCell(24, 2, 'agi.qa.airdoctor.tests.ADFiltersOrderFlowTest')
data.setCell(24, 3, 121391);
data.setCell(25, 0, 25)
data.setCell(25, 1, 'placeOrder')
data.setCell(25, 2, 'agi.qa.airdoctor.tests.ADFiltersOrderFlowTest')
data.setCell(25, 3, 120937);
data.setCell(26, 0, 26)
data.setCell(26, 1, 'placeOrder')
data.setCell(26, 2, 'agi.qa.airdoctor.tests.ADFiltersOrderFlowTest')
data.setCell(26, 3, 120825);
data.setCell(27, 0, 27)
data.setCell(27, 1, 'placeOrder')
data.setCell(27, 2, 'agi.qa.airdoctor.tests.ADFiltersOrderFlowTest')
data.setCell(27, 3, 120513);
data.setCell(28, 0, 28)
data.setCell(28, 1, 'placeOrder')
data.setCell(28, 2, 'agi.qa.airdoctor.tests.ADFiltersOrderFlowTest')
data.setCell(28, 3, 120474);
data.setCell(29, 0, 29)
data.setCell(29, 1, 'placeOrder')
data.setCell(29, 2, 'agi.qa.airdoctor.tests.ADFiltersOrderFlowTest')
data.setCell(29, 3, 118408);
data.setCell(30, 0, 30)
data.setCell(30, 1, 'placeOrder')
data.setCell(30, 2, 'agi.qa.airdoctor.tests.ADFiltersOrderFlowTest')
data.setCell(30, 3, 99658);
data.setCell(31, 0, 31)
data.setCell(31, 1, 'placeOrder')
data.setCell(31, 2, 'agi.qa.airdoctor.tests.ADFiltersOrderFlowTest')
data.setCell(31, 3, 84319);
data.setCell(32, 0, 32)
data.setCell(32, 1, 'placeOrder')
data.setCell(32, 2, 'agi.qa.airdoctor.tests.ADFiltersOrderFlowTest')
data.setCell(32, 3, 84222);
data.setCell(33, 0, 33)
data.setCell(33, 1, 'placeOrder')
data.setCell(33, 2, 'agi.qa.airdoctor.tests.ADFiltersOrderFlowTest')
data.setCell(33, 3, 81052);
data.setCell(34, 0, 34)
data.setCell(34, 1, 'placeOrder')
data.setCell(34, 2, 'agi.qa.airdoctor.tests.ADFiltersOrderFlowTest')
data.setCell(34, 3, 30976);
data.setCell(35, 0, 35)
data.setCell(35, 1, 'placeOrder')
data.setCell(35, 2, 'agi.qa.airdoctor.tests.ADFiltersOrderFlowTest')
data.setCell(35, 3, 29855);
data.setCell(36, 0, 36)
data.setCell(36, 1, 'placeOrder')
data.setCell(36, 2, 'agi.qa.airdoctor.tests.ADFiltersOrderFlowTest')
data.setCell(36, 3, 28040);
data.setCell(37, 0, 37)
data.setCell(37, 1, 'placeOrder')
data.setCell(37, 2, 'agi.qa.airdoctor.tests.ADFiltersOrderFlowTest')
data.setCell(37, 3, 24873);
window.suiteTableData['Default_suite']= { tableData: data, tableDiv: 'times-div-Default_suite'}
return data;
}
              </script>
              <span class="suite-total-time">Total running time: 1 hours</span>
              <div id="times-div-Default_suite">
              </div> <!-- times-div-Default_suite -->
            </div> <!-- times-div -->
          </div> <!-- main-panel-content rounded-window-bottom -->
        </div> <!-- panel -->
        <div panel-name="reporter-Default_suite" class="panel">
          <div class="main-panel-header rounded-window-top">
            <span class="header-content">Reporter output for Default suite</span>
          </div> <!-- main-panel-header rounded-window-top -->
          <div class="main-panel-content rounded-window-bottom">
          </div> <!-- main-panel-content rounded-window-bottom -->
        </div> <!-- panel -->
        <div panel-name="ignored-methods-Default_suite" class="panel">
          <div class="main-panel-header rounded-window-top">
            <span class="header-content">0 ignored methods</span>
          </div> <!-- main-panel-header rounded-window-top -->
          <div class="main-panel-content rounded-window-bottom">
          </div> <!-- main-panel-content rounded-window-bottom -->
        </div> <!-- panel -->
        <div panel-name="chronological-Default_suite" class="panel">
          <div class="main-panel-header rounded-window-top">
            <span class="header-content">Methods in chronological order</span>
          </div> <!-- main-panel-header rounded-window-top -->
          <div class="main-panel-content rounded-window-bottom">
            <div class="chronological-class">
              <div class="chronological-class-name">agi.qa.airdoctor.tests.ADFiltersOrderFlowTest</div> <!-- chronological-class-name -->
              <div class="configuration-test before">
                <span class="method-name">setup</span>
                <span class="method-start">0 ms</span>
              </div> <!-- configuration-test before -->
              <div class="configuration-class before">
                <span class="method-name">affilatePageSetup</span>
                <span class="method-start">8171 ms</span>
              </div> <!-- configuration-class before -->
              <div class="test-method">
                <img src="failed.png">
                </img>
                <span class="method-name">placeOrder(org.testng.TestRunner@493489dd, AD3500hepafilter, 1, gasftesting2@gmail.com, Mridul, Vashistha, 3333...)</span>
                <span class="method-start">11086 ms</span>
              </div> <!-- test-method -->
              <div class="test-method">
                <img src="failed.png">
                </img>
                <span class="method-name">placeOrder(org.testng.TestRunner@493489dd, AD3500carbonreplacementfilter, 1, gasftesting2@gmail.com, Mridul, Va...)</span>
                <span class="method-start">138966 ms</span>
              </div> <!-- test-method -->
              <div class="test-method">
                <img src="failed.png">
                </img>
                <span class="method-name">placeOrder(org.testng.TestRunner@493489dd, AD3500prereplacementfilter, 1, gasftesting2@gmail.com, Mridul, Vashi...)</span>
                <span class="method-start">223224 ms</span>
              </div> <!-- test-method -->
              <div class="test-method">
                <img src="failed.png">
                </img>
                <span class="method-name">placeOrder(org.testng.TestRunner@493489dd, AD2000filtercombo, 1, gasftesting2@gmail.com, Mridul, Vashistha, 800...)</span>
                <span class="method-start">358206 ms</span>
              </div> <!-- test-method -->
              <div class="test-method">
                <img src="failed.png">
                </img>
                <span class="method-name">placeOrder(org.testng.TestRunner@493489dd, AD5500prereplacementfilter, 1, gasftesting2@gmail.com, Mridul, Vashi...)</span>
                <span class="method-start">481363 ms</span>
              </div> <!-- test-method -->
              <div class="test-method">
                <img src="failed.png">
                </img>
                <span class="method-name">placeOrder(org.testng.TestRunner@493489dd, AD1000filter, 1, gasftesting2@gmail.com, Mridul, Vashistha, 175 Hutc...)</span>
                <span class="method-start">609374 ms</span>
              </div> <!-- test-method -->
              <div class="test-method">
                <img src="failed.png">
                </img>
                <span class="method-name">placeOrder(org.testng.TestRunner@493489dd, AD1000filter, 2, gasftesting2@gmail.com, Mridul, Vashistha, 8000 Jon...)</span>
                <span class="method-start">730887 ms</span>
              </div> <!-- test-method -->
              <div class="test-method">
                <img src="failed.png">
                </img>
                <span class="method-name">placeOrder(org.testng.TestRunner@493489dd, AD1000filter, 3, gasftesting2@gmail.com, Mridul, Vashistha, 11 Dorra...)</span>
                <span class="method-start">849304 ms</span>
              </div> <!-- test-method -->
              <div class="test-method">
                <img src="failed.png">
                </img>
                <span class="method-name">placeOrder(org.testng.TestRunner@493489dd, AD3500filtercombo, 1, gasftesting2@gmail.com, Mridul, Vashistha, 100...)</span>
                <span class="method-start">972267 ms</span>
              </div> <!-- test-method -->
              <div class="test-method">
                <img src="failed.png">
                </img>
                <span class="method-name">placeOrder(org.testng.TestRunner@493489dd, AD3500hepafilter, 2, gasftesting2@gmail.com, Mridul, Vashistha, 1416...)</span>
                <span class="method-start">1093104 ms</span>
              </div> <!-- test-method -->
              <div class="test-method">
                <img src="failed.png">
                </img>
                <span class="method-name">placeOrder(org.testng.TestRunner@493489dd, AD3500carbonreplacementfilter, 2, gasftesting2@gmail.com, Mridul, Va...)</span>
                <span class="method-start">1223292 ms</span>
              </div> <!-- test-method -->
              <div class="test-method">
                <img src="failed.png">
                </img>
                <span class="method-name">placeOrder(org.testng.TestRunner@493489dd, AD3500prereplacementfilter, 1, gasftesting2@gmail.com, Mridul, Vashi...)</span>
                <span class="method-start">1347413 ms</span>
              </div> <!-- test-method -->
              <div class="test-method">
                <img src="failed.png">
                </img>
                <span class="method-name">placeOrder(org.testng.TestRunner@493489dd, AD2000filtercombo, 1, gasftesting2@gmail.com, Mridul, Vashistha, 870...)</span>
                <span class="method-start">1473269 ms</span>
              </div> <!-- test-method -->
              <div class="test-method">
                <img src="failed.png">
                </img>
                <span class="method-name">placeOrder(org.testng.TestRunner@493489dd, AD2000hepafilter, 1, gasftesting2@gmail.com, Mridul, Vashistha, 300 ...)</span>
                <span class="method-start">1593760 ms</span>
              </div> <!-- test-method -->
              <div class="test-method">
                <img src="failed.png">
                </img>
                <span class="method-name">placeOrder(org.testng.TestRunner@493489dd, AD2000carbonreplacementfilter, 1, gasftesting2@gmail.com, Mridul, Va...)</span>
                <span class="method-start">1717017 ms</span>
              </div> <!-- test-method -->
              <div class="test-method">
                <img src="failed.png">
                </img>
                <span class="method-name">placeOrder(org.testng.TestRunner@493489dd, AD2000prereplacementfilter, 3, gasftesting2@gmail.com, Mridul, Vashi...)</span>
                <span class="method-start">1840275 ms</span>
              </div> <!-- test-method -->
              <div class="test-method">
                <img src="failed.png">
                </img>
                <span class="method-name">placeOrder(org.testng.TestRunner@493489dd, AD5500filtercombo, 2, gasftesting2@gmail.com, Mridul, Vashistha, 102...)</span>
                <span class="method-start">1971964 ms</span>
              </div> <!-- test-method -->
              <div class="test-method">
                <img src="failed.png">
                </img>
                <span class="method-name">placeOrder(org.testng.TestRunner@493489dd, AD5500hepafilter, 1, gasftesting2@gmail.com, Mridul, Vashistha, 424 ...)</span>
                <span class="method-start">2001834 ms</span>
              </div> <!-- test-method -->
              <div class="test-method">
                <img src="failed.png">
                </img>
                <span class="method-name">placeOrder(org.testng.TestRunner@493489dd, AD5500carbonreplacementfilter, 1, gasftesting2@gmail.com, Mridul, Va...)</span>
                <span class="method-start">2127650 ms</span>
              </div> <!-- test-method -->
              <div class="test-method">
                <img src="failed.png">
                </img>
                <span class="method-name">placeOrder(org.testng.TestRunner@493489dd, AD5500carbonreplacementfilter, 3, gasftesting2@gmail.com, Mridul, Va...)</span>
                <span class="method-start">2155712 ms</span>
              </div> <!-- test-method -->
              <div class="test-method">
                <img src="failed.png">
                </img>
                <span class="method-name">placeOrder(org.testng.TestRunner@493489dd, AD3500filtercombo, 1, gasftesting2@gmail.com, Mridul, Vashistha, 200...)</span>
                <span class="method-start">2180607 ms</span>
              </div> <!-- test-method -->
              <div class="test-method">
                <img src="failed.png">
                </img>
                <span class="method-name">placeOrder(org.testng.TestRunner@493489dd, AD3500hepafilter, 1, gasftesting2@gmail.com, Mridul, Vashistha, 8787...)</span>
                <span class="method-start">2302011 ms</span>
              </div> <!-- test-method -->
              <div class="test-method">
                <img src="failed.png">
                </img>
                <span class="method-name">placeOrder(org.testng.TestRunner@493489dd, AD3500carbonreplacementfilter, 1, gasftesting2@gmail.com, Mridul, Va...)</span>
                <span class="method-start">2426861 ms</span>
              </div> <!-- test-method -->
              <div class="test-method">
                <img src="failed.png">
                </img>
                <span class="method-name">placeOrder(org.testng.TestRunner@493489dd, AD3500prereplacementfilter, 1, gasftesting2@gmail.com, Mridul, Vashi...)</span>
                <span class="method-start">2507931 ms</span>
              </div> <!-- test-method -->
              <div class="test-method">
                <img src="failed.png">
                </img>
                <span class="method-name">placeOrder(org.testng.TestRunner@493489dd, AD2000filtercombo, 1, gasftesting2@gmail.com, Mridul, Vashistha, 150...)</span>
                <span class="method-start">2637334 ms</span>
              </div> <!-- test-method -->
              <div class="test-method">
                <img src="failed.png">
                </img>
                <span class="method-name">placeOrder(org.testng.TestRunner@493489dd, AD5500prereplacementfilter, 1, gasftesting2@gmail.com, Mridul, Vashi...)</span>
                <span class="method-start">2759192 ms</span>
              </div> <!-- test-method -->
              <div class="test-method">
                <img src="failed.png">
                </img>
                <span class="method-name">placeOrder(org.testng.TestRunner@493489dd, AD1000filter, 1, gasftesting2@gmail.com, Mridul, Vashistha, 3333 13t...)</span>
                <span class="method-start">2886813 ms</span>
              </div> <!-- test-method -->
              <div class="test-method">
                <img src="failed.png">
                </img>
                <span class="method-name">placeOrder(org.testng.TestRunner@493489dd, AD1000filter, 1, gasftesting2@gmail.com, Mridul, Vashistha, 5353 N 2...)</span>
                <span class="method-start">3017881 ms</span>
              </div> <!-- test-method -->
              <div class="test-method">
                <img src="failed.png">
                </img>
                <span class="method-name">placeOrder(org.testng.TestRunner@493489dd, AD1000filter, 1, gasftesting2@gmail.com, Mridul, Vashistha, 4 Tower ...)</span>
                <span class="method-start">3117559 ms</span>
              </div> <!-- test-method -->
              <div class="test-method">
                <img src="failed.png">
                </img>
                <span class="method-name">placeOrder(org.testng.TestRunner@493489dd, AD2000filtercombo, 2, gasftesting2@gmail.com, Mridul, Vashistha, 800...)</span>
                <span class="method-start">3239540 ms</span>
              </div> <!-- test-method -->
              <div class="test-method">
                <img src="failed.png">
                </img>
                <span class="method-name">placeOrder(org.testng.TestRunner@493489dd, AD5500prereplacementfilter, 1, gasftesting2@gmail.com, Mridul, Vashi...)</span>
                <span class="method-start">3270533 ms</span>
              </div> <!-- test-method -->
              <div class="test-method">
                <img src="failed.png">
                </img>
                <span class="method-name">placeOrder(org.testng.TestRunner@493489dd, AD1000filter, 3, gasftesting2@gmail.com, Mridul, Vashistha, 175 Hutc...)</span>
                <span class="method-start">3396179 ms</span>
              </div> <!-- test-method -->
              <div class="test-method">
                <img src="failed.png">
                </img>
                <span class="method-name">placeOrder(org.testng.TestRunner@493489dd, AD1000filter, 1, gasftesting2@gmail.com, Mridul, Vashistha, 8000 Jon...)</span>
                <span class="method-start">3518104 ms</span>
              </div> <!-- test-method -->
              <div class="test-method">
                <img src="failed.png">
                </img>
                <span class="method-name">placeOrder(org.testng.TestRunner@493489dd, AD1000filter, 1, gasftesting2@gmail.com, Mridul, Vashistha, 11 Dorra...)</span>
                <span class="method-start">3638637 ms</span>
              </div> <!-- test-method -->
              <div class="test-method">
                <img src="failed.png">
                </img>
                <span class="method-name">placeOrder(org.testng.TestRunner@493489dd, AD2000filtercombo, 1, gasftesting2@gmail.com, Mridul, Vashistha, 11 ...)</span>
                <span class="method-start">3761295 ms</span>
              </div> <!-- test-method -->
              <div class="test-method">
                <img src="failed.png">
                </img>
                <span class="method-name">placeOrder(org.testng.TestRunner@493489dd, AD5500prereplacementfilter, 2, gasftesting2@gmail.com, Mridul, Vashi...)</span>
                <span class="method-start">3886934 ms</span>
              </div> <!-- test-method -->
              <div class="test-method">
                <img src="failed.png">
                </img>
                <span class="method-name">placeOrder(org.testng.TestRunner@493489dd, AD1000filter, 1, gasftesting2@gmail.com, Mridul, Vashistha, 1416 N E...)</span>
                <span class="method-start">3971270 ms</span>
              </div> <!-- test-method -->
              <div class="test-method">
                <img src="failed.png">
                </img>
                <span class="method-name">placeOrder(org.testng.TestRunner@493489dd, AD1000filter, 1, gasftesting2@gmail.com, Mridul, Vashistha, 3423 Per...)</span>
                <span class="method-start">4093320 ms</span>
              </div> <!-- test-method -->
              <div class="configuration-test after">
                <span class="method-name">tearDown</span>
                <span class="method-start">4214284 ms</span>
              </div> <!-- configuration-test after -->
          </div> <!-- main-panel-content rounded-window-bottom -->
        </div> <!-- panel -->
      </div> <!-- main-panel-root -->
    </div> <!-- wrapper -->
  </body>
</html>
