<?xml version="1.0" encoding="UTF-8"?>
<testng-results ignored="0" total="38" passed="0" failed="38" skipped="0">
  <reporter-output>
  </reporter-output>
  <suite started-at="2024-08-08T01:42:11 IST" name="Default suite" finished-at="2024-08-08T02:52:26 IST" duration-ms="4214667">
    <groups>
    </groups>
    <test started-at="2024-08-08T01:42:11 IST" name="Default test" finished-at="2024-08-08T02:52:26 IST" duration-ms="4214667">
      <class name="agi.qa.airdoctor.tests.ADFiltersOrderFlowTest">
        <test-method is-config="true" signature="setup()[pri:0, instance:agi.qa.airdoctor.tests.ADFiltersOrderFlowTest@7e7743ec]" started-at="2024-08-08T01:42:11 IST" name="setup" finished-at="2024-08-08T01:42:19 IST" duration-ms="8122" status="PASS">
          <reporter-output>
          </reporter-output>
        </test-method> <!-- setup -->
        <test-method is-config="true" signature="affilatePageSetup()[pri:0, instance:agi.qa.airdoctor.tests.ADFiltersOrderFlowTest@7e7743ec]" started-at="2024-08-08T01:42:20 IST" name="affilatePageSetup" finished-at="2024-08-08T01:42:20 IST" duration-ms="0" status="PASS">
          <reporter-output>
          </reporter-output>
        </test-method> <!-- affilatePageSetup -->
        <test-method signature="placeOrder(org.testng.ITestContext, java.lang.String, java.lang.String, java.lang.String, java.lang.String, java.lang.String, java.lang.String, java.lang.String, java.lang.String, java.lang.String, java.lang.String, java.lang.String, java.lang.String, java.lang.String, java.lang.String, java.lang.String, java.lang.String, java.lang.String, java.lang.String, java.lang.String, java.lang.String)[pri:0, instance:agi.qa.airdoctor.tests.ADFiltersOrderFlowTest@7e7743ec]" started-at="2024-08-08T01:42:22 IST" name="placeOrder" data-provider="getDataFromExcel" finished-at="2024-08-08T01:44:30 IST" duration-ms="127617" status="FAIL">
          <params>
            <param index="0">
              <value>
                <![CDATA[org.testng.TestRunner@493489dd]]>
              </value>
            </param>
            <param index="1">
              <value>
                <![CDATA[AD3500hepafilter]]>
              </value>
            </param>
            <param index="2">
              <value>
                <![CDATA[1]]>
              </value>
            </param>
            <param index="3">
              <value>
                <![CDATA[gasftesting2@gmail.com]]>
              </value>
            </param>
            <param index="4">
              <value>
                <![CDATA[Mridul]]>
              </value>
            </param>
            <param index="5">
              <value>
                <![CDATA[Vashistha]]>
              </value>
            </param>
            <param index="6">
              <value>
                <![CDATA[3333 13th Ave S]]>
              </value>
            </param>
            <param index="7">
              <value>
                <![CDATA[]]>
              </value>
            </param>
            <param index="8">
              <value>
                <![CDATA[Fargo]]>
              </value>
            </param>
            <param index="9">
              <value>
                <![CDATA[North Dakota]]>
              </value>
            </param>
            <param index="10">
              <value>
                <![CDATA[58103]]>
              </value>
            </param>
            <param index="11">
              <value>
                <![CDATA[83455666377]]>
              </value>
            </param>
            <param index="12">
              <value>
                <![CDATA[]]>
              </value>
            </param>
            <param index="13">
              <value>
                <![CDATA[$377.40]]>
              </value>
            </param>
            <param index="14">
              <value>
                <![CDATA[Free Shipping]]>
              </value>
            </param>
            <param index="15">
              <value>
                <![CDATA[$0.00]]>
              </value>
            </param>
            <param index="16">
              <value>
                <![CDATA[$679.00]]>
              </value>
            </param>
            <param index="17">
              <value>
                <![CDATA[$377.40]]>
              </value>
            </param>
            <param index="18">
              <value>
                <![CDATA[Free Shipping]]>
              </value>
            </param>
            <param index="19">
              <value>
                <![CDATA[$0.00]]>
              </value>
            </param>
            <param index="20">
              <value>
                <![CDATA[$679.00]]>
              </value>
            </param>
          </params>
          <exception class="java.lang.AssertionError">
            <message>
              <![CDATA[The following asserts failed:
expected [$377.40] but found [$53.96],
expected [Free Shipping] but found [$9.95],
expected [$0.00] but found [$4.80],
expected [$679.00] but found [$68.71],
expected [$377.40] but found [$53.96],
expected [Free Shipping] but found [$9.95],
expected [$0.00] but found [$4.80],
expected [$679.00] but found [$68.71]]]>
            </message>
            <full-stacktrace>
              <![CDATA[java.lang.AssertionError: The following asserts failed:
expected [$377.40] but found [$53.96],
expected [Free Shipping] but found [$9.95],
expected [$0.00] but found [$4.80],
expected [$679.00] but found [$68.71],
expected [$377.40] but found [$53.96],
expected [Free Shipping] but found [$9.95],
expected [$0.00] but found [$4.80],
expected [$679.00] but found [$68.71]
at org.testng.asserts.SoftAssert.assertAll(SoftAssert.java:47)
at org.testng.asserts.SoftAssert.assertAll(SoftAssert.java:31)
at agi.qa.airdoctor.tests.ADFiltersOrderFlowTest.placeOrder(ADFiltersOrderFlowTest.java:77)
at java.base/jdk.internal.reflect.NativeMethodAccessorImpl.invoke0(Native Method)
at java.base/jdk.internal.reflect.NativeMethodAccessorImpl.invoke(NativeMethodAccessorImpl.java:77)
at java.base/jdk.internal.reflect.DelegatingMethodAccessorImpl.invoke(DelegatingMethodAccessorImpl.java:43)
at java.base/java.lang.reflect.Method.invoke(Method.java:568)
at org.testng.internal.MethodInvocationHelper.invokeMethod(MethodInvocationHelper.java:133)
at org.testng.internal.TestInvoker.invokeMethod(TestInvoker.java:584)
at org.testng.internal.TestInvoker.invokeTestMethod(TestInvoker.java:172)
at org.testng.internal.MethodRunner.runInSequence(MethodRunner.java:46)
at org.testng.internal.TestInvoker$MethodInvocationAgent.invoke(TestInvoker.java:804)
at org.testng.internal.TestInvoker.invokeTestMethods(TestInvoker.java:145)
at org.testng.internal.TestMethodWorker.invokeTestMethods(TestMethodWorker.java:146)
at org.testng.internal.TestMethodWorker.run(TestMethodWorker.java:128)
at java.base/java.util.ArrayList.forEach(ArrayList.java:1511)
at org.testng.TestRunner.privateRun(TestRunner.java:770)
at org.testng.TestRunner.run(TestRunner.java:591)
at org.testng.SuiteRunner.runTest(SuiteRunner.java:402)
at org.testng.SuiteRunner.runSequentially(SuiteRunner.java:396)
at org.testng.SuiteRunner.privateRun(SuiteRunner.java:355)
at org.testng.SuiteRunner.run(SuiteRunner.java:304)
at org.testng.SuiteRunnerWorker.runSuite(SuiteRunnerWorker.java:53)
at org.testng.SuiteRunnerWorker.run(SuiteRunnerWorker.java:96)
at org.testng.TestNG.runSuitesSequentially(TestNG.java:1180)
at org.testng.TestNG.runSuitesLocally(TestNG.java:1102)
at org.testng.TestNG.runSuites(TestNG.java:1032)
at org.testng.TestNG.run(TestNG.java:1000)
at org.testng.remote.AbstractRemoteTestNG.run(AbstractRemoteTestNG.java:115)
at org.testng.remote.RemoteTestNG.initAndRun(RemoteTestNG.java:251)
at org.testng.remote.RemoteTestNG.main(RemoteTestNG.java:77)
]]>
            </full-stacktrace>
          </exception> <!-- java.lang.AssertionError -->
          <reporter-output>
          </reporter-output>
        </test-method> <!-- placeOrder -->
        <test-method signature="placeOrder(org.testng.ITestContext, java.lang.String, java.lang.String, java.lang.String, java.lang.String, java.lang.String, java.lang.String, java.lang.String, java.lang.String, java.lang.String, java.lang.String, java.lang.String, java.lang.String, java.lang.String, java.lang.String, java.lang.String, java.lang.String, java.lang.String, java.lang.String, java.lang.String, java.lang.String)[pri:0, instance:agi.qa.airdoctor.tests.ADFiltersOrderFlowTest@7e7743ec]" started-at="2024-08-08T01:44:30 IST" name="placeOrder" data-provider="getDataFromExcel" finished-at="2024-08-08T01:45:55 IST" duration-ms="84222" status="FAIL">
          <params>
            <param index="0">
              <value>
                <![CDATA[org.testng.TestRunner@493489dd]]>
              </value>
            </param>
            <param index="1">
              <value>
                <![CDATA[AD3500carbonreplacementfilter]]>
              </value>
            </param>
            <param index="2">
              <value>
                <![CDATA[1]]>
              </value>
            </param>
            <param index="3">
              <value>
                <![CDATA[gasftesting2@gmail.com]]>
              </value>
            </param>
            <param index="4">
              <value>
                <![CDATA[Mridul]]>
              </value>
            </param>
            <param index="5">
              <value>
                <![CDATA[Vashistha]]>
              </value>
            </param>
            <param index="6">
              <value>
                <![CDATA[5353 N 27th St]]>
              </value>
            </param>
            <param index="7">
              <value>
                <![CDATA[]]>
              </value>
            </param>
            <param index="8">
              <value>
                <![CDATA[Lincoln]]>
              </value>
            </param>
            <param index="9">
              <value>
                <![CDATA[Nebraska]]>
              </value>
            </param>
            <param index="10">
              <value>
                <![CDATA[68521]]>
              </value>
            </param>
            <param index="11">
              <value>
                <![CDATA[83455666377]]>
              </value>
            </param>
            <param index="12">
              <value>
                <![CDATA[]]>
              </value>
            </param>
            <param index="13">
              <value>
                <![CDATA[$377.40]]>
              </value>
            </param>
            <param index="14">
              <value>
                <![CDATA[$29.95]]>
              </value>
            </param>
            <param index="15">
              <value>
                <![CDATA[$54.53]]>
              </value>
            </param>
            <param index="16">
              <value>
                <![CDATA[$833.48]]>
              </value>
            </param>
            <param index="17">
              <value>
                <![CDATA[$377.40]]>
              </value>
            </param>
            <param index="18">
              <value>
                <![CDATA[$29.95]]>
              </value>
            </param>
            <param index="19">
              <value>
                <![CDATA[$54.53]]>
              </value>
            </param>
            <param index="20">
              <value>
                <![CDATA[$833.48]]>
              </value>
            </param>
          </params>
          <exception class="java.lang.NullPointerException">
            <message>
              <![CDATA[Cannot invoke "org.openqa.selenium.WebElement.getText()" because the return value of "agi.qa.airdoctor.utils.ElementUtil.getElement(org.openqa.selenium.By)" is null]]>
            </message>
            <full-stacktrace>
              <![CDATA[java.lang.NullPointerException: Cannot invoke "org.openqa.selenium.WebElement.getText()" because the return value of "agi.qa.airdoctor.utils.ElementUtil.getElement(org.openqa.selenium.By)" is null
at agi.qa.airdoctor.pages.ADFiltersOrderFlowPage.getpreorderdetails(ADFiltersOrderFlowPage.java:695)
at agi.qa.airdoctor.tests.ADFiltersOrderFlowTest.placeOrder(ADFiltersOrderFlowTest.java:50)
at java.base/jdk.internal.reflect.NativeMethodAccessorImpl.invoke0(Native Method)
at java.base/jdk.internal.reflect.NativeMethodAccessorImpl.invoke(NativeMethodAccessorImpl.java:77)
at java.base/jdk.internal.reflect.DelegatingMethodAccessorImpl.invoke(DelegatingMethodAccessorImpl.java:43)
at java.base/java.lang.reflect.Method.invoke(Method.java:568)
at org.testng.internal.MethodInvocationHelper.invokeMethod(MethodInvocationHelper.java:133)
at org.testng.internal.TestInvoker.invokeMethod(TestInvoker.java:584)
at org.testng.internal.TestInvoker.invokeTestMethod(TestInvoker.java:172)
at org.testng.internal.MethodRunner.runInSequence(MethodRunner.java:46)
at org.testng.internal.TestInvoker$MethodInvocationAgent.invoke(TestInvoker.java:804)
at org.testng.internal.TestInvoker.invokeTestMethods(TestInvoker.java:145)
at org.testng.internal.TestMethodWorker.invokeTestMethods(TestMethodWorker.java:146)
at org.testng.internal.TestMethodWorker.run(TestMethodWorker.java:128)
at java.base/java.util.ArrayList.forEach(ArrayList.java:1511)
at org.testng.TestRunner.privateRun(TestRunner.java:770)
at org.testng.TestRunner.run(TestRunner.java:591)
at org.testng.SuiteRunner.runTest(SuiteRunner.java:402)
at org.testng.SuiteRunner.runSequentially(SuiteRunner.java:396)
at org.testng.SuiteRunner.privateRun(SuiteRunner.java:355)
at org.testng.SuiteRunner.run(SuiteRunner.java:304)
at org.testng.SuiteRunnerWorker.runSuite(SuiteRunnerWorker.java:53)
at org.testng.SuiteRunnerWorker.run(SuiteRunnerWorker.java:96)
at org.testng.TestNG.runSuitesSequentially(TestNG.java:1180)
at org.testng.TestNG.runSuitesLocally(TestNG.java:1102)
at org.testng.TestNG.runSuites(TestNG.java:1032)
at org.testng.TestNG.run(TestNG.java:1000)
at org.testng.remote.AbstractRemoteTestNG.run(AbstractRemoteTestNG.java:115)
at org.testng.remote.RemoteTestNG.initAndRun(RemoteTestNG.java:251)
at org.testng.remote.RemoteTestNG.main(RemoteTestNG.java:77)
]]>
            </full-stacktrace>
          </exception> <!-- java.lang.NullPointerException -->
          <reporter-output>
          </reporter-output>
        </test-method> <!-- placeOrder -->
        <test-method signature="placeOrder(org.testng.ITestContext, java.lang.String, java.lang.String, java.lang.String, java.lang.String, java.lang.String, java.lang.String, java.lang.String, java.lang.String, java.lang.String, java.lang.String, java.lang.String, java.lang.String, java.lang.String, java.lang.String, java.lang.String, java.lang.String, java.lang.String, java.lang.String, java.lang.String, java.lang.String)[pri:0, instance:agi.qa.airdoctor.tests.ADFiltersOrderFlowTest@7e7743ec]" started-at="2024-08-08T01:45:55 IST" name="placeOrder" data-provider="getDataFromExcel" finished-at="2024-08-08T01:48:10 IST" duration-ms="134966" status="FAIL">
          <params>
            <param index="0">
              <value>
                <![CDATA[org.testng.TestRunner@493489dd]]>
              </value>
            </param>
            <param index="1">
              <value>
                <![CDATA[AD3500prereplacementfilter]]>
              </value>
            </param>
            <param index="2">
              <value>
                <![CDATA[1]]>
              </value>
            </param>
            <param index="3">
              <value>
                <![CDATA[gasftesting2@gmail.com]]>
              </value>
            </param>
            <param index="4">
              <value>
                <![CDATA[Mridul]]>
              </value>
            </param>
            <param index="5">
              <value>
                <![CDATA[Vashistha]]>
              </value>
            </param>
            <param index="6">
              <value>
                <![CDATA[4 Tower Center Blvd]]>
              </value>
            </param>
            <param index="7">
              <value>
                <![CDATA[]]>
              </value>
            </param>
            <param index="8">
              <value>
                <![CDATA[East Brunswick]]>
              </value>
            </param>
            <param index="9">
              <value>
                <![CDATA[New Jersey]]>
              </value>
            </param>
            <param index="10">
              <value>
                <![CDATA[08816]]>
              </value>
            </param>
            <param index="11">
              <value>
                <![CDATA[83455666377]]>
              </value>
            </param>
            <param index="12">
              <value>
                <![CDATA[]]>
              </value>
            </param>
            <param index="13">
              <value>
                <![CDATA[$152.99]]>
              </value>
            </param>
            <param index="14">
              <value>
                <![CDATA[$9.95]]>
              </value>
            </param>
            <param index="15">
              <value>
                <![CDATA[$13.16]]>
              </value>
            </param>
            <param index="16">
              <value>
                <![CDATA[$176.39]]>
              </value>
            </param>
            <param index="17">
              <value>
                <![CDATA[$152.99]]>
              </value>
            </param>
            <param index="18">
              <value>
                <![CDATA[$9.95]]>
              </value>
            </param>
            <param index="19">
              <value>
                <![CDATA[$13.16]]>
              </value>
            </param>
            <param index="20">
              <value>
                <![CDATA[$176.39]]>
              </value>
            </param>
          </params>
          <exception class="java.lang.AssertionError">
            <message>
              <![CDATA[The following asserts failed:
expected [$152.99] but found [$17.96],
expected [$13.16] but found [$1.85],
expected [$176.39] but found [$29.76],
expected [$152.99] but found [$17.96],
expected [$13.16] but found [$1.85],
expected [$176.39] but found [$29.76]]]>
            </message>
            <full-stacktrace>
              <![CDATA[java.lang.AssertionError: The following asserts failed:
expected [$152.99] but found [$17.96],
expected [$13.16] but found [$1.85],
expected [$176.39] but found [$29.76],
expected [$152.99] but found [$17.96],
expected [$13.16] but found [$1.85],
expected [$176.39] but found [$29.76]
at org.testng.asserts.SoftAssert.assertAll(SoftAssert.java:47)
at org.testng.asserts.SoftAssert.assertAll(SoftAssert.java:31)
at agi.qa.airdoctor.tests.ADFiltersOrderFlowTest.placeOrder(ADFiltersOrderFlowTest.java:77)
at java.base/jdk.internal.reflect.NativeMethodAccessorImpl.invoke0(Native Method)
at java.base/jdk.internal.reflect.NativeMethodAccessorImpl.invoke(NativeMethodAccessorImpl.java:77)
at java.base/jdk.internal.reflect.DelegatingMethodAccessorImpl.invoke(DelegatingMethodAccessorImpl.java:43)
at java.base/java.lang.reflect.Method.invoke(Method.java:568)
at org.testng.internal.MethodInvocationHelper.invokeMethod(MethodInvocationHelper.java:133)
at org.testng.internal.TestInvoker.invokeMethod(TestInvoker.java:584)
at org.testng.internal.TestInvoker.invokeTestMethod(TestInvoker.java:172)
at org.testng.internal.MethodRunner.runInSequence(MethodRunner.java:46)
at org.testng.internal.TestInvoker$MethodInvocationAgent.invoke(TestInvoker.java:804)
at org.testng.internal.TestInvoker.invokeTestMethods(TestInvoker.java:145)
at org.testng.internal.TestMethodWorker.invokeTestMethods(TestMethodWorker.java:146)
at org.testng.internal.TestMethodWorker.run(TestMethodWorker.java:128)
at java.base/java.util.ArrayList.forEach(ArrayList.java:1511)
at org.testng.TestRunner.privateRun(TestRunner.java:770)
at org.testng.TestRunner.run(TestRunner.java:591)
at org.testng.SuiteRunner.runTest(SuiteRunner.java:402)
at org.testng.SuiteRunner.runSequentially(SuiteRunner.java:396)
at org.testng.SuiteRunner.privateRun(SuiteRunner.java:355)
at org.testng.SuiteRunner.run(SuiteRunner.java:304)
at org.testng.SuiteRunnerWorker.runSuite(SuiteRunnerWorker.java:53)
at org.testng.SuiteRunnerWorker.run(SuiteRunnerWorker.java:96)
at org.testng.TestNG.runSuitesSequentially(TestNG.java:1180)
at org.testng.TestNG.runSuitesLocally(TestNG.java:1102)
at org.testng.TestNG.runSuites(TestNG.java:1032)
at org.testng.TestNG.run(TestNG.java:1000)
at org.testng.remote.AbstractRemoteTestNG.run(AbstractRemoteTestNG.java:115)
at org.testng.remote.RemoteTestNG.initAndRun(RemoteTestNG.java:251)
at org.testng.remote.RemoteTestNG.main(RemoteTestNG.java:77)
]]>
            </full-stacktrace>
          </exception> <!-- java.lang.AssertionError -->
          <reporter-output>
          </reporter-output>
        </test-method> <!-- placeOrder -->
        <test-method signature="placeOrder(org.testng.ITestContext, java.lang.String, java.lang.String, java.lang.String, java.lang.String, java.lang.String, java.lang.String, java.lang.String, java.lang.String, java.lang.String, java.lang.String, java.lang.String, java.lang.String, java.lang.String, java.lang.String, java.lang.String, java.lang.String, java.lang.String, java.lang.String, java.lang.String, java.lang.String)[pri:0, instance:agi.qa.airdoctor.tests.ADFiltersOrderFlowTest@7e7743ec]" started-at="2024-08-08T01:48:10 IST" name="placeOrder" data-provider="getDataFromExcel" finished-at="2024-08-08T01:50:13 IST" duration-ms="123136" status="FAIL">
          <params>
            <param index="0">
              <value>
                <![CDATA[org.testng.TestRunner@493489dd]]>
              </value>
            </param>
            <param index="1">
              <value>
                <![CDATA[AD2000filtercombo]]>
              </value>
            </param>
            <param index="2">
              <value>
                <![CDATA[1]]>
              </value>
            </param>
            <param index="3">
              <value>
                <![CDATA[gasftesting2@gmail.com]]>
              </value>
            </param>
            <param index="4">
              <value>
                <![CDATA[Mridul]]>
              </value>
            </param>
            <param index="5">
              <value>
                <![CDATA[Vashistha]]>
              </value>
            </param>
            <param index="6">
              <value>
                <![CDATA[800 Rio Grande Blvd NW]]>
              </value>
            </param>
            <param index="7">
              <value>
                <![CDATA[]]>
              </value>
            </param>
            <param index="8">
              <value>
                <![CDATA[Albuquerque]]>
              </value>
            </param>
            <param index="9">
              <value>
                <![CDATA[New Mexico]]>
              </value>
            </param>
            <param index="10">
              <value>
                <![CDATA[87104]]>
              </value>
            </param>
            <param index="11">
              <value>
                <![CDATA[83455666377]]>
              </value>
            </param>
            <param index="12">
              <value>
                <![CDATA[]]>
              </value>
            </param>
            <param index="13">
              <value>
                <![CDATA[$377.40]]>
              </value>
            </param>
            <param index="14">
              <value>
                <![CDATA[Free Shipping]]>
              </value>
            </param>
            <param index="15">
              <value>
                <![CDATA[$0.00]]>
              </value>
            </param>
            <param index="16">
              <value>
                <![CDATA[$679.00]]>
              </value>
            </param>
            <param index="17">
              <value>
                <![CDATA[$377.40]]>
              </value>
            </param>
            <param index="18">
              <value>
                <![CDATA[Free Shipping]]>
              </value>
            </param>
            <param index="19">
              <value>
                <![CDATA[$0.00]]>
              </value>
            </param>
            <param index="20">
              <value>
                <![CDATA[$679.00]]>
              </value>
            </param>
          </params>
          <exception class="java.lang.AssertionError">
            <message>
              <![CDATA[The following asserts failed:
expected [$377.40] but found [$103.49],
expected [Free Shipping] but found [$9.95],
expected [$0.00] but found [$8.66],
expected [$679.00] but found [$122.10],
expected [$377.40] but found [$103.49],
expected [Free Shipping] but found [$9.95],
expected [$0.00] but found [$8.66],
expected [$679.00] but found [$122.10]]]>
            </message>
            <full-stacktrace>
              <![CDATA[java.lang.AssertionError: The following asserts failed:
expected [$377.40] but found [$103.49],
expected [Free Shipping] but found [$9.95],
expected [$0.00] but found [$8.66],
expected [$679.00] but found [$122.10],
expected [$377.40] but found [$103.49],
expected [Free Shipping] but found [$9.95],
expected [$0.00] but found [$8.66],
expected [$679.00] but found [$122.10]
at org.testng.asserts.SoftAssert.assertAll(SoftAssert.java:47)
at org.testng.asserts.SoftAssert.assertAll(SoftAssert.java:31)
at agi.qa.airdoctor.tests.ADFiltersOrderFlowTest.placeOrder(ADFiltersOrderFlowTest.java:77)
at java.base/jdk.internal.reflect.NativeMethodAccessorImpl.invoke0(Native Method)
at java.base/jdk.internal.reflect.NativeMethodAccessorImpl.invoke(NativeMethodAccessorImpl.java:77)
at java.base/jdk.internal.reflect.DelegatingMethodAccessorImpl.invoke(DelegatingMethodAccessorImpl.java:43)
at java.base/java.lang.reflect.Method.invoke(Method.java:568)
at org.testng.internal.MethodInvocationHelper.invokeMethod(MethodInvocationHelper.java:133)
at org.testng.internal.TestInvoker.invokeMethod(TestInvoker.java:584)
at org.testng.internal.TestInvoker.invokeTestMethod(TestInvoker.java:172)
at org.testng.internal.MethodRunner.runInSequence(MethodRunner.java:46)
at org.testng.internal.TestInvoker$MethodInvocationAgent.invoke(TestInvoker.java:804)
at org.testng.internal.TestInvoker.invokeTestMethods(TestInvoker.java:145)
at org.testng.internal.TestMethodWorker.invokeTestMethods(TestMethodWorker.java:146)
at org.testng.internal.TestMethodWorker.run(TestMethodWorker.java:128)
at java.base/java.util.ArrayList.forEach(ArrayList.java:1511)
at org.testng.TestRunner.privateRun(TestRunner.java:770)
at org.testng.TestRunner.run(TestRunner.java:591)
at org.testng.SuiteRunner.runTest(SuiteRunner.java:402)
at org.testng.SuiteRunner.runSequentially(SuiteRunner.java:396)
at org.testng.SuiteRunner.privateRun(SuiteRunner.java:355)
at org.testng.SuiteRunner.run(SuiteRunner.java:304)
at org.testng.SuiteRunnerWorker.runSuite(SuiteRunnerWorker.java:53)
at org.testng.SuiteRunnerWorker.run(SuiteRunnerWorker.java:96)
at org.testng.TestNG.runSuitesSequentially(TestNG.java:1180)
at org.testng.TestNG.runSuitesLocally(TestNG.java:1102)
at org.testng.TestNG.runSuites(TestNG.java:1032)
at org.testng.TestNG.run(TestNG.java:1000)
at org.testng.remote.AbstractRemoteTestNG.run(AbstractRemoteTestNG.java:115)
at org.testng.remote.RemoteTestNG.initAndRun(RemoteTestNG.java:251)
at org.testng.remote.RemoteTestNG.main(RemoteTestNG.java:77)
]]>
            </full-stacktrace>
          </exception> <!-- java.lang.AssertionError -->
          <reporter-output>
          </reporter-output>
        </test-method> <!-- placeOrder -->
        <test-method signature="placeOrder(org.testng.ITestContext, java.lang.String, java.lang.String, java.lang.String, java.lang.String, java.lang.String, java.lang.String, java.lang.String, java.lang.String, java.lang.String, java.lang.String, java.lang.String, java.lang.String, java.lang.String, java.lang.String, java.lang.String, java.lang.String, java.lang.String, java.lang.String, java.lang.String, java.lang.String)[pri:0, instance:agi.qa.airdoctor.tests.ADFiltersOrderFlowTest@7e7743ec]" started-at="2024-08-08T01:50:13 IST" name="placeOrder" data-provider="getDataFromExcel" finished-at="2024-08-08T01:52:21 IST" duration-ms="127998" status="FAIL">
          <params>
            <param index="0">
              <value>
                <![CDATA[org.testng.TestRunner@493489dd]]>
              </value>
            </param>
            <param index="1">
              <value>
                <![CDATA[AD5500prereplacementfilter]]>
              </value>
            </param>
            <param index="2">
              <value>
                <![CDATA[1]]>
              </value>
            </param>
            <param index="3">
              <value>
                <![CDATA[gasftesting2@gmail.com]]>
              </value>
            </param>
            <param index="4">
              <value>
                <![CDATA[Mridul]]>
              </value>
            </param>
            <param index="5">
              <value>
                <![CDATA[Vashistha]]>
              </value>
            </param>
            <param index="6">
              <value>
                <![CDATA[790 7th Ave]]>
              </value>
            </param>
            <param index="7">
              <value>
                <![CDATA[]]>
              </value>
            </param>
            <param index="8">
              <value>
                <![CDATA[New York]]>
              </value>
            </param>
            <param index="9">
              <value>
                <![CDATA[New York]]>
              </value>
            </param>
            <param index="10">
              <value>
                <![CDATA[10019]]>
              </value>
            </param>
            <param index="11">
              <value>
                <![CDATA[83455666377]]>
              </value>
            </param>
            <param index="12">
              <value>
                <![CDATA[]]>
              </value>
            </param>
            <param index="13">
              <value>
                <![CDATA[$377.40]]>
              </value>
            </param>
            <param index="14">
              <value>
                <![CDATA[$29.95]]>
              </value>
            </param>
            <param index="15">
              <value>
                <![CDATA[$54.53]]>
              </value>
            </param>
            <param index="16">
              <value>
                <![CDATA[$833.48]]>
              </value>
            </param>
            <param index="17">
              <value>
                <![CDATA[$377.40]]>
              </value>
            </param>
            <param index="18">
              <value>
                <![CDATA[$29.95]]>
              </value>
            </param>
            <param index="19">
              <value>
                <![CDATA[$54.53]]>
              </value>
            </param>
            <param index="20">
              <value>
                <![CDATA[$833.48]]>
              </value>
            </param>
          </params>
          <exception class="java.lang.AssertionError">
            <message>
              <![CDATA[The following asserts failed:
expected [$377.40] but found [$31.50],
expected [$29.95] but found [$9.95],
expected [$54.53] but found [$3.69],
expected [$833.48] but found [$45.14],
expected [$377.40] but found [$31.50],
expected [$29.95] but found [$9.95],
expected [$54.53] but found [$3.69],
expected [$833.48] but found [$45.14]]]>
            </message>
            <full-stacktrace>
              <![CDATA[java.lang.AssertionError: The following asserts failed:
expected [$377.40] but found [$31.50],
expected [$29.95] but found [$9.95],
expected [$54.53] but found [$3.69],
expected [$833.48] but found [$45.14],
expected [$377.40] but found [$31.50],
expected [$29.95] but found [$9.95],
expected [$54.53] but found [$3.69],
expected [$833.48] but found [$45.14]
at org.testng.asserts.SoftAssert.assertAll(SoftAssert.java:47)
at org.testng.asserts.SoftAssert.assertAll(SoftAssert.java:31)
at agi.qa.airdoctor.tests.ADFiltersOrderFlowTest.placeOrder(ADFiltersOrderFlowTest.java:77)
at java.base/jdk.internal.reflect.NativeMethodAccessorImpl.invoke0(Native Method)
at java.base/jdk.internal.reflect.NativeMethodAccessorImpl.invoke(NativeMethodAccessorImpl.java:77)
at java.base/jdk.internal.reflect.DelegatingMethodAccessorImpl.invoke(DelegatingMethodAccessorImpl.java:43)
at java.base/java.lang.reflect.Method.invoke(Method.java:568)
at org.testng.internal.MethodInvocationHelper.invokeMethod(MethodInvocationHelper.java:133)
at org.testng.internal.TestInvoker.invokeMethod(TestInvoker.java:584)
at org.testng.internal.TestInvoker.invokeTestMethod(TestInvoker.java:172)
at org.testng.internal.MethodRunner.runInSequence(MethodRunner.java:46)
at org.testng.internal.TestInvoker$MethodInvocationAgent.invoke(TestInvoker.java:804)
at org.testng.internal.TestInvoker.invokeTestMethods(TestInvoker.java:145)
at org.testng.internal.TestMethodWorker.invokeTestMethods(TestMethodWorker.java:146)
at org.testng.internal.TestMethodWorker.run(TestMethodWorker.java:128)
at java.base/java.util.ArrayList.forEach(ArrayList.java:1511)
at org.testng.TestRunner.privateRun(TestRunner.java:770)
at org.testng.TestRunner.run(TestRunner.java:591)
at org.testng.SuiteRunner.runTest(SuiteRunner.java:402)
at org.testng.SuiteRunner.runSequentially(SuiteRunner.java:396)
at org.testng.SuiteRunner.privateRun(SuiteRunner.java:355)
at org.testng.SuiteRunner.run(SuiteRunner.java:304)
at org.testng.SuiteRunnerWorker.runSuite(SuiteRunnerWorker.java:53)
at org.testng.SuiteRunnerWorker.run(SuiteRunnerWorker.java:96)
at org.testng.TestNG.runSuitesSequentially(TestNG.java:1180)
at org.testng.TestNG.runSuitesLocally(TestNG.java:1102)
at org.testng.TestNG.runSuites(TestNG.java:1032)
at org.testng.TestNG.run(TestNG.java:1000)
at org.testng.remote.AbstractRemoteTestNG.run(AbstractRemoteTestNG.java:115)
at org.testng.remote.RemoteTestNG.initAndRun(RemoteTestNG.java:251)
at org.testng.remote.RemoteTestNG.main(RemoteTestNG.java:77)
]]>
            </full-stacktrace>
          </exception> <!-- java.lang.AssertionError -->
          <reporter-output>
          </reporter-output>
        </test-method> <!-- placeOrder -->
        <test-method signature="placeOrder(org.testng.ITestContext, java.lang.String, java.lang.String, java.lang.String, java.lang.String, java.lang.String, java.lang.String, java.lang.String, java.lang.String, java.lang.String, java.lang.String, java.lang.String, java.lang.String, java.lang.String, java.lang.String, java.lang.String, java.lang.String, java.lang.String, java.lang.String, java.lang.String, java.lang.String)[pri:0, instance:agi.qa.airdoctor.tests.ADFiltersOrderFlowTest@7e7743ec]" started-at="2024-08-08T01:52:21 IST" name="placeOrder" data-provider="getDataFromExcel" finished-at="2024-08-08T01:54:22 IST" duration-ms="121505" status="FAIL">
          <params>
            <param index="0">
              <value>
                <![CDATA[org.testng.TestRunner@493489dd]]>
              </value>
            </param>
            <param index="1">
              <value>
                <![CDATA[AD1000filter]]>
              </value>
            </param>
            <param index="2">
              <value>
                <![CDATA[1]]>
              </value>
            </param>
            <param index="3">
              <value>
                <![CDATA[gasftesting2@gmail.com]]>
              </value>
            </param>
            <param index="4">
              <value>
                <![CDATA[Mridul]]>
              </value>
            </param>
            <param index="5">
              <value>
                <![CDATA[Vashistha]]>
              </value>
            </param>
            <param index="6">
              <value>
                <![CDATA[175 Hutchinson Ave]]>
              </value>
            </param>
            <param index="7">
              <value>
                <![CDATA[]]>
              </value>
            </param>
            <param index="8">
              <value>
                <![CDATA[Columbus]]>
              </value>
            </param>
            <param index="9">
              <value>
                <![CDATA[Ohio]]>
              </value>
            </param>
            <param index="10">
              <value>
                <![CDATA[43235]]>
              </value>
            </param>
            <param index="11">
              <value>
                <![CDATA[83455666377]]>
              </value>
            </param>
            <param index="12">
              <value>
                <![CDATA[]]>
              </value>
            </param>
            <param index="13">
              <value>
                <![CDATA[$152.99]]>
              </value>
            </param>
            <param index="14">
              <value>
                <![CDATA[$9.95]]>
              </value>
            </param>
            <param index="15">
              <value>
                <![CDATA[$13.16]]>
              </value>
            </param>
            <param index="16">
              <value>
                <![CDATA[$176.39]]>
              </value>
            </param>
            <param index="17">
              <value>
                <![CDATA[$152.99]]>
              </value>
            </param>
            <param index="18">
              <value>
                <![CDATA[$9.95]]>
              </value>
            </param>
            <param index="19">
              <value>
                <![CDATA[$13.16]]>
              </value>
            </param>
            <param index="20">
              <value>
                <![CDATA[$176.39]]>
              </value>
            </param>
          </params>
          <exception class="java.lang.AssertionError">
            <message>
              <![CDATA[The following asserts failed:
expected [$152.99] but found [$71.99],
expected [$13.16] but found [$0.74],
expected [$176.39] but found [$82.68],
expected [$152.99] but found [$71.99],
expected [$13.16] but found [$0.74],
expected [$176.39] but found [$82.68]]]>
            </message>
            <full-stacktrace>
              <![CDATA[java.lang.AssertionError: The following asserts failed:
expected [$152.99] but found [$71.99],
expected [$13.16] but found [$0.74],
expected [$176.39] but found [$82.68],
expected [$152.99] but found [$71.99],
expected [$13.16] but found [$0.74],
expected [$176.39] but found [$82.68]
at org.testng.asserts.SoftAssert.assertAll(SoftAssert.java:47)
at org.testng.asserts.SoftAssert.assertAll(SoftAssert.java:31)
at agi.qa.airdoctor.tests.ADFiltersOrderFlowTest.placeOrder(ADFiltersOrderFlowTest.java:77)
at java.base/jdk.internal.reflect.NativeMethodAccessorImpl.invoke0(Native Method)
at java.base/jdk.internal.reflect.NativeMethodAccessorImpl.invoke(NativeMethodAccessorImpl.java:77)
at java.base/jdk.internal.reflect.DelegatingMethodAccessorImpl.invoke(DelegatingMethodAccessorImpl.java:43)
at java.base/java.lang.reflect.Method.invoke(Method.java:568)
at org.testng.internal.MethodInvocationHelper.invokeMethod(MethodInvocationHelper.java:133)
at org.testng.internal.TestInvoker.invokeMethod(TestInvoker.java:584)
at org.testng.internal.TestInvoker.invokeTestMethod(TestInvoker.java:172)
at org.testng.internal.MethodRunner.runInSequence(MethodRunner.java:46)
at org.testng.internal.TestInvoker$MethodInvocationAgent.invoke(TestInvoker.java:804)
at org.testng.internal.TestInvoker.invokeTestMethods(TestInvoker.java:145)
at org.testng.internal.TestMethodWorker.invokeTestMethods(TestMethodWorker.java:146)
at org.testng.internal.TestMethodWorker.run(TestMethodWorker.java:128)
at java.base/java.util.ArrayList.forEach(ArrayList.java:1511)
at org.testng.TestRunner.privateRun(TestRunner.java:770)
at org.testng.TestRunner.run(TestRunner.java:591)
at org.testng.SuiteRunner.runTest(SuiteRunner.java:402)
at org.testng.SuiteRunner.runSequentially(SuiteRunner.java:396)
at org.testng.SuiteRunner.privateRun(SuiteRunner.java:355)
at org.testng.SuiteRunner.run(SuiteRunner.java:304)
at org.testng.SuiteRunnerWorker.runSuite(SuiteRunnerWorker.java:53)
at org.testng.SuiteRunnerWorker.run(SuiteRunnerWorker.java:96)
at org.testng.TestNG.runSuitesSequentially(TestNG.java:1180)
at org.testng.TestNG.runSuitesLocally(TestNG.java:1102)
at org.testng.TestNG.runSuites(TestNG.java:1032)
at org.testng.TestNG.run(TestNG.java:1000)
at org.testng.remote.AbstractRemoteTestNG.run(AbstractRemoteTestNG.java:115)
at org.testng.remote.RemoteTestNG.initAndRun(RemoteTestNG.java:251)
at org.testng.remote.RemoteTestNG.main(RemoteTestNG.java:77)
]]>
            </full-stacktrace>
          </exception> <!-- java.lang.AssertionError -->
          <reporter-output>
          </reporter-output>
        </test-method> <!-- placeOrder -->
        <test-method signature="placeOrder(org.testng.ITestContext, java.lang.String, java.lang.String, java.lang.String, java.lang.String, java.lang.String, java.lang.String, java.lang.String, java.lang.String, java.lang.String, java.lang.String, java.lang.String, java.lang.String, java.lang.String, java.lang.String, java.lang.String, java.lang.String, java.lang.String, java.lang.String, java.lang.String, java.lang.String)[pri:0, instance:agi.qa.airdoctor.tests.ADFiltersOrderFlowTest@7e7743ec]" started-at="2024-08-08T01:54:22 IST" name="placeOrder" data-provider="getDataFromExcel" finished-at="2024-08-08T01:56:21 IST" duration-ms="118408" status="FAIL">
          <params>
            <param index="0">
              <value>
                <![CDATA[org.testng.TestRunner@493489dd]]>
              </value>
            </param>
            <param index="1">
              <value>
                <![CDATA[AD1000filter]]>
              </value>
            </param>
            <param index="2">
              <value>
                <![CDATA[2]]>
              </value>
            </param>
            <param index="3">
              <value>
                <![CDATA[gasftesting2@gmail.com]]>
              </value>
            </param>
            <param index="4">
              <value>
                <![CDATA[Mridul]]>
              </value>
            </param>
            <param index="5">
              <value>
                <![CDATA[Vashistha]]>
              </value>
            </param>
            <param index="6">
              <value>
                <![CDATA[8000 Jonestown Rd]]>
              </value>
            </param>
            <param index="7">
              <value>
                <![CDATA[]]>
              </value>
            </param>
            <param index="8">
              <value>
                <![CDATA[Harrisburg]]>
              </value>
            </param>
            <param index="9">
              <value>
                <![CDATA[Pennsylvania]]>
              </value>
            </param>
            <param index="10">
              <value>
                <![CDATA[17112]]>
              </value>
            </param>
            <param index="11">
              <value>
                <![CDATA[83455666377]]>
              </value>
            </param>
            <param index="12">
              <value>
                <![CDATA[]]>
              </value>
            </param>
            <param index="13">
              <value>
                <![CDATA[$377.40]]>
              </value>
            </param>
            <param index="14">
              <value>
                <![CDATA[Free Shipping]]>
              </value>
            </param>
            <param index="15">
              <value>
                <![CDATA[$0.00]]>
              </value>
            </param>
            <param index="16">
              <value>
                <![CDATA[$679.00]]>
              </value>
            </param>
            <param index="17">
              <value>
                <![CDATA[$377.40]]>
              </value>
            </param>
            <param index="18">
              <value>
                <![CDATA[Free Shipping]]>
              </value>
            </param>
            <param index="19">
              <value>
                <![CDATA[$0.00]]>
              </value>
            </param>
            <param index="20">
              <value>
                <![CDATA[$679.00]]>
              </value>
            </param>
          </params>
          <exception class="java.lang.AssertionError">
            <message>
              <![CDATA[The following asserts failed:
expected [$377.40] but found [$143.98],
expected [Free Shipping] but found [$19.90],
expected [$0.00] but found [$9.83],
expected [$679.00] but found [$173.71],
expected [$377.40] but found [$143.98],
expected [Free Shipping] but found [$19.90],
expected [$0.00] but found [$9.83],
expected [$679.00] but found [$173.71]]]>
            </message>
            <full-stacktrace>
              <![CDATA[java.lang.AssertionError: The following asserts failed:
expected [$377.40] but found [$143.98],
expected [Free Shipping] but found [$19.90],
expected [$0.00] but found [$9.83],
expected [$679.00] but found [$173.71],
expected [$377.40] but found [$143.98],
expected [Free Shipping] but found [$19.90],
expected [$0.00] but found [$9.83],
expected [$679.00] but found [$173.71]
at org.testng.asserts.SoftAssert.assertAll(SoftAssert.java:47)
at org.testng.asserts.SoftAssert.assertAll(SoftAssert.java:31)
at agi.qa.airdoctor.tests.ADFiltersOrderFlowTest.placeOrder(ADFiltersOrderFlowTest.java:77)
at java.base/jdk.internal.reflect.NativeMethodAccessorImpl.invoke0(Native Method)
at java.base/jdk.internal.reflect.NativeMethodAccessorImpl.invoke(NativeMethodAccessorImpl.java:77)
at java.base/jdk.internal.reflect.DelegatingMethodAccessorImpl.invoke(DelegatingMethodAccessorImpl.java:43)
at java.base/java.lang.reflect.Method.invoke(Method.java:568)
at org.testng.internal.MethodInvocationHelper.invokeMethod(MethodInvocationHelper.java:133)
at org.testng.internal.TestInvoker.invokeMethod(TestInvoker.java:584)
at org.testng.internal.TestInvoker.invokeTestMethod(TestInvoker.java:172)
at org.testng.internal.MethodRunner.runInSequence(MethodRunner.java:46)
at org.testng.internal.TestInvoker$MethodInvocationAgent.invoke(TestInvoker.java:804)
at org.testng.internal.TestInvoker.invokeTestMethods(TestInvoker.java:145)
at org.testng.internal.TestMethodWorker.invokeTestMethods(TestMethodWorker.java:146)
at org.testng.internal.TestMethodWorker.run(TestMethodWorker.java:128)
at java.base/java.util.ArrayList.forEach(ArrayList.java:1511)
at org.testng.TestRunner.privateRun(TestRunner.java:770)
at org.testng.TestRunner.run(TestRunner.java:591)
at org.testng.SuiteRunner.runTest(SuiteRunner.java:402)
at org.testng.SuiteRunner.runSequentially(SuiteRunner.java:396)
at org.testng.SuiteRunner.privateRun(SuiteRunner.java:355)
at org.testng.SuiteRunner.run(SuiteRunner.java:304)
at org.testng.SuiteRunnerWorker.runSuite(SuiteRunnerWorker.java:53)
at org.testng.SuiteRunnerWorker.run(SuiteRunnerWorker.java:96)
at org.testng.TestNG.runSuitesSequentially(TestNG.java:1180)
at org.testng.TestNG.runSuitesLocally(TestNG.java:1102)
at org.testng.TestNG.runSuites(TestNG.java:1032)
at org.testng.TestNG.run(TestNG.java:1000)
at org.testng.remote.AbstractRemoteTestNG.run(AbstractRemoteTestNG.java:115)
at org.testng.remote.RemoteTestNG.initAndRun(RemoteTestNG.java:251)
at org.testng.remote.RemoteTestNG.main(RemoteTestNG.java:77)
]]>
            </full-stacktrace>
          </exception> <!-- java.lang.AssertionError -->
          <reporter-output>
          </reporter-output>
        </test-method> <!-- placeOrder -->
        <test-method signature="placeOrder(org.testng.ITestContext, java.lang.String, java.lang.String, java.lang.String, java.lang.String, java.lang.String, java.lang.String, java.lang.String, java.lang.String, java.lang.String, java.lang.String, java.lang.String, java.lang.String, java.lang.String, java.lang.String, java.lang.String, java.lang.String, java.lang.String, java.lang.String, java.lang.String, java.lang.String)[pri:0, instance:agi.qa.airdoctor.tests.ADFiltersOrderFlowTest@7e7743ec]" started-at="2024-08-08T01:56:21 IST" name="placeOrder" data-provider="getDataFromExcel" finished-at="2024-08-08T01:58:24 IST" duration-ms="122949" status="FAIL">
          <params>
            <param index="0">
              <value>
                <![CDATA[org.testng.TestRunner@493489dd]]>
              </value>
            </param>
            <param index="1">
              <value>
                <![CDATA[AD1000filter]]>
              </value>
            </param>
            <param index="2">
              <value>
                <![CDATA[3]]>
              </value>
            </param>
            <param index="3">
              <value>
                <![CDATA[gasftesting2@gmail.com]]>
              </value>
            </param>
            <param index="4">
              <value>
                <![CDATA[Mridul]]>
              </value>
            </param>
            <param index="5">
              <value>
                <![CDATA[Vashistha]]>
              </value>
            </param>
            <param index="6">
              <value>
                <![CDATA[11 Dorrance St]]>
              </value>
            </param>
            <param index="7">
              <value>
                <![CDATA[]]>
              </value>
            </param>
            <param index="8">
              <value>
                <![CDATA[Providence]]>
              </value>
            </param>
            <param index="9">
              <value>
                <![CDATA[Rhode Island]]>
              </value>
            </param>
            <param index="10">
              <value>
                <![CDATA[02903]]>
              </value>
            </param>
            <param index="11">
              <value>
                <![CDATA[83455666377]]>
              </value>
            </param>
            <param index="12">
              <value>
                <![CDATA[]]>
              </value>
            </param>
            <param index="13">
              <value>
                <![CDATA[$377.40]]>
              </value>
            </param>
            <param index="14">
              <value>
                <![CDATA[$29.95]]>
              </value>
            </param>
            <param index="15">
              <value>
                <![CDATA[$54.53]]>
              </value>
            </param>
            <param index="16">
              <value>
                <![CDATA[$833.48]]>
              </value>
            </param>
            <param index="17">
              <value>
                <![CDATA[$377.40]]>
              </value>
            </param>
            <param index="18">
              <value>
                <![CDATA[$29.95]]>
              </value>
            </param>
            <param index="19">
              <value>
                <![CDATA[$54.53]]>
              </value>
            </param>
            <param index="20">
              <value>
                <![CDATA[$833.48]]>
              </value>
            </param>
          </params>
          <exception class="java.lang.AssertionError">
            <message>
              <![CDATA[The following asserts failed:
expected [$377.40] but found [$215.97],
expected [$29.95] but found [$29.85],
expected [$54.53] but found [$17.21],
expected [$833.48] but found [$263.03],
expected [$377.40] but found [$215.97],
expected [$29.95] but found [$29.85],
expected [$54.53] but found [$17.21],
expected [$833.48] but found [$263.03]]]>
            </message>
            <full-stacktrace>
              <![CDATA[java.lang.AssertionError: The following asserts failed:
expected [$377.40] but found [$215.97],
expected [$29.95] but found [$29.85],
expected [$54.53] but found [$17.21],
expected [$833.48] but found [$263.03],
expected [$377.40] but found [$215.97],
expected [$29.95] but found [$29.85],
expected [$54.53] but found [$17.21],
expected [$833.48] but found [$263.03]
at org.testng.asserts.SoftAssert.assertAll(SoftAssert.java:47)
at org.testng.asserts.SoftAssert.assertAll(SoftAssert.java:31)
at agi.qa.airdoctor.tests.ADFiltersOrderFlowTest.placeOrder(ADFiltersOrderFlowTest.java:77)
at java.base/jdk.internal.reflect.NativeMethodAccessorImpl.invoke0(Native Method)
at java.base/jdk.internal.reflect.NativeMethodAccessorImpl.invoke(NativeMethodAccessorImpl.java:77)
at java.base/jdk.internal.reflect.DelegatingMethodAccessorImpl.invoke(DelegatingMethodAccessorImpl.java:43)
at java.base/java.lang.reflect.Method.invoke(Method.java:568)
at org.testng.internal.MethodInvocationHelper.invokeMethod(MethodInvocationHelper.java:133)
at org.testng.internal.TestInvoker.invokeMethod(TestInvoker.java:584)
at org.testng.internal.TestInvoker.invokeTestMethod(TestInvoker.java:172)
at org.testng.internal.MethodRunner.runInSequence(MethodRunner.java:46)
at org.testng.internal.TestInvoker$MethodInvocationAgent.invoke(TestInvoker.java:804)
at org.testng.internal.TestInvoker.invokeTestMethods(TestInvoker.java:145)
at org.testng.internal.TestMethodWorker.invokeTestMethods(TestMethodWorker.java:146)
at org.testng.internal.TestMethodWorker.run(TestMethodWorker.java:128)
at java.base/java.util.ArrayList.forEach(ArrayList.java:1511)
at org.testng.TestRunner.privateRun(TestRunner.java:770)
at org.testng.TestRunner.run(TestRunner.java:591)
at org.testng.SuiteRunner.runTest(SuiteRunner.java:402)
at org.testng.SuiteRunner.runSequentially(SuiteRunner.java:396)
at org.testng.SuiteRunner.privateRun(SuiteRunner.java:355)
at org.testng.SuiteRunner.run(SuiteRunner.java:304)
at org.testng.SuiteRunnerWorker.runSuite(SuiteRunnerWorker.java:53)
at org.testng.SuiteRunnerWorker.run(SuiteRunnerWorker.java:96)
at org.testng.TestNG.runSuitesSequentially(TestNG.java:1180)
at org.testng.TestNG.runSuitesLocally(TestNG.java:1102)
at org.testng.TestNG.runSuites(TestNG.java:1032)
at org.testng.TestNG.run(TestNG.java:1000)
at org.testng.remote.AbstractRemoteTestNG.run(AbstractRemoteTestNG.java:115)
at org.testng.remote.RemoteTestNG.initAndRun(RemoteTestNG.java:251)
at org.testng.remote.RemoteTestNG.main(RemoteTestNG.java:77)
]]>
            </full-stacktrace>
          </exception> <!-- java.lang.AssertionError -->
          <reporter-output>
          </reporter-output>
        </test-method> <!-- placeOrder -->
        <test-method signature="placeOrder(org.testng.ITestContext, java.lang.String, java.lang.String, java.lang.String, java.lang.String, java.lang.String, java.lang.String, java.lang.String, java.lang.String, java.lang.String, java.lang.String, java.lang.String, java.lang.String, java.lang.String, java.lang.String, java.lang.String, java.lang.String, java.lang.String, java.lang.String, java.lang.String, java.lang.String)[pri:0, instance:agi.qa.airdoctor.tests.ADFiltersOrderFlowTest@7e7743ec]" started-at="2024-08-08T01:58:24 IST" name="placeOrder" data-provider="getDataFromExcel" finished-at="2024-08-08T02:00:24 IST" duration-ms="120825" status="FAIL">
          <params>
            <param index="0">
              <value>
                <![CDATA[org.testng.TestRunner@493489dd]]>
              </value>
            </param>
            <param index="1">
              <value>
                <![CDATA[AD3500filtercombo]]>
              </value>
            </param>
            <param index="2">
              <value>
                <![CDATA[1]]>
              </value>
            </param>
            <param index="3">
              <value>
                <![CDATA[gasftesting2@gmail.com]]>
              </value>
            </param>
            <param index="4">
              <value>
                <![CDATA[Mridul]]>
              </value>
            </param>
            <param index="5">
              <value>
                <![CDATA[Vashistha]]>
              </value>
            </param>
            <param index="6">
              <value>
                <![CDATA[10000 Beach Club Dr]]>
              </value>
            </param>
            <param index="7">
              <value>
                <![CDATA[]]>
              </value>
            </param>
            <param index="8">
              <value>
                <![CDATA[Myrtle Beach]]>
              </value>
            </param>
            <param index="9">
              <value>
                <![CDATA[South Carolina]]>
              </value>
            </param>
            <param index="10">
              <value>
                <![CDATA[29572]]>
              </value>
            </param>
            <param index="11">
              <value>
                <![CDATA[83455666377]]>
              </value>
            </param>
            <param index="12">
              <value>
                <![CDATA[]]>
              </value>
            </param>
            <param index="13">
              <value>
                <![CDATA[$152.99]]>
              </value>
            </param>
            <param index="14">
              <value>
                <![CDATA[$9.95]]>
              </value>
            </param>
            <param index="15">
              <value>
                <![CDATA[$13.16]]>
              </value>
            </param>
            <param index="16">
              <value>
                <![CDATA[$176.39]]>
              </value>
            </param>
            <param index="17">
              <value>
                <![CDATA[$152.99]]>
              </value>
            </param>
            <param index="18">
              <value>
                <![CDATA[$9.95]]>
              </value>
            </param>
            <param index="19">
              <value>
                <![CDATA[$13.16]]>
              </value>
            </param>
            <param index="20">
              <value>
                <![CDATA[$176.39]]>
              </value>
            </param>
          </params>
          <exception class="java.lang.AssertionError">
            <message>
              <![CDATA[The following asserts failed:
expected [$152.99] but found [$137.69],
expected [$13.16] but found [$11.82],
expected [$176.39] but found [$159.46],
expected [$152.99] but found [$137.69],
expected [$13.16] but found [$11.82],
expected [$176.39] but found [$159.46]]]>
            </message>
            <full-stacktrace>
              <![CDATA[java.lang.AssertionError: The following asserts failed:
expected [$152.99] but found [$137.69],
expected [$13.16] but found [$11.82],
expected [$176.39] but found [$159.46],
expected [$152.99] but found [$137.69],
expected [$13.16] but found [$11.82],
expected [$176.39] but found [$159.46]
at org.testng.asserts.SoftAssert.assertAll(SoftAssert.java:47)
at org.testng.asserts.SoftAssert.assertAll(SoftAssert.java:31)
at agi.qa.airdoctor.tests.ADFiltersOrderFlowTest.placeOrder(ADFiltersOrderFlowTest.java:77)
at java.base/jdk.internal.reflect.NativeMethodAccessorImpl.invoke0(Native Method)
at java.base/jdk.internal.reflect.NativeMethodAccessorImpl.invoke(NativeMethodAccessorImpl.java:77)
at java.base/jdk.internal.reflect.DelegatingMethodAccessorImpl.invoke(DelegatingMethodAccessorImpl.java:43)
at java.base/java.lang.reflect.Method.invoke(Method.java:568)
at org.testng.internal.MethodInvocationHelper.invokeMethod(MethodInvocationHelper.java:133)
at org.testng.internal.TestInvoker.invokeMethod(TestInvoker.java:584)
at org.testng.internal.TestInvoker.invokeTestMethod(TestInvoker.java:172)
at org.testng.internal.MethodRunner.runInSequence(MethodRunner.java:46)
at org.testng.internal.TestInvoker$MethodInvocationAgent.invoke(TestInvoker.java:804)
at org.testng.internal.TestInvoker.invokeTestMethods(TestInvoker.java:145)
at org.testng.internal.TestMethodWorker.invokeTestMethods(TestMethodWorker.java:146)
at org.testng.internal.TestMethodWorker.run(TestMethodWorker.java:128)
at java.base/java.util.ArrayList.forEach(ArrayList.java:1511)
at org.testng.TestRunner.privateRun(TestRunner.java:770)
at org.testng.TestRunner.run(TestRunner.java:591)
at org.testng.SuiteRunner.runTest(SuiteRunner.java:402)
at org.testng.SuiteRunner.runSequentially(SuiteRunner.java:396)
at org.testng.SuiteRunner.privateRun(SuiteRunner.java:355)
at org.testng.SuiteRunner.run(SuiteRunner.java:304)
at org.testng.SuiteRunnerWorker.runSuite(SuiteRunnerWorker.java:53)
at org.testng.SuiteRunnerWorker.run(SuiteRunnerWorker.java:96)
at org.testng.TestNG.runSuitesSequentially(TestNG.java:1180)
at org.testng.TestNG.runSuitesLocally(TestNG.java:1102)
at org.testng.TestNG.runSuites(TestNG.java:1032)
at org.testng.TestNG.run(TestNG.java:1000)
at org.testng.remote.AbstractRemoteTestNG.run(AbstractRemoteTestNG.java:115)
at org.testng.remote.RemoteTestNG.initAndRun(RemoteTestNG.java:251)
at org.testng.remote.RemoteTestNG.main(RemoteTestNG.java:77)
]]>
            </full-stacktrace>
          </exception> <!-- java.lang.AssertionError -->
          <reporter-output>
          </reporter-output>
        </test-method> <!-- placeOrder -->
        <test-method signature="placeOrder(org.testng.ITestContext, java.lang.String, java.lang.String, java.lang.String, java.lang.String, java.lang.String, java.lang.String, java.lang.String, java.lang.String, java.lang.String, java.lang.String, java.lang.String, java.lang.String, java.lang.String, java.lang.String, java.lang.String, java.lang.String, java.lang.String, java.lang.String, java.lang.String, java.lang.String)[pri:0, instance:agi.qa.airdoctor.tests.ADFiltersOrderFlowTest@7e7743ec]" started-at="2024-08-08T02:00:24 IST" name="placeOrder" data-provider="getDataFromExcel" finished-at="2024-08-08T02:02:35 IST" duration-ms="130167" status="FAIL">
          <params>
            <param index="0">
              <value>
                <![CDATA[org.testng.TestRunner@493489dd]]>
              </value>
            </param>
            <param index="1">
              <value>
                <![CDATA[AD3500hepafilter]]>
              </value>
            </param>
            <param index="2">
              <value>
                <![CDATA[2]]>
              </value>
            </param>
            <param index="3">
              <value>
                <![CDATA[gasftesting2@gmail.com]]>
              </value>
            </param>
            <param index="4">
              <value>
                <![CDATA[Mridul]]>
              </value>
            </param>
            <param index="5">
              <value>
                <![CDATA[Vashistha]]>
              </value>
            </param>
            <param index="6">
              <value>
                <![CDATA[1416 N Elk Vale Rd]]>
              </value>
            </param>
            <param index="7">
              <value>
                <![CDATA[]]>
              </value>
            </param>
            <param index="8">
              <value>
                <![CDATA[Box Elder]]>
              </value>
            </param>
            <param index="9">
              <value>
                <![CDATA[South Dakota]]>
              </value>
            </param>
            <param index="10">
              <value>
                <![CDATA[57703]]>
              </value>
            </param>
            <param index="11">
              <value>
                <![CDATA[83455666377]]>
              </value>
            </param>
            <param index="12">
              <value>
                <![CDATA[]]>
              </value>
            </param>
            <param index="13">
              <value>
                <![CDATA[$377.40]]>
              </value>
            </param>
            <param index="14">
              <value>
                <![CDATA[Free Shipping]]>
              </value>
            </param>
            <param index="15">
              <value>
                <![CDATA[$0.00]]>
              </value>
            </param>
            <param index="16">
              <value>
                <![CDATA[$679.00]]>
              </value>
            </param>
            <param index="17">
              <value>
                <![CDATA[$377.40]]>
              </value>
            </param>
            <param index="18">
              <value>
                <![CDATA[Free Shipping]]>
              </value>
            </param>
            <param index="19">
              <value>
                <![CDATA[$0.00]]>
              </value>
            </param>
            <param index="20">
              <value>
                <![CDATA[$679.00]]>
              </value>
            </param>
          </params>
          <exception class="java.lang.AssertionError">
            <message>
              <![CDATA[The following asserts failed:
expected [$377.40] but found [$107.92],
expected [Free Shipping] but found [$19.90],
expected [$0.00] but found [$7.93],
expected [$679.00] but found [$135.75],
expected [$377.40] but found [$107.92],
expected [Free Shipping] but found [$19.90],
expected [$0.00] but found [$7.93],
expected [$679.00] but found [$135.75]]]>
            </message>
            <full-stacktrace>
              <![CDATA[java.lang.AssertionError: The following asserts failed:
expected [$377.40] but found [$107.92],
expected [Free Shipping] but found [$19.90],
expected [$0.00] but found [$7.93],
expected [$679.00] but found [$135.75],
expected [$377.40] but found [$107.92],
expected [Free Shipping] but found [$19.90],
expected [$0.00] but found [$7.93],
expected [$679.00] but found [$135.75]
at org.testng.asserts.SoftAssert.assertAll(SoftAssert.java:47)
at org.testng.asserts.SoftAssert.assertAll(SoftAssert.java:31)
at agi.qa.airdoctor.tests.ADFiltersOrderFlowTest.placeOrder(ADFiltersOrderFlowTest.java:77)
at java.base/jdk.internal.reflect.NativeMethodAccessorImpl.invoke0(Native Method)
at java.base/jdk.internal.reflect.NativeMethodAccessorImpl.invoke(NativeMethodAccessorImpl.java:77)
at java.base/jdk.internal.reflect.DelegatingMethodAccessorImpl.invoke(DelegatingMethodAccessorImpl.java:43)
at java.base/java.lang.reflect.Method.invoke(Method.java:568)
at org.testng.internal.MethodInvocationHelper.invokeMethod(MethodInvocationHelper.java:133)
at org.testng.internal.TestInvoker.invokeMethod(TestInvoker.java:584)
at org.testng.internal.TestInvoker.invokeTestMethod(TestInvoker.java:172)
at org.testng.internal.MethodRunner.runInSequence(MethodRunner.java:46)
at org.testng.internal.TestInvoker$MethodInvocationAgent.invoke(TestInvoker.java:804)
at org.testng.internal.TestInvoker.invokeTestMethods(TestInvoker.java:145)
at org.testng.internal.TestMethodWorker.invokeTestMethods(TestMethodWorker.java:146)
at org.testng.internal.TestMethodWorker.run(TestMethodWorker.java:128)
at java.base/java.util.ArrayList.forEach(ArrayList.java:1511)
at org.testng.TestRunner.privateRun(TestRunner.java:770)
at org.testng.TestRunner.run(TestRunner.java:591)
at org.testng.SuiteRunner.runTest(SuiteRunner.java:402)
at org.testng.SuiteRunner.runSequentially(SuiteRunner.java:396)
at org.testng.SuiteRunner.privateRun(SuiteRunner.java:355)
at org.testng.SuiteRunner.run(SuiteRunner.java:304)
at org.testng.SuiteRunnerWorker.runSuite(SuiteRunnerWorker.java:53)
at org.testng.SuiteRunnerWorker.run(SuiteRunnerWorker.java:96)
at org.testng.TestNG.runSuitesSequentially(TestNG.java:1180)
at org.testng.TestNG.runSuitesLocally(TestNG.java:1102)
at org.testng.TestNG.runSuites(TestNG.java:1032)
at org.testng.TestNG.run(TestNG.java:1000)
at org.testng.remote.AbstractRemoteTestNG.run(AbstractRemoteTestNG.java:115)
at org.testng.remote.RemoteTestNG.initAndRun(RemoteTestNG.java:251)
at org.testng.remote.RemoteTestNG.main(RemoteTestNG.java:77)
]]>
            </full-stacktrace>
          </exception> <!-- java.lang.AssertionError -->
          <reporter-output>
          </reporter-output>
        </test-method> <!-- placeOrder -->
        <test-method signature="placeOrder(org.testng.ITestContext, java.lang.String, java.lang.String, java.lang.String, java.lang.String, java.lang.String, java.lang.String, java.lang.String, java.lang.String, java.lang.String, java.lang.String, java.lang.String, java.lang.String, java.lang.String, java.lang.String, java.lang.String, java.lang.String, java.lang.String, java.lang.String, java.lang.String, java.lang.String)[pri:0, instance:agi.qa.airdoctor.tests.ADFiltersOrderFlowTest@7e7743ec]" started-at="2024-08-08T02:02:35 IST" name="placeOrder" data-provider="getDataFromExcel" finished-at="2024-08-08T02:04:39 IST" duration-ms="124096" status="FAIL">
          <params>
            <param index="0">
              <value>
                <![CDATA[org.testng.TestRunner@493489dd]]>
              </value>
            </param>
            <param index="1">
              <value>
                <![CDATA[AD3500carbonreplacementfilter]]>
              </value>
            </param>
            <param index="2">
              <value>
                <![CDATA[2]]>
              </value>
            </param>
            <param index="3">
              <value>
                <![CDATA[gasftesting2@gmail.com]]>
              </value>
            </param>
            <param index="4">
              <value>
                <![CDATA[Mridul]]>
              </value>
            </param>
            <param index="5">
              <value>
                <![CDATA[Vashistha]]>
              </value>
            </param>
            <param index="6">
              <value>
                <![CDATA[3423 Percy Priest Dr]]>
              </value>
            </param>
            <param index="7">
              <value>
                <![CDATA[]]>
              </value>
            </param>
            <param index="8">
              <value>
                <![CDATA[Nashville]]>
              </value>
            </param>
            <param index="9">
              <value>
                <![CDATA[Tennessee]]>
              </value>
            </param>
            <param index="10">
              <value>
                <![CDATA[37214]]>
              </value>
            </param>
            <param index="11">
              <value>
                <![CDATA[83455666377]]>
              </value>
            </param>
            <param index="12">
              <value>
                <![CDATA[]]>
              </value>
            </param>
            <param index="13">
              <value>
                <![CDATA[$377.40]]>
              </value>
            </param>
            <param index="14">
              <value>
                <![CDATA[$29.95]]>
              </value>
            </param>
            <param index="15">
              <value>
                <![CDATA[$54.53]]>
              </value>
            </param>
            <param index="16">
              <value>
                <![CDATA[$833.48]]>
              </value>
            </param>
            <param index="17">
              <value>
                <![CDATA[$377.40]]>
              </value>
            </param>
            <param index="18">
              <value>
                <![CDATA[$29.95]]>
              </value>
            </param>
            <param index="19">
              <value>
                <![CDATA[$54.53]]>
              </value>
            </param>
            <param index="20">
              <value>
                <![CDATA[$833.48]]>
              </value>
            </param>
          </params>
          <exception class="java.lang.AssertionError">
            <message>
              <![CDATA[The following asserts failed:
expected [$377.40] but found [$107.92],
expected [$29.95] but found [$19.90],
expected [$54.53] but found [$11.82],
expected [$833.48] but found [$139.64],
expected [$377.40] but found [$107.92],
expected [$29.95] but found [$19.90],
expected [$54.53] but found [$11.82],
expected [$833.48] but found [$139.64]]]>
            </message>
            <full-stacktrace>
              <![CDATA[java.lang.AssertionError: The following asserts failed:
expected [$377.40] but found [$107.92],
expected [$29.95] but found [$19.90],
expected [$54.53] but found [$11.82],
expected [$833.48] but found [$139.64],
expected [$377.40] but found [$107.92],
expected [$29.95] but found [$19.90],
expected [$54.53] but found [$11.82],
expected [$833.48] but found [$139.64]
at org.testng.asserts.SoftAssert.assertAll(SoftAssert.java:47)
at org.testng.asserts.SoftAssert.assertAll(SoftAssert.java:31)
at agi.qa.airdoctor.tests.ADFiltersOrderFlowTest.placeOrder(ADFiltersOrderFlowTest.java:77)
at java.base/jdk.internal.reflect.NativeMethodAccessorImpl.invoke0(Native Method)
at java.base/jdk.internal.reflect.NativeMethodAccessorImpl.invoke(NativeMethodAccessorImpl.java:77)
at java.base/jdk.internal.reflect.DelegatingMethodAccessorImpl.invoke(DelegatingMethodAccessorImpl.java:43)
at java.base/java.lang.reflect.Method.invoke(Method.java:568)
at org.testng.internal.MethodInvocationHelper.invokeMethod(MethodInvocationHelper.java:133)
at org.testng.internal.TestInvoker.invokeMethod(TestInvoker.java:584)
at org.testng.internal.TestInvoker.invokeTestMethod(TestInvoker.java:172)
at org.testng.internal.MethodRunner.runInSequence(MethodRunner.java:46)
at org.testng.internal.TestInvoker$MethodInvocationAgent.invoke(TestInvoker.java:804)
at org.testng.internal.TestInvoker.invokeTestMethods(TestInvoker.java:145)
at org.testng.internal.TestMethodWorker.invokeTestMethods(TestMethodWorker.java:146)
at org.testng.internal.TestMethodWorker.run(TestMethodWorker.java:128)
at java.base/java.util.ArrayList.forEach(ArrayList.java:1511)
at org.testng.TestRunner.privateRun(TestRunner.java:770)
at org.testng.TestRunner.run(TestRunner.java:591)
at org.testng.SuiteRunner.runTest(SuiteRunner.java:402)
at org.testng.SuiteRunner.runSequentially(SuiteRunner.java:396)
at org.testng.SuiteRunner.privateRun(SuiteRunner.java:355)
at org.testng.SuiteRunner.run(SuiteRunner.java:304)
at org.testng.SuiteRunnerWorker.runSuite(SuiteRunnerWorker.java:53)
at org.testng.SuiteRunnerWorker.run(SuiteRunnerWorker.java:96)
at org.testng.TestNG.runSuitesSequentially(TestNG.java:1180)
at org.testng.TestNG.runSuitesLocally(TestNG.java:1102)
at org.testng.TestNG.runSuites(TestNG.java:1032)
at org.testng.TestNG.run(TestNG.java:1000)
at org.testng.remote.AbstractRemoteTestNG.run(AbstractRemoteTestNG.java:115)
at org.testng.remote.RemoteTestNG.initAndRun(RemoteTestNG.java:251)
at org.testng.remote.RemoteTestNG.main(RemoteTestNG.java:77)
]]>
            </full-stacktrace>
          </exception> <!-- java.lang.AssertionError -->
          <reporter-output>
          </reporter-output>
        </test-method> <!-- placeOrder -->
        <test-method signature="placeOrder(org.testng.ITestContext, java.lang.String, java.lang.String, java.lang.String, java.lang.String, java.lang.String, java.lang.String, java.lang.String, java.lang.String, java.lang.String, java.lang.String, java.lang.String, java.lang.String, java.lang.String, java.lang.String, java.lang.String, java.lang.String, java.lang.String, java.lang.String, java.lang.String, java.lang.String)[pri:0, instance:agi.qa.airdoctor.tests.ADFiltersOrderFlowTest@7e7743ec]" started-at="2024-08-08T02:04:39 IST" name="placeOrder" data-provider="getDataFromExcel" finished-at="2024-08-08T02:06:45 IST" duration-ms="125840" status="FAIL">
          <params>
            <param index="0">
              <value>
                <![CDATA[org.testng.TestRunner@493489dd]]>
              </value>
            </param>
            <param index="1">
              <value>
                <![CDATA[AD3500prereplacementfilter]]>
              </value>
            </param>
            <param index="2">
              <value>
                <![CDATA[1]]>
              </value>
            </param>
            <param index="3">
              <value>
                <![CDATA[gasftesting2@gmail.com]]>
              </value>
            </param>
            <param index="4">
              <value>
                <![CDATA[Mridul]]>
              </value>
            </param>
            <param index="5">
              <value>
                <![CDATA[Vashistha]]>
              </value>
            </param>
            <param index="6">
              <value>
                <![CDATA[2222 W Loop S]]>
              </value>
            </param>
            <param index="7">
              <value>
                <![CDATA[]]>
              </value>
            </param>
            <param index="8">
              <value>
                <![CDATA[Houston]]>
              </value>
            </param>
            <param index="9">
              <value>
                <![CDATA[Texas]]>
              </value>
            </param>
            <param index="10">
              <value>
                <![CDATA[77027]]>
              </value>
            </param>
            <param index="11">
              <value>
                <![CDATA[83455666377]]>
              </value>
            </param>
            <param index="12">
              <value>
                <![CDATA[]]>
              </value>
            </param>
            <param index="13">
              <value>
                <![CDATA[$152.99]]>
              </value>
            </param>
            <param index="14">
              <value>
                <![CDATA[$9.95]]>
              </value>
            </param>
            <param index="15">
              <value>
                <![CDATA[$13.16]]>
              </value>
            </param>
            <param index="16">
              <value>
                <![CDATA[$176.39]]>
              </value>
            </param>
            <param index="17">
              <value>
                <![CDATA[$152.99]]>
              </value>
            </param>
            <param index="18">
              <value>
                <![CDATA[$9.95]]>
              </value>
            </param>
            <param index="19">
              <value>
                <![CDATA[$13.16]]>
              </value>
            </param>
            <param index="20">
              <value>
                <![CDATA[$176.39]]>
              </value>
            </param>
          </params>
          <exception class="java.lang.AssertionError">
            <message>
              <![CDATA[The following asserts failed:
expected [$152.99] but found [$17.96],
expected [$13.16] but found [$2.30],
expected [$176.39] but found [$30.21],
expected [$152.99] but found [$17.96],
expected [$13.16] but found [$2.30],
expected [$176.39] but found [$30.21]]]>
            </message>
            <full-stacktrace>
              <![CDATA[java.lang.AssertionError: The following asserts failed:
expected [$152.99] but found [$17.96],
expected [$13.16] but found [$2.30],
expected [$176.39] but found [$30.21],
expected [$152.99] but found [$17.96],
expected [$13.16] but found [$2.30],
expected [$176.39] but found [$30.21]
at org.testng.asserts.SoftAssert.assertAll(SoftAssert.java:47)
at org.testng.asserts.SoftAssert.assertAll(SoftAssert.java:31)
at agi.qa.airdoctor.tests.ADFiltersOrderFlowTest.placeOrder(ADFiltersOrderFlowTest.java:77)
at java.base/jdk.internal.reflect.NativeMethodAccessorImpl.invoke0(Native Method)
at java.base/jdk.internal.reflect.NativeMethodAccessorImpl.invoke(NativeMethodAccessorImpl.java:77)
at java.base/jdk.internal.reflect.DelegatingMethodAccessorImpl.invoke(DelegatingMethodAccessorImpl.java:43)
at java.base/java.lang.reflect.Method.invoke(Method.java:568)
at org.testng.internal.MethodInvocationHelper.invokeMethod(MethodInvocationHelper.java:133)
at org.testng.internal.TestInvoker.invokeMethod(TestInvoker.java:584)
at org.testng.internal.TestInvoker.invokeTestMethod(TestInvoker.java:172)
at org.testng.internal.MethodRunner.runInSequence(MethodRunner.java:46)
at org.testng.internal.TestInvoker$MethodInvocationAgent.invoke(TestInvoker.java:804)
[...]
          <params>
            <param index="0">
              <value>
                <![CDATA[org.testng.TestRunner@493489dd]]>
              </value>
            </param>
            <param index="1">
              <value>
                <![CDATA[AD5500prereplacementfilter]]>
              </value>
            </param>
            <param index="2">
              <value>
                <![CDATA[2]]>
              </value>
            </param>
            <param index="3">
              <value>
                <![CDATA[gasftesting2@gmail.com]]>
              </value>
            </param>
            <param index="4">
              <value>
                <![CDATA[Mridul]]>
              </value>
            </param>
            <param index="5">
              <value>
                <![CDATA[Vashistha]]>
              </value>
            </param>
            <param index="6">
              <value>
                <![CDATA[10000 Beach Club Dr]]>
              </value>
            </param>
            <param index="7">
              <value>
                <![CDATA[]]>
              </value>
            </param>
            <param index="8">
              <value>
                <![CDATA[Myrtle Beach]]>
              </value>
            </param>
            <param index="9">
              <value>
                <![CDATA[South Carolina]]>
              </value>
            </param>
            <param index="10">
              <value>
                <![CDATA[29572]]>
              </value>
            </param>
            <param index="11">
              <value>
                <![CDATA[83455666377]]>
              </value>
            </param>
            <param index="12">
              <value>
                <![CDATA[]]>
              </value>
            </param>
            <param index="13">
              <value>
                <![CDATA[$152.99]]>
              </value>
            </param>
            <param index="14">
              <value>
                <![CDATA[$9.95]]>
              </value>
            </param>
            <param index="15">
              <value>
                <![CDATA[$13.16]]>
              </value>
            </param>
            <param index="16">
              <value>
                <![CDATA[$176.39]]>
              </value>
            </param>
            <param index="17">
              <value>
                <![CDATA[$152.99]]>
              </value>
            </param>
            <param index="18">
              <value>
                <![CDATA[$9.95]]>
              </value>
            </param>
            <param index="19">
              <value>
                <![CDATA[$13.16]]>
              </value>
            </param>
            <param index="20">
              <value>
                <![CDATA[$176.39]]>
              </value>
            </param>
          </params>
          <exception class="java.lang.NullPointerException">
            <message>
              <![CDATA[Cannot invoke "org.openqa.selenium.WebElement.getText()" because the return value of "agi.qa.airdoctor.utils.ElementUtil.getElement(org.openqa.selenium.By)" is null]]>
            </message>
            <full-stacktrace>
              <![CDATA[java.lang.NullPointerException: Cannot invoke "org.openqa.selenium.WebElement.getText()" because the return value of "agi.qa.airdoctor.utils.ElementUtil.getElement(org.openqa.selenium.By)" is null
at agi.qa.airdoctor.pages.ADFiltersOrderFlowPage.getpreorderdetails(ADFiltersOrderFlowPage.java:695)
at agi.qa.airdoctor.tests.ADFiltersOrderFlowTest.placeOrder(ADFiltersOrderFlowTest.java:50)
at jdk.internal.reflect.GeneratedMethodAccessor34.invoke(Unknown Source)
at java.base/jdk.internal.reflect.DelegatingMethodAccessorImpl.invoke(DelegatingMethodAccessorImpl.java:43)
at java.base/java.lang.reflect.Method.invoke(Method.java:568)
at org.testng.internal.MethodInvocationHelper.invokeMethod(MethodInvocationHelper.java:133)
at org.testng.internal.TestInvoker.invokeMethod(TestInvoker.java:584)
at org.testng.internal.TestInvoker.invokeTestMethod(TestInvoker.java:172)
at org.testng.internal.MethodRunner.runInSequence(MethodRunner.java:46)
at org.testng.internal.TestInvoker$MethodInvocationAgent.invoke(TestInvoker.java:804)
at org.testng.internal.TestInvoker.invokeTestMethods(TestInvoker.java:145)
at org.testng.internal.TestMethodWorker.invokeTestMethods(TestMethodWorker.java:146)
at org.testng.internal.TestMethodWorker.run(TestMethodWorker.java:128)
at java.base/java.util.ArrayList.forEach(ArrayList.java:1511)
at org.testng.TestRunner.privateRun(TestRunner.java:770)
at org.testng.TestRunner.run(TestRunner.java:591)
at org.testng.SuiteRunner.runTest(SuiteRunner.java:402)
at org.testng.SuiteRunner.runSequentially(SuiteRunner.java:396)
at org.testng.SuiteRunner.privateRun(SuiteRunner.java:355)
at org.testng.SuiteRunner.run(SuiteRunner.java:304)
at org.testng.SuiteRunnerWorker.runSuite(SuiteRunnerWorker.java:53)
at org.testng.SuiteRunnerWorker.run(SuiteRunnerWorker.java:96)
at org.testng.TestNG.runSuitesSequentially(TestNG.java:1180)
at org.testng.TestNG.runSuitesLocally(TestNG.java:1102)
at org.testng.TestNG.runSuites(TestNG.java:1032)
at org.testng.TestNG.run(TestNG.java:1000)
at org.testng.remote.AbstractRemoteTestNG.run(AbstractRemoteTestNG.java:115)
at org.testng.remote.RemoteTestNG.initAndRun(RemoteTestNG.java:251)
at org.testng.remote.RemoteTestNG.main(RemoteTestNG.java:77)
]]>
            </full-stacktrace>
          </exception> <!-- java.lang.NullPointerException -->
          <reporter-output>
          </reporter-output>
        </test-method> <!-- placeOrder -->
        <test-method signature="placeOrder(org.testng.ITestContext, java.lang.String, java.lang.String, java.lang.String, java.lang.String, java.lang.String, java.lang.String, java.lang.String, java.lang.String, java.lang.String, java.lang.String, java.lang.String, java.lang.String, java.lang.String, java.lang.String, java.lang.String, java.lang.String, java.lang.String, java.lang.String, java.lang.String, java.lang.String)[pri:0, instance:agi.qa.airdoctor.tests.ADFiltersOrderFlowTest@7e7743ec]" started-at="2024-08-08T02:48:23 IST" name="placeOrder" data-provider="getDataFromExcel" finished-at="2024-08-08T02:50:25 IST" duration-ms="122025" status="FAIL">
          <params>
            <param index="0">
              <value>
                <![CDATA[org.testng.TestRunner@493489dd]]>
              </value>
            </param>
            <param index="1">
              <value>
                <![CDATA[AD1000filter]]>
              </value>
            </param>
            <param index="2">
              <value>
                <![CDATA[1]]>
              </value>
            </param>
            <param index="3">
              <value>
                <![CDATA[gasftesting2@gmail.com]]>
              </value>
            </param>
            <param index="4">
              <value>
                <![CDATA[Mridul]]>
              </value>
            </param>
            <param index="5">
              <value>
                <![CDATA[Vashistha]]>
              </value>
            </param>
            <param index="6">
              <value>
                <![CDATA[1416 N Elk Vale Rd]]>
              </value>
            </param>
            <param index="7">
              <value>
                <![CDATA[]]>
              </value>
            </param>
            <param index="8">
              <value>
                <![CDATA[Box Elder]]>
              </value>
            </param>
            <param index="9">
              <value>
                <![CDATA[South Dakota]]>
              </value>
            </param>
            <param index="10">
              <value>
                <![CDATA[57703]]>
              </value>
            </param>
            <param index="11">
              <value>
                <![CDATA[83455666377]]>
              </value>
            </param>
            <param index="12">
              <value>
                <![CDATA[]]>
              </value>
            </param>
            <param index="13">
              <value>
                <![CDATA[$377.40]]>
              </value>
            </param>
            <param index="14">
              <value>
                <![CDATA[Free Shipping]]>
              </value>
            </param>
            <param index="15">
              <value>
                <![CDATA[$0.00]]>
              </value>
            </param>
            <param index="16">
              <value>
                <![CDATA[$679.00]]>
              </value>
            </param>
            <param index="17">
              <value>
                <![CDATA[$377.40]]>
              </value>
            </param>
            <param index="18">
              <value>
                <![CDATA[Free Shipping]]>
              </value>
            </param>
            <param index="19">
              <value>
                <![CDATA[$0.00]]>
              </value>
            </param>
            <param index="20">
              <value>
                <![CDATA[$679.00]]>
              </value>
            </param>
          </params>
          <exception class="java.lang.AssertionError">
            <message>
              <![CDATA[The following asserts failed:
expected [$377.40] but found [$71.99],
expected [Free Shipping] but found [$9.95],
expected [$0.00] but found [$5.08],
expected [$679.00] but found [$87.02],
expected [$377.40] but found [$71.99],
expected [Free Shipping] but found [$9.95],
expected [$0.00] but found [$5.08],
expected [$679.00] but found [$87.02]]]>
            </message>
            <full-stacktrace>
              <![CDATA[java.lang.AssertionError: The following asserts failed:
expected [$377.40] but found [$71.99],
expected [Free Shipping] but found [$9.95],
expected [$0.00] but found [$5.08],
expected [$679.00] but found [$87.02],
expected [$377.40] but found [$71.99],
expected [Free Shipping] but found [$9.95],
expected [$0.00] but found [$5.08],
expected [$679.00] but found [$87.02]
at org.testng.asserts.SoftAssert.assertAll(SoftAssert.java:47)
at org.testng.asserts.SoftAssert.assertAll(SoftAssert.java:31)
at agi.qa.airdoctor.tests.ADFiltersOrderFlowTest.placeOrder(ADFiltersOrderFlowTest.java:77)
at jdk.internal.reflect.GeneratedMethodAccessor34.invoke(Unknown Source)
at java.base/jdk.internal.reflect.DelegatingMethodAccessorImpl.invoke(DelegatingMethodAccessorImpl.java:43)
at java.base/java.lang.reflect.Method.invoke(Method.java:568)
at org.testng.internal.MethodInvocationHelper.invokeMethod(MethodInvocationHelper.java:133)
at org.testng.internal.TestInvoker.invokeMethod(TestInvoker.java:584)
at org.testng.internal.TestInvoker.invokeTestMethod(TestInvoker.java:172)
at org.testng.internal.MethodRunner.runInSequence(MethodRunner.java:46)
at org.testng.internal.TestInvoker$MethodInvocationAgent.invoke(TestInvoker.java:804)
at org.testng.internal.TestInvoker.invokeTestMethods(TestInvoker.java:145)
at org.testng.internal.TestMethodWorker.invokeTestMethods(TestMethodWorker.java:146)
at org.testng.internal.TestMethodWorker.run(TestMethodWorker.java:128)
at java.base/java.util.ArrayList.forEach(ArrayList.java:1511)
at org.testng.TestRunner.privateRun(TestRunner.java:770)
at org.testng.TestRunner.run(TestRunner.java:591)
at org.testng.SuiteRunner.runTest(SuiteRunner.java:402)
at org.testng.SuiteRunner.runSequentially(SuiteRunner.java:396)
at org.testng.SuiteRunner.privateRun(SuiteRunner.java:355)
at org.testng.SuiteRunner.run(SuiteRunner.java:304)
at org.testng.SuiteRunnerWorker.runSuite(SuiteRunnerWorker.java:53)
at org.testng.SuiteRunnerWorker.run(SuiteRunnerWorker.java:96)
at org.testng.TestNG.runSuitesSequentially(TestNG.java:1180)
at org.testng.TestNG.runSuitesLocally(TestNG.java:1102)
at org.testng.TestNG.runSuites(TestNG.java:1032)
at org.testng.TestNG.run(TestNG.java:1000)
at org.testng.remote.AbstractRemoteTestNG.run(AbstractRemoteTestNG.java:115)
at org.testng.remote.RemoteTestNG.initAndRun(RemoteTestNG.java:251)
at org.testng.remote.RemoteTestNG.main(RemoteTestNG.java:77)
]]>
            </full-stacktrace>
          </exception> <!-- java.lang.AssertionError -->
          <reporter-output>
          </reporter-output>
        </test-method> <!-- placeOrder -->
        <test-method signature="placeOrder(org.testng.ITestContext, java.lang.String, java.lang.String, java.lang.String, java.lang.String, java.lang.String, java.lang.String, java.lang.String, java.lang.String, java.lang.String, java.lang.String, java.lang.String, java.lang.String, java.lang.String, java.lang.String, java.lang.String, java.lang.String, java.lang.String, java.lang.String, java.lang.String, java.lang.String)[pri:0, instance:agi.qa.airdoctor.tests.ADFiltersOrderFlowTest@7e7743ec]" started-at="2024-08-08T02:50:25 IST" name="placeOrder" data-provider="getDataFromExcel" finished-at="2024-08-08T02:52:26 IST" duration-ms="120937" status="FAIL">
          <params>
            <param index="0">
              <value>
                <![CDATA[org.testng.TestRunner@493489dd]]>
              </value>
            </param>
            <param index="1">
              <value>
                <![CDATA[AD1000filter]]>
              </value>
            </param>
            <param index="2">
              <value>
                <![CDATA[1]]>
              </value>
            </param>
            <param index="3">
              <value>
                <![CDATA[gasftesting2@gmail.com]]>
              </value>
            </param>
            <param index="4">
              <value>
                <![CDATA[Mridul]]>
              </value>
            </param>
            <param index="5">
              <value>
                <![CDATA[Vashistha]]>
              </value>
            </param>
            <param index="6">
              <value>
                <![CDATA[3423 Percy Priest Dr]]>
              </value>
            </param>
            <param index="7">
              <value>
                <![CDATA[]]>
              </value>
            </param>
            <param index="8">
              <value>
                <![CDATA[Nashville]]>
              </value>
            </param>
            <param index="9">
              <value>
                <![CDATA[Tennessee]]>
              </value>
            </param>
            <param index="10">
              <value>
                <![CDATA[37214]]>
              </value>
            </param>
            <param index="11">
              <value>
                <![CDATA[83455666377]]>
              </value>
            </param>
            <param index="12">
              <value>
                <![CDATA[]]>
              </value>
            </param>
            <param index="13">
              <value>
                <![CDATA[$377.40]]>
              </value>
            </param>
            <param index="14">
              <value>
                <![CDATA[$29.95]]>
              </value>
            </param>
            <param index="15">
              <value>
                <![CDATA[$54.53]]>
              </value>
            </param>
            <param index="16">
              <value>
                <![CDATA[$833.48]]>
              </value>
            </param>
            <param index="17">
              <value>
                <![CDATA[$377.40]]>
              </value>
            </param>
            <param index="18">
              <value>
                <![CDATA[$29.95]]>
              </value>
            </param>
            <param index="19">
              <value>
                <![CDATA[$54.53]]>
              </value>
            </param>
            <param index="20">
              <value>
                <![CDATA[$833.48]]>
              </value>
            </param>
          </params>
          <exception class="java.lang.AssertionError">
            <message>
              <![CDATA[The following asserts failed:
expected [$377.40] but found [$71.99],
expected [$29.95] but found [$9.95],
expected [$54.53] but found [$7.58],
expected [$833.48] but found [$89.52],
expected [$377.40] but found [$71.99],
expected [$29.95] but found [$9.95],
expected [$54.53] but found [$7.58],
expected [$833.48] but found [$89.52]]]>
            </message>
            <full-stacktrace>
              <![CDATA[java.lang.AssertionError: The following asserts failed:
expected [$377.40] but found [$71.99],
expected [$29.95] but found [$9.95],
expected [$54.53] but found [$7.58],
expected [$833.48] but found [$89.52],
expected [$377.40] but found [$71.99],
expected [$29.95] but found [$9.95],
expected [$54.53] but found [$7.58],
expected [$833.48] but found [$89.52]
at org.testng.asserts.SoftAssert.assertAll(SoftAssert.java:47)
at org.testng.asserts.SoftAssert.assertAll(SoftAssert.java:31)
at agi.qa.airdoctor.tests.ADFiltersOrderFlowTest.placeOrder(ADFiltersOrderFlowTest.java:77)
at jdk.internal.reflect.GeneratedMethodAccessor34.invoke(Unknown Source)
at java.base/jdk.internal.reflect.DelegatingMethodAccessorImpl.invoke(DelegatingMethodAccessorImpl.java:43)
at java.base/java.lang.reflect.Method.invoke(Method.java:568)
at org.testng.internal.MethodInvocationHelper.invokeMethod(MethodInvocationHelper.java:133)
at org.testng.internal.TestInvoker.invokeMethod(TestInvoker.java:584)
at org.testng.internal.TestInvoker.invokeTestMethod(TestInvoker.java:172)
at org.testng.internal.MethodRunner.runInSequence(MethodRunner.java:46)
at org.testng.internal.TestInvoker$MethodInvocationAgent.invoke(TestInvoker.java:804)
at org.testng.internal.TestInvoker.invokeTestMethods(TestInvoker.java:145)
at org.testng.internal.TestMethodWorker.invokeTestMethods(TestMethodWorker.java:146)
at org.testng.internal.TestMethodWorker.run(TestMethodWorker.java:128)
at java.base/java.util.ArrayList.forEach(ArrayList.java:1511)
at org.testng.TestRunner.privateRun(TestRunner.java:770)
at org.testng.TestRunner.run(TestRunner.java:591)
at org.testng.SuiteRunner.runTest(SuiteRunner.java:402)
at org.testng.SuiteRunner.runSequentially(SuiteRunner.java:396)
at org.testng.SuiteRunner.privateRun(SuiteRunner.java:355)
at org.testng.SuiteRunner.run(SuiteRunner.java:304)
at org.testng.SuiteRunnerWorker.runSuite(SuiteRunnerWorker.java:53)
at org.testng.SuiteRunnerWorker.run(SuiteRunnerWorker.java:96)
at org.testng.TestNG.runSuitesSequentially(TestNG.java:1180)
at org.testng.TestNG.runSuitesLocally(TestNG.java:1102)
at org.testng.TestNG.runSuites(TestNG.java:1032)
at org.testng.TestNG.run(TestNG.java:1000)
at org.testng.remote.AbstractRemoteTestNG.run(AbstractRemoteTestNG.java:115)
at org.testng.remote.RemoteTestNG.initAndRun(RemoteTestNG.java:251)
at org.testng.remote.RemoteTestNG.main(RemoteTestNG.java:77)
]]>
            </full-stacktrace>
          </exception> <!-- java.lang.AssertionError -->
          <reporter-output>
          </reporter-output>
        </test-method> <!-- placeOrder -->
        <test-method is-config="true" signature="tearDown()[pri:0, instance:agi.qa.airdoctor.tests.ADFiltersOrderFlowTest@7e7743ec]" started-at="2024-08-08T02:52:26 IST" name="tearDown" finished-at="2024-08-08T02:52:26 IST" duration-ms="365" status="PASS">
          <reporter-output>
          </reporter-output>
        </test-method> <!-- tearDown -->
      </class> <!-- agi.qa.airdoctor.tests.ADFiltersOrderFlowTest -->
    </test> <!-- Default test -->
  </suite> <!-- Default suite -->
</testng-results>
